Log file open, 05/28/21 09:39:09
LogInit: Display: Running engine for game: Anny_
LogPlatformFile: Not using cached read wrapper
LogTaskGraph: Started task graph with 5 named threads and 11 total threads with 3 sets of task threads.
LogStats: Stats thread started at 6.346610
LogD3D11RHI: Loaded GFSDK_Aftermath_Lib.x64.dll
LogICUInternationalization: ICU TimeZone Detection - Raw Offset: -3:00, Platform Override: ''
LogPluginManager: Mounting plugin Paper2D
LogPluginManager: Mounting plugin AISupport
LogPluginManager: Mounting plugin LightPropagationVolume
LogPluginManager: Mounting plugin CameraShakePreviewer
LogPluginManager: Mounting plugin ActorLayerUtilities
LogPluginManager: Mounting plugin AnimationSharing
LogPluginManager: Mounting plugin CLionSourceCodeAccess
LogPluginManager: Mounting plugin CodeLiteSourceCodeAccess
LogPluginManager: Mounting plugin GitSourceControl
LogPluginManager: Mounting plugin KDevelopSourceCodeAccess
LogPluginManager: Mounting plugin NullSourceCodeAccess
LogPluginManager: Mounting plugin PerforceSourceControl
LogPluginManager: Mounting plugin PlasticSourceControl
LogPluginManager: Mounting plugin RiderSourceCodeAccess
LogPluginManager: Mounting plugin SubversionSourceControl
LogPluginManager: Mounting plugin UObjectPlugin
LogPluginManager: Mounting plugin VisualStudioCodeSourceCodeAccess
LogPluginManager: Mounting plugin VisualStudioSourceCodeAccess
LogPluginManager: Mounting plugin XCodeSourceCodeAccess
LogPluginManager: Mounting plugin AssetManagerEditor
LogPluginManager: Mounting plugin CryptoKeys
LogPluginManager: Mounting plugin CurveEditorTools
LogPluginManager: Mounting plugin DataValidation
LogPluginManager: Mounting plugin EditorScriptingUtilities
LogPluginManager: Mounting plugin FacialAnimation
LogPluginManager: Mounting plugin GameplayTagsEditor
LogPluginManager: Mounting plugin GeometryMode
LogPluginManager: Mounting plugin MacGraphicsSwitching
LogPluginManager: Mounting plugin MaterialAnalyzer
LogPluginManager: Mounting plugin MobileLauncherProfileWizard
LogPluginManager: Mounting plugin PluginBrowser
LogPluginManager: Mounting plugin SpeedTreeImporter
LogPluginManager: Mounting plugin DatasmithContent
LogPluginManager: Mounting plugin VariantManagerContent
LogPluginManager: Mounting plugin AlembicImporter
LogPluginManager: Mounting plugin AutomationUtils
LogPluginManager: Mounting plugin BackChannel
LogPluginManager: Mounting plugin ChaosCloth
LogPluginManager: Mounting plugin ChaosClothEditor
LogPluginManager: Mounting plugin ChaosEditor
LogPluginManager: Mounting plugin ChaosNiagara
LogPluginManager: Mounting plugin ChaosSolverPlugin
LogPluginManager: Mounting plugin CharacterAI
LogPluginManager: Mounting plugin GeometryCache
LogPluginManager: Mounting plugin GeometryCollectionPlugin
LogPluginManager: Mounting plugin GeometryProcessing
LogPluginManager: Mounting plugin PlanarCut
LogPluginManager: Mounting plugin PlatformCrypto
LogPluginManager: Mounting plugin ProxyLODPlugin
LogPluginManager: Mounting plugin SkeletalReduction
LogPluginManager: Mounting plugin Niagara
LogPluginManager: Mounting plugin MagicLeap
LogPluginManager: Mounting plugin MagicLeapLightEstimation
LogPluginManager: Mounting plugin MagicLeapMedia
LogPluginManager: Mounting plugin MagicLeapPassableWorld
LogPluginManager: Mounting plugin MLSDK
LogPluginManager: Mounting plugin AndroidMedia
LogPluginManager: Mounting plugin AvfMedia
LogPluginManager: Mounting plugin ImgMedia
LogPluginManager: Mounting plugin MediaCompositing
LogPluginManager: Mounting plugin MediaPlayerEditor
LogPluginManager: Mounting plugin WebMMedia
LogPluginManager: Mounting plugin WmfMedia
LogPluginManager: Mounting plugin MeshPainting
LogPluginManager: Mounting plugin TcpMessaging
LogPluginManager: Mounting plugin UdpMessaging
LogPluginManager: Mounting plugin ActorSequence
LogPluginManager: Mounting plugin LevelSequenceEditor
LogPluginManager: Mounting plugin MatineeToLevelSequence
LogPluginManager: Mounting plugin MovieRenderPipeline
LogPluginManager: Mounting plugin TemplateSequence
LogPluginManager: Mounting plugin NetcodeUnitTest
LogPluginManager: Mounting plugin NUTUnrealEngine4
LogPluginManager: Mounting plugin OnlineSubsystemGooglePlay
LogPluginManager: Mounting plugin OnlineSubsystemIOS
LogPluginManager: Mounting plugin OnlineSubsystem
LogPluginManager: Mounting plugin OnlineSubsystemNull
LogPluginManager: Mounting plugin OnlineSubsystemUtils
LogPluginManager: Mounting plugin LauncherChunkInstaller
LogPluginManager: Mounting plugin AndroidDeviceProfileSelector
LogPluginManager: Mounting plugin AndroidMoviePlayer
LogPluginManager: Mounting plugin AndroidPermission
LogPluginManager: Mounting plugin AppleImageUtils
LogPluginManager: Mounting plugin AppleMoviePlayer
LogPluginManager: Mounting plugin ArchVisCharacter
LogPluginManager: Mounting plugin AssetTags
LogPluginManager: Mounting plugin AudioCapture
LogPluginManager: Mounting plugin CableComponent
LogPluginManager: Mounting plugin CustomMeshComponent
LogPluginManager: Mounting plugin EditableMesh
LogPluginManager: Mounting plugin ExampleDeviceProfileSelector
LogPluginManager: Mounting plugin GoogleCloudMessaging
LogPluginManager: Mounting plugin GooglePAD
LogPluginManager: Mounting plugin IOSDeviceProfileSelector
LogPluginManager: Mounting plugin LinuxDeviceProfileSelector
LogPluginManager: Mounting plugin LocationServicesBPLibrary
LogPluginManager: Mounting plugin MobilePatchingUtils
LogPluginManager: Mounting plugin OculusVR
LogPluginManager: Mounting plugin PhysXVehicles
LogPluginManager: Mounting plugin PostSplashScreen
LogPluginManager: Mounting plugin ProceduralMeshComponent
LogPluginManager: Mounting plugin RuntimePhysXCooking
LogPluginManager: Mounting plugin SignificanceManager
LogPluginManager: Mounting plugin SoundFields
LogPluginManager: Mounting plugin SteamVR
LogPluginManager: Mounting plugin Synthesis
LogPluginManager: Mounting plugin WebMMoviePlayer
LogPluginManager: Mounting plugin WindowsMoviePlayer
LogPluginManager: Mounting plugin ScreenshotTools
LogInit: Using libcurl 7.55.1-DEV
LogInit:  - built for x86_64-pc-win32
LogInit:  - supports SSL with OpenSSL/1.1.1
LogInit:  - supports HTTP deflate (compression) using libz 1.2.8
LogInit:  - other features:
LogInit:      CURL_VERSION_SSL
LogInit:      CURL_VERSION_LIBZ
LogInit:      CURL_VERSION_IPV6
LogInit:      CURL_VERSION_ASYNCHDNS
LogInit:      CURL_VERSION_LARGEFILE
LogInit:      CURL_VERSION_IDN
LogInit:  CurlRequestOptions (configurable via config and command line):
LogInit:  - bVerifyPeer = true  - Libcurl will verify peer certificate
LogInit:  - bUseHttpProxy = false  - Libcurl will NOT use HTTP proxy
LogInit:  - bDontReuseConnections = false  - Libcurl will reuse connections
LogInit:  - MaxHostConnections = 16  - Libcurl will limit the number of connections to a host
LogInit:  - LocalHostAddr = Default
LogInit:  - BufferSize = 65536
LogOnline: OSS: Creating online subsystem instance for: NULL
LogInit: WinSock: version 1.1 (2.2), MaxSocks=32767, MaxUdp=65467
LogOnline: OSS: TryLoadSubsystemAndSetDefault: Loaded subsystem for module [NULL]
LogInit: Build: ++UE4+Release-4.25-CL-14469661
LogInit: Engine Version: 4.25.4-14469661+++UE4+Release-4.25
LogInit: Compatible Engine Version: 4.25.0-13144385+++UE4+Release-4.25
LogInit: Net CL: 13144385
LogInit: OS: Windows 10 (Release 1909) (), CPU: Intel(R) Core(TM) i7-7700HQ CPU @ 2.80GHz, GPU: Intel(R) HD Graphics 630
LogInit: Compiled (64-bit): Oct 11 2020 08:10:49
LogInit: Compiled with Visual C++: 19.24.28315.00
LogInit: Build Configuration: Development
LogInit: Branch Name: ++UE4+Release-4.25
LogInit: Command Line: 
LogInit: Base Directory: E:/Programas/UE_4.25/Engine/Binaries/Win64/
LogInit: Allocator: TBB
LogInit: Installed Engine Build: 1
LogDevObjectVersion: Number of dev versions registered: 26
LogDevObjectVersion:   Dev-Blueprints (B0D832E4-1F89-4F0D-ACCF-7EB736FD4AA2): 10
LogDevObjectVersion:   Dev-Build (E1C64328-A22C-4D53-A36C-8E866417BD8C): 0
LogDevObjectVersion:   Dev-Core (375EC13C-06E4-48FB-B500-84F0262A717E): 4
LogDevObjectVersion:   Dev-Editor (E4B068ED-F494-42E9-A231-DA0B2E46BB41): 38
LogDevObjectVersion:   Dev-Framework (CFFC743F-43B0-4480-9391-14DF171D2073): 37
LogDevObjectVersion:   Dev-Mobile (B02B49B5-BB20-44E9-A304-32B752E40360): 2
LogDevObjectVersion:   Dev-Networking (A4E4105C-59A1-49B5-A7C5-40C4547EDFEE): 0
LogDevObjectVersion:   Dev-Online (39C831C9-5AE6-47DC-9A44-9C173E1C8E7C): 0
LogDevObjectVersion:   Dev-Physics (78F01B33-EBEA-4F98-B9B4-84EACCB95AA2): 4
LogDevObjectVersion:   Dev-Platform (6631380F-2D4D-43E0-8009-CF276956A95A): 0
LogDevObjectVersion:   Dev-Rendering (12F88B9F-8875-4AFC-A67C-D90C383ABD29): 43
LogDevObjectVersion:   Dev-Sequencer (7B5AE74C-D270-4C10-A958-57980B212A5A): 12
LogDevObjectVersion:   Dev-VR (D7296918-1DD6-4BDD-9DE2-64A83CC13884): 3
LogDevObjectVersion:   Dev-LoadTimes (C2A15278-BFE7-4AFE-6C17-90FF531DF755): 1
LogDevObjectVersion:   Private-Geometry (6EACA3D4-40EC-4CC1-B786-8BED09428FC5): 3
LogDevObjectVersion:   Dev-AnimPhys (29E575DD-E0A3-4627-9D10-D276232CDCEA): 17
LogDevObjectVersion:   Dev-Anim (AF43A65D-7FD3-4947-9873-3E8ED9C1BB05): 7
LogDevObjectVersion:   Dev-ReflectionCapture (6B266CEC-1EC7-4B8F-A30B-E4D90942FC07): 1
LogDevObjectVersion:   Dev-Automation (0DF73D61-A23F-47EA-B727-89E90C41499A): 1
LogDevObjectVersion:   FortniteMain (601D1886-AC64-4F84-AA16-D3DE0DEAC7D6): 31
LogDevObjectVersion:   Dev-Enterprise (9DFFBCD6-494F-0158-E221-12823C92A888): 10
LogDevObjectVersion:   Dev-Niagara (F2AED0AC-9AFE-416F-8664-AA7FFA26D6FC): 1
LogDevObjectVersion:   Dev-Destruction (174F1F0B-B4C6-45A5-B13F-2EE8D0FB917D): 10
LogDevObjectVersion:   Dev-Physics-Ext (35F94A83-E258-406C-A318-09F59610247C): 37
LogDevObjectVersion:   Dev-PhysicsMaterial-Chaos (B68FC16E-8B1B-42E2-B453-215C058844FE): 1
LogDevObjectVersion:   Dev-CineCamera (B2E18506-4273-CFC2-A54E-F4BB758BBA07): 1
LogInit: Presizing for max 25165824 objects, including 0 objects not considered by GC, pre-allocating 0 bytes for permanent pool.
LogConfig: Applying CVar settings from Section [/Script/Engine.StreamingSettings] File [E:/deogenes madruga/Documents/Anny/Saved/Config/Windows/Engine.ini]
LogConfig: Setting CVar [[s.MinBulkDataSizeForAsyncLoading:131072]]
LogConfig: Setting CVar [[s.AsyncLoadingThreadEnabled:0]]
LogConfig: Setting CVar [[s.EventDrivenLoaderEnabled:1]]
LogConfig: Setting CVar [[s.WarnIfTimeLimitExceeded:0]]
LogConfig: Setting CVar [[s.TimeLimitExceededMultiplier:1.5]]
LogConfig: Setting CVar [[s.TimeLimitExceededMinTime:0.005]]
LogConfig: Setting CVar [[s.UseBackgroundLevelStreaming:1]]
LogConfig: Setting CVar [[s.PriorityAsyncLoadingExtraTime:15.0]]
LogConfig: Setting CVar [[s.LevelStreamingActorsUpdateTimeLimit:5.0]]
LogConfig: Setting CVar [[s.PriorityLevelStreamingActorsUpdateExtraTime:5.0]]
LogConfig: Setting CVar [[s.LevelStreamingComponentsRegistrationGranularity:10]]
LogConfig: Setting CVar [[s.UnregisterComponentsTimeLimit:1.0]]
LogConfig: Setting CVar [[s.LevelStreamingComponentsUnregistrationGranularity:5]]
LogConfig: Setting CVar [[s.FlushStreamingOnExit:1]]
LogInit: Object subsystem initialized
LogConfig: Setting CVar [[con.DebugEarlyDefault:1]]
LogConfig: Setting CVar [[r.setres:1280x720]]
[2021.05.28-12.39.15:913][  0]LogConfig: Setting CVar [[r.VSync:0]]
[2021.05.28-12.39.15:913][  0]LogConfig: Setting CVar [[r.RHICmdBypass:0]]
[2021.05.28-12.39.15:914][  0]LogConfig: Applying CVar settings from Section [/Script/Engine.RendererSettings] File [E:/deogenes madruga/Documents/Anny/Saved/Config/Windows/Engine.ini]
[2021.05.28-12.39.15:914][  0]LogConfig: Setting CVar [[r.GPUCrashDebugging:0]]
[2021.05.28-12.39.15:914][  0]LogConfig: Setting CVar [[r.VirtualTextures:1]]
[2021.05.28-12.39.15:914][  0]LogConfig: Setting CVar [[r.VirtualTexturedLightmaps:0]]
[2021.05.28-12.39.15:914][  0]LogConfig: Applying CVar settings from Section [/Script/Engine.RendererOverrideSettings] File [E:/deogenes madruga/Documents/Anny/Saved/Config/Windows/Engine.ini]
[2021.05.28-12.39.15:914][  0]LogConfig: Applying CVar settings from Section [/Script/Engine.StreamingSettings] File [E:/deogenes madruga/Documents/Anny/Saved/Config/Windows/Engine.ini]
[2021.05.28-12.39.15:914][  0]LogConfig: Setting CVar [[s.MinBulkDataSizeForAsyncLoading:131072]]
[2021.05.28-12.39.15:915][  0]LogConfig: Setting CVar [[s.AsyncLoadingThreadEnabled:0]]
[2021.05.28-12.39.15:915][  0]LogConfig: Setting CVar [[s.EventDrivenLoaderEnabled:1]]
[2021.05.28-12.39.15:915][  0]LogConfig: Setting CVar [[s.WarnIfTimeLimitExceeded:0]]
[2021.05.28-12.39.15:915][  0]LogConfig: Setting CVar [[s.TimeLimitExceededMultiplier:1.5]]
[2021.05.28-12.39.15:915][  0]LogConfig: Setting CVar [[s.TimeLimitExceededMinTime:0.005]]
[2021.05.28-12.39.15:915][  0]LogConfig: Setting CVar [[s.UseBackgroundLevelStreaming:1]]
[2021.05.28-12.39.15:915][  0]LogConfig: Setting CVar [[s.PriorityAsyncLoadingExtraTime:15.0]]
[2021.05.28-12.39.15:915][  0]LogConfig: Setting CVar [[s.LevelStreamingActorsUpdateTimeLimit:5.0]]
[2021.05.28-12.39.15:915][  0]LogConfig: Setting CVar [[s.PriorityLevelStreamingActorsUpdateExtraTime:5.0]]
[2021.05.28-12.39.15:915][  0]LogConfig: Setting CVar [[s.LevelStreamingComponentsRegistrationGranularity:10]]
[2021.05.28-12.39.15:915][  0]LogConfig: Setting CVar [[s.UnregisterComponentsTimeLimit:1.0]]
[2021.05.28-12.39.15:915][  0]LogConfig: Setting CVar [[s.LevelStreamingComponentsUnregistrationGranularity:5]]
[2021.05.28-12.39.15:915][  0]LogConfig: Setting CVar [[s.FlushStreamingOnExit:1]]
[2021.05.28-12.39.15:915][  0]LogConfig: Applying CVar settings from Section [/Script/Engine.GarbageCollectionSettings] File [E:/deogenes madruga/Documents/Anny/Saved/Config/Windows/Engine.ini]
[2021.05.28-12.39.15:915][  0]LogConfig: Setting CVar [[gc.MaxObjectsNotConsideredByGC:1]]
[2021.05.28-12.39.15:915][  0]LogConfig: Setting CVar [[gc.SizeOfPermanentObjectPool:0]]
[2021.05.28-12.39.15:915][  0]LogConfig: Setting CVar [[gc.FlushStreamingOnGC:0]]
[2021.05.28-12.39.15:916][  0]LogConfig: Setting CVar [[gc.NumRetriesBeforeForcingGC:10]]
[2021.05.28-12.39.15:916][  0]LogConfig: Setting CVar [[gc.AllowParallelGC:1]]
[2021.05.28-12.39.15:916][  0]LogConfig: Setting CVar [[gc.TimeBetweenPurgingPendingKillObjects:61.1]]
[2021.05.28-12.39.15:916][  0]LogConfig: Setting CVar [[gc.MaxObjectsInEditor:25165824]]
[2021.05.28-12.39.15:916][  0]LogConfig: Setting CVar [[gc.IncrementalBeginDestroyEnabled:1]]
[2021.05.28-12.39.15:916][  0]LogConfig: Setting CVar [[gc.CreateGCClusters:1]]
[2021.05.28-12.39.15:916][  0]LogConfig: Setting CVar [[gc.MinGCClusterSize:5]]
[2021.05.28-12.39.15:916][  0]LogConfig: Setting CVar [[gc.ActorClusteringEnabled:0]]
[2021.05.28-12.39.15:916][  0]LogConfig: Setting CVar [[gc.BlueprintClusteringEnabled:0]]
[2021.05.28-12.39.15:916][  0]LogConfig: Setting CVar [[gc.UseDisregardForGCOnDedicatedServers:0]]
[2021.05.28-12.39.15:916][  0]LogConfig: Applying CVar settings from Section [/Script/Engine.NetworkSettings] File [E:/deogenes madruga/Documents/Anny/Saved/Config/Windows/Engine.ini]
[2021.05.28-12.39.15:916][  0]LogConfig: Applying CVar settings from Section [/Script/UnrealEd.CookerSettings] File [E:/deogenes madruga/Documents/Anny/Saved/Config/Windows/Engine.ini]
[2021.05.28-12.39.16:003][  0]LogConfig: Applying CVar settings from Section [ViewDistanceQuality@3] File [E:/deogenes madruga/Documents/Anny/Saved/Config/Windows/Scalability.ini]
[2021.05.28-12.39.16:003][  0]LogConfig: Setting CVar [[r.SkeletalMeshLODBias:0]]
[2021.05.28-12.39.16:003][  0]LogConfig: Setting CVar [[r.ViewDistanceScale:1.0]]
[2021.05.28-12.39.16:003][  0]LogConfig: Applying CVar settings from Section [AntiAliasingQuality@3] File [E:/deogenes madruga/Documents/Anny/Saved/Config/Windows/Scalability.ini]
[2021.05.28-12.39.16:003][  0]LogConfig: Setting CVar [[r.PostProcessAAQuality:4]]
[2021.05.28-12.39.16:003][  0]LogConfig: Applying CVar settings from Section [ShadowQuality@3] File [E:/deogenes madruga/Documents/Anny/Saved/Config/Windows/Scalability.ini]
[2021.05.28-12.39.16:003][  0]LogConfig: Setting CVar [[r.LightFunctionQuality:1]]
[2021.05.28-12.39.16:003][  0]LogConfig: Setting CVar [[r.ShadowQuality:5]]
[2021.05.28-12.39.16:003][  0]LogConfig: Setting CVar [[r.Shadow.CSM.MaxCascades:10]]
[2021.05.28-12.39.16:003][  0]LogConfig: Setting CVar [[r.Shadow.MaxResolution:2048]]
[2021.05.28-12.39.16:003][  0]LogConfig: Setting CVar [[r.Shadow.MaxCSMResolution:2048]]
[2021.05.28-12.39.16:003][  0]LogConfig: Setting CVar [[r.Shadow.RadiusThreshold:0.01]]
[2021.05.28-12.39.16:003][  0]LogConfig: Setting CVar [[r.Shadow.DistanceScale:1.0]]
[2021.05.28-12.39.16:003][  0]LogConfig: Setting CVar [[r.Shadow.CSM.TransitionScale:1.0]]
[2021.05.28-12.39.16:004][  0]LogConfig: Setting CVar [[r.Shadow.PreShadowResolutionFactor:1.0]]
[2021.05.28-12.39.16:004][  0]LogConfig: Setting CVar [[r.DistanceFieldShadowing:1]]
[2021.05.28-12.39.16:004][  0]LogConfig: Setting CVar [[r.DistanceFieldAO:1]]
[2021.05.28-12.39.16:004][  0]LogConfig: Setting CVar [[r.AOQuality:2]]
[2021.05.28-12.39.16:004][  0]LogConfig: Setting CVar [[r.VolumetricFog:1]]
[2021.05.28-12.39.16:004][  0]LogConfig: Setting CVar [[r.VolumetricFog.GridPixelSize:8]]
[2021.05.28-12.39.16:004][  0]LogConfig: Setting CVar [[r.VolumetricFog.GridSizeZ:128]]
[2021.05.28-12.39.16:004][  0]LogConfig: Setting CVar [[r.VolumetricFog.HistoryMissSupersampleCount:4]]
[2021.05.28-12.39.16:004][  0]LogConfig: Setting CVar [[r.LightMaxDrawDistanceScale:1]]
[2021.05.28-12.39.16:004][  0]LogConfig: Setting CVar [[r.CapsuleShadows:1]]
[2021.05.28-12.39.16:004][  0]LogConfig: Applying CVar settings from Section [PostProcessQuality@3] File [E:/deogenes madruga/Documents/Anny/Saved/Config/Windows/Scalability.ini]
[2021.05.28-12.39.16:004][  0]LogConfig: Setting CVar [[r.MotionBlurQuality:4]]
[2021.05.28-12.39.16:004][  0]LogConfig: Setting CVar [[r.AmbientOcclusionMipLevelFactor:0.4]]
[2021.05.28-12.39.16:004][  0]LogConfig: Setting CVar [[r.AmbientOcclusionMaxQuality:100]]
[2021.05.28-12.39.16:004][  0]LogConfig: Setting CVar [[r.AmbientOcclusionLevels:-1]]
[2021.05.28-12.39.16:004][  0]LogConfig: Setting CVar [[r.AmbientOcclusionRadiusScale:1.0]]
[2021.05.28-12.39.16:004][  0]LogConfig: Setting CVar [[r.DepthOfFieldQuality:2]]
[2021.05.28-12.39.16:004][  0]LogConfig: Setting CVar [[r.RenderTargetPoolMin:400]]
[2021.05.28-12.39.16:004][  0]LogConfig: Setting CVar [[r.LensFlareQuality:2]]
[2021.05.28-12.39.16:004][  0]LogConfig: Setting CVar [[r.SceneColorFringeQuality:1]]
[2021.05.28-12.39.16:005][  0]LogConfig: Setting CVar [[r.EyeAdaptationQuality:2]]
[2021.05.28-12.39.16:005][  0]LogConfig: Setting CVar [[r.BloomQuality:5]]
[2021.05.28-12.39.16:005][  0]LogConfig: Setting CVar [[r.FastBlurThreshold:100]]
[2021.05.28-12.39.16:005][  0]LogConfig: Setting CVar [[r.Upscale.Quality:3]]
[2021.05.28-12.39.16:005][  0]LogConfig: Setting CVar [[r.Tonemapper.GrainQuantization:1]]
[2021.05.28-12.39.16:005][  0]LogConfig: Setting CVar [[r.LightShaftQuality:1]]
[2021.05.28-12.39.16:005][  0]LogConfig: Setting CVar [[r.Filter.SizeScale:1]]
[2021.05.28-12.39.16:005][  0]LogConfig: Setting CVar [[r.Tonemapper.Quality:5]]
[2021.05.28-12.39.16:005][  0]LogConfig: Setting CVar [[r.DOF.Gather.AccumulatorQuality:1        ; higher gathering accumulator quality]]
[2021.05.28-12.39.16:005][  0]LogConfig: Setting CVar [[r.DOF.Gather.PostfilterMethod:1          ; Median3x3 postfilering method]]
[2021.05.28-12.39.16:005][  0]LogConfig: Setting CVar [[r.DOF.Gather.EnableBokehSettings:0       ; no bokeh simulation when gathering]]
[2021.05.28-12.39.16:005][  0]LogConfig: Setting CVar [[r.DOF.Gather.RingCount:4                 ; medium number of samples when gathering]]
[2021.05.28-12.39.16:005][  0]LogConfig: Setting CVar [[r.DOF.Scatter.ForegroundCompositing:1    ; additive foreground scattering]]
[2021.05.28-12.39.16:005][  0]LogConfig: Setting CVar [[r.DOF.Scatter.BackgroundCompositing:2    ; additive background scattering]]
[2021.05.28-12.39.16:005][  0]LogConfig: Setting CVar [[r.DOF.Scatter.EnableBokehSettings:1      ; bokeh simulation when scattering]]
[2021.05.28-12.39.16:005][  0]LogConfig: Setting CVar [[r.DOF.Scatter.MaxSpriteRatio:0.1         ; only a maximum of 10% of scattered bokeh]]
[2021.05.28-12.39.16:005][  0]LogConfig: Setting CVar [[r.DOF.Recombine.Quality:1                ; cheap slight out of focus]]
[2021.05.28-12.39.16:005][  0]LogConfig: Setting CVar [[r.DOF.Recombine.EnableBokehSettings:0    ; no bokeh simulation on slight out of focus]]
[2021.05.28-12.39.16:005][  0]LogConfig: Setting CVar [[r.DOF.TemporalAAQuality:1                ; more stable temporal accumulation]]
[2021.05.28-12.39.16:005][  0]LogConfig: Setting CVar [[r.DOF.Kernel.MaxForegroundRadius:0.025]]
[2021.05.28-12.39.16:006][  0]LogConfig: Setting CVar [[r.DOF.Kernel.MaxBackgroundRadius:0.025]]
[2021.05.28-12.39.16:006][  0]LogConfig: Applying CVar settings from Section [TextureQuality@3] File [E:/deogenes madruga/Documents/Anny/Saved/Config/Windows/Scalability.ini]
[2021.05.28-12.39.16:006][  0]LogConfig: Setting CVar [[r.Streaming.MipBias:0]]
[2021.05.28-12.39.16:006][  0]LogConfig: Setting CVar [[r.Streaming.AmortizeCPUToGPUCopy:0]]
[2021.05.28-12.39.16:006][  0]LogConfig: Setting CVar [[r.Streaming.MaxNumTexturesToStreamPerFrame:0]]
[2021.05.28-12.39.16:006][  0]LogConfig: Setting CVar [[r.Streaming.Boost:1]]
[2021.05.28-12.39.16:006][  0]LogConfig: Setting CVar [[r.MaxAnisotropy:8]]
[2021.05.28-12.39.16:006][  0]LogConfig: Setting CVar [[r.VT.MaxAnisotropy:8]]
[2021.05.28-12.39.16:006][  0]LogConfig: Setting CVar [[r.Streaming.LimitPoolSizeToVRAM:0]]
[2021.05.28-12.39.16:006][  0]LogConfig: Setting CVar [[r.Streaming.PoolSize:1000]]
[2021.05.28-12.39.16:006][  0]LogConfig: Setting CVar [[r.Streaming.MaxEffectiveScreenSize:0]]
[2021.05.28-12.39.16:006][  0]LogConfig: Applying CVar settings from Section [EffectsQuality@3] File [E:/deogenes madruga/Documents/Anny/Saved/Config/Windows/Scalability.ini]
[2021.05.28-12.39.16:006][  0]LogConfig: Setting CVar [[r.TranslucencyLightingVolumeDim:64]]
[2021.05.28-12.39.16:006][  0]LogConfig: Setting CVar [[r.RefractionQuality:2]]
[2021.05.28-12.39.16:006][  0]LogConfig: Setting CVar [[r.SSR.Quality:3]]
[2021.05.28-12.39.16:006][  0]LogConfig: Setting CVar [[r.SSR.HalfResSceneColor:0]]
[2021.05.28-12.39.16:006][  0]LogConfig: Setting CVar [[r.SceneColorFormat:4]]
[2021.05.28-12.39.16:006][  0]LogConfig: Setting CVar [[r.DetailMode:2]]
[2021.05.28-12.39.16:006][  0]LogConfig: Setting CVar [[r.TranslucencyVolumeBlur:1]]
[2021.05.28-12.39.16:007][  0]LogConfig: Setting CVar [[r.MaterialQualityLevel:1 ; High quality]]
[2021.05.28-12.39.16:007][  0]LogConfig: Setting CVar [[r.SSS.Scale:1]]
[2021.05.28-12.39.16:007][  0]LogConfig: Setting CVar [[r.SSS.SampleSet:2]]
[2021.05.28-12.39.16:007][  0]LogConfig: Setting CVar [[r.SSS.Quality:1]]
[2021.05.28-12.39.16:007][  0]LogConfig: Setting CVar [[r.SSS.HalfRes:0]]
[2021.05.28-12.39.16:007][  0]LogConfig: Setting CVar [[r.SSGI.Quality:3]]
[2021.05.28-12.39.16:007][  0]LogConfig: Setting CVar [[r.EmitterSpawnRateScale:1.0]]
[2021.05.28-12.39.16:007][  0]LogConfig: Setting CVar [[r.ParticleLightQuality:2]]
[2021.05.28-12.39.16:007][  0]LogConfig: Setting CVar [[r.SkyAtmosphere.AerialPerspectiveLUT.FastApplyOnOpaque:1 ; Always have FastSkyLUT 1 in this case to avoid wrong sky]]
[2021.05.28-12.39.16:007][  0]LogConfig: Setting CVar [[r.SkyAtmosphere.AerialPerspectiveLUT.SampleCountPerSlice:1]]
[2021.05.28-12.39.16:007][  0]LogConfig: Setting CVar [[r.SkyAtmosphere.AerialPerspectiveLUT.DepthResolution:16.0]]
[2021.05.28-12.39.16:007][  0]LogConfig: Setting CVar [[r.SkyAtmosphere.FastSkyLUT:1]]
[2021.05.28-12.39.16:007][  0]LogConfig: Setting CVar [[r.SkyAtmosphere.FastSkyLUT.SampleCountMin:4.0]]
[2021.05.28-12.39.16:007][  0]LogConfig: Setting CVar [[r.SkyAtmosphere.FastSkyLUT.SampleCountMax:32.0]]
[2021.05.28-12.39.16:007][  0]LogConfig: Setting CVar [[r.SkyAtmosphere.SampleCountMin:4.0]]
[2021.05.28-12.39.16:007][  0]LogConfig: Setting CVar [[r.SkyAtmosphere.SampleCountMax:32.0]]
[2021.05.28-12.39.16:007][  0]LogConfig: Setting CVar [[r.SkyAtmosphere.TransmittanceLUT.UseSmallFormat:0]]
[2021.05.28-12.39.16:007][  0]LogConfig: Setting CVar [[r.SkyAtmosphere.TransmittanceLUT.SampleCount:10.0]]
[2021.05.28-12.39.16:007][  0]LogConfig: Setting CVar [[r.SkyAtmosphere.MultiScatteringLUT.SampleCount:15.0]]
[2021.05.28-12.39.16:007][  0]LogConfig: Applying CVar settings from Section [FoliageQuality@3] File [E:/deogenes madruga/Documents/Anny/Saved/Config/Windows/Scalability.ini]
[2021.05.28-12.39.16:008][  0]LogConfig: Setting CVar [[foliage.DensityScale:1.0]]
[2021.05.28-12.39.16:008][  0]LogConfig: Setting CVar [[grass.DensityScale:1.0]]
[2021.05.28-12.39.16:008][  0]LogConfig: Applying CVar settings from Section [ShadingQuality@3] File [E:/deogenes madruga/Documents/Anny/Saved/Config/Windows/Scalability.ini]
[2021.05.28-12.39.16:008][  0]LogConfig: Setting CVar [[r.HairStrands.SkyLighting.SampleCount:16]]
[2021.05.28-12.39.16:008][  0]LogConfig: Setting CVar [[r.HairStrands.SkyLighting.JitterIntegration:0]]
[2021.05.28-12.39.16:008][  0]LogConfig: Setting CVar [[r.HairStrands.SkyAO.SampleCount:16]]
[2021.05.28-12.39.16:008][  0]LogConfig: Setting CVar [[r.HairStrands.DeepShadow.SuperSampling:0]]
[2021.05.28-12.39.16:008][  0]LogConfig: Setting CVar [[r.HairStrands.VisibilityPPLL:0]]
[2021.05.28-12.39.16:008][  0]LogConfig: Setting CVar [[r.HairStrands.RasterizationScale:0.5]]
[2021.05.28-12.39.16:008][  0]LogConfig: Setting CVar [[r.HairStrands.VelocityRasterizationScale:1]]
[2021.05.28-12.39.16:022][  0]LogInit: Selected Device Profile: [Windows]
[2021.05.28-12.39.16:023][  0]LogInit: Applying CVar settings loaded from the selected device profile: [Windows]
[2021.05.28-12.39.16:108][  0]LogHAL: Display: Platform has ~ 16 GB [17057812480 / 17179869184 / 16], which maps to Larger [LargestMinGB=32, LargerMinGB=12, DefaultMinGB=8, SmallerMinGB=6, SmallestMinGB=0)
[2021.05.28-12.39.16:126][  0]LogInit: Going up to parent DeviceProfile []
[2021.05.28-12.39.16:127][  0]LogConfig: Applying CVar settings from Section [ViewDistanceQuality@1] File [E:/deogenes madruga/Documents/Anny/Saved/Config/Windows/Scalability.ini]
[2021.05.28-12.39.16:127][  0]LogConfig: Setting CVar [[r.SkeletalMeshLODBias:1]]
[2021.05.28-12.39.16:127][  0]LogConfig: Setting CVar [[r.ViewDistanceScale:0.6]]
[2021.05.28-12.39.16:127][  0]LogConfig: Applying CVar settings from Section [AntiAliasingQuality@1] File [E:/deogenes madruga/Documents/Anny/Saved/Config/Windows/Scalability.ini]
[2021.05.28-12.39.16:127][  0]LogConfig: Setting CVar [[r.PostProcessAAQuality:2]]
[2021.05.28-12.39.16:127][  0]LogConfig: Applying CVar settings from Section [ShadowQuality@1] File [E:/deogenes madruga/Documents/Anny/Saved/Config/Windows/Scalability.ini]
[2021.05.28-12.39.16:127][  0]LogConfig: Setting CVar [[r.LightFunctionQuality:1]]
[2021.05.28-12.39.16:127][  0]LogConfig: Setting CVar [[r.ShadowQuality:3]]
[2021.05.28-12.39.16:127][  0]LogConfig: Setting CVar [[r.Shadow.CSM.MaxCascades:1]]
[2021.05.28-12.39.16:127][  0]LogConfig: Setting CVar [[r.Shadow.MaxResolution:1024]]
[2021.05.28-12.39.16:127][  0]LogConfig: Setting CVar [[r.Shadow.MaxCSMResolution:1024]]
[2021.05.28-12.39.16:127][  0]LogConfig: Setting CVar [[r.Shadow.RadiusThreshold:0.05]]
[2021.05.28-12.39.16:127][  0]LogConfig: Setting CVar [[r.Shadow.DistanceScale:0.7]]
[2021.05.28-12.39.16:128][  0]LogConfig: Setting CVar [[r.Shadow.CSM.TransitionScale:0.25]]
[2021.05.28-12.39.16:128][  0]LogConfig: Setting CVar [[r.Shadow.PreShadowResolutionFactor:0.5]]
[2021.05.28-12.39.16:128][  0]LogConfig: Setting CVar [[r.DistanceFieldShadowing:0]]
[2021.05.28-12.39.16:128][  0]LogConfig: Setting CVar [[r.DistanceFieldAO:0]]
[2021.05.28-12.39.16:128][  0]LogConfig: Setting CVar [[r.VolumetricFog:0]]
[2021.05.28-12.39.16:128][  0]LogConfig: Setting CVar [[r.LightMaxDrawDistanceScale:.5]]
[2021.05.28-12.39.16:128][  0]LogConfig: Setting CVar [[r.CapsuleShadows:1]]
[2021.05.28-12.39.16:128][  0]LogConfig: Applying CVar settings from Section [PostProcessQuality@1] File [E:/deogenes madruga/Documents/Anny/Saved/Config/Windows/Scalability.ini]
[2021.05.28-12.39.16:128][  0]LogConfig: Setting CVar [[r.MotionBlurQuality:3]]
[2021.05.28-12.39.16:128][  0]LogConfig: Setting CVar [[r.AmbientOcclusionMipLevelFactor:1.0]]
[2021.05.28-12.39.16:128][  0]LogConfig: Setting CVar [[r.AmbientOcclusionMaxQuality:60]]
[2021.05.28-12.39.16:128][  0]LogConfig: Setting CVar [[r.AmbientOcclusionLevels:-1]]
[2021.05.28-12.39.16:128][  0]LogConfig: Setting CVar [[r.AmbientOcclusionRadiusScale:1.5]]
[2021.05.28-12.39.16:128][  0]LogConfig: Setting CVar [[r.DepthOfFieldQuality:1]]
[2021.05.28-12.39.16:128][  0]LogConfig: Setting CVar [[r.RenderTargetPoolMin:350]]
[2021.05.28-12.39.16:128][  0]LogConfig: Setting CVar [[r.LensFlareQuality:0]]
[2021.05.28-12.39.16:128][  0]LogConfig: Setting CVar [[r.SceneColorFringeQuality:0]]
[2021.05.28-12.39.16:128][  0]LogConfig: Setting CVar [[r.EyeAdaptationQuality:0]]
[2021.05.28-12.39.16:129][  0]LogConfig: Setting CVar [[r.BloomQuality:4]]
[2021.05.28-12.39.16:129][  0]LogConfig: Setting CVar [[r.FastBlurThreshold:2]]
[2021.05.28-12.39.16:129][  0]LogConfig: Setting CVar [[r.Upscale.Quality:2]]
[2021.05.28-12.39.16:129][  0]LogConfig: Setting CVar [[r.Tonemapper.GrainQuantization:0]]
[2021.05.28-12.39.16:129][  0]LogConfig: Setting CVar [[r.LightShaftQuality:0]]
[2021.05.28-12.39.16:129][  0]LogConfig: Setting CVar [[r.Filter.SizeScale:0.7]]
[2021.05.28-12.39.16:129][  0]LogConfig: Setting CVar [[r.Tonemapper.Quality:2]]
[2021.05.28-12.39.16:129][  0]LogConfig: Setting CVar [[r.DOF.Gather.AccumulatorQuality:0        ; lower gathering accumulator quality]]
[2021.05.28-12.39.16:129][  0]LogConfig: Setting CVar [[r.DOF.Gather.PostfilterMethod:2          ; Max3x3 postfilering method]]
[2021.05.28-12.39.16:129][  0]LogConfig: Setting CVar [[r.DOF.Gather.EnableBokehSettings:0       ; no bokeh simulation when gathering]]
[2021.05.28-12.39.16:129][  0]LogConfig: Setting CVar [[r.DOF.Gather.RingCount:3                 ; low number of samples when gathering]]
[2021.05.28-12.39.16:129][  0]LogConfig: Setting CVar [[r.DOF.Scatter.ForegroundCompositing:0    ; no foreground scattering]]
[2021.05.28-12.39.16:129][  0]LogConfig: Setting CVar [[r.DOF.Scatter.BackgroundCompositing:0    ; no foreground scattering]]
[2021.05.28-12.39.16:129][  0]LogConfig: Setting CVar [[r.DOF.Recombine.Quality:0                ; no slight out of focus]]
[2021.05.28-12.39.16:129][  0]LogConfig: Setting CVar [[r.DOF.TemporalAAQuality:0                ; faster temporal accumulation]]
[2021.05.28-12.39.16:129][  0]LogConfig: Setting CVar [[r.DOF.Kernel.MaxForegroundRadius:0.006   ; required because low gathering and no scattering and not looking great at 1080p]]
[2021.05.28-12.39.16:129][  0]LogConfig: Setting CVar [[r.DOF.Kernel.MaxBackgroundRadius:0.006   ; required because low gathering and no scattering and not looking great at 1080p]]
[2021.05.28-12.39.16:129][  0]LogConfig: Applying CVar settings from Section [TextureQuality@1] File [E:/deogenes madruga/Documents/Anny/Saved/Config/Windows/Scalability.ini]
[2021.05.28-12.39.16:130][  0]LogConfig: Setting CVar [[r.Streaming.MipBias:1]]
[2021.05.28-12.39.16:130][  0]LogConfig: Setting CVar [[r.Streaming.AmortizeCPUToGPUCopy:0]]
[2021.05.28-12.39.16:130][  0]LogConfig: Setting CVar [[r.Streaming.MaxNumTexturesToStreamPerFrame:0]]
[2021.05.28-12.39.16:130][  0]LogConfig: Setting CVar [[r.Streaming.Boost:1]]
[2021.05.28-12.39.16:130][  0]LogConfig: Setting CVar [[r.MaxAnisotropy:2]]
[2021.05.28-12.39.16:130][  0]LogConfig: Setting CVar [[r.VT.MaxAnisotropy:4]]
[2021.05.28-12.39.16:130][  0]LogConfig: Setting CVar [[r.Streaming.LimitPoolSizeToVRAM:1]]
[2021.05.28-12.39.16:130][  0]LogConfig: Setting CVar [[r.Streaming.PoolSize:600]]
[2021.05.28-12.39.16:130][  0]LogConfig: Setting CVar [[r.Streaming.MaxEffectiveScreenSize:0]]
[2021.05.28-12.39.16:130][  0]LogConfig: Applying CVar settings from Section [EffectsQuality@1] File [E:/deogenes madruga/Documents/Anny/Saved/Config/Windows/Scalability.ini]
[2021.05.28-12.39.16:130][  0]LogConfig: Setting CVar [[r.TranslucencyLightingVolumeDim:32]]
[2021.05.28-12.39.16:130][  0]LogConfig: Setting CVar [[r.RefractionQuality:0]]
[2021.05.28-12.39.16:130][  0]LogConfig: Setting CVar [[r.SSR.Quality:0]]
[2021.05.28-12.39.16:130][  0]LogConfig: Setting CVar [[r.SSR.HalfResSceneColor:1]]
[2021.05.28-12.39.16:130][  0]LogConfig: Setting CVar [[r.SceneColorFormat:3]]
[2021.05.28-12.39.16:130][  0]LogConfig: Setting CVar [[r.DetailMode:1]]
[2021.05.28-12.39.16:130][  0]LogConfig: Setting CVar [[r.TranslucencyVolumeBlur:0]]
[2021.05.28-12.39.16:130][  0]LogConfig: Setting CVar [[r.MaterialQualityLevel:2 ; Medium quality]]
[2021.05.28-12.39.16:130][  0]LogConfig: Setting CVar [[r.SSS.Scale:0.75]]
[2021.05.28-12.39.16:131][  0]LogConfig: Setting CVar [[r.SSS.SampleSet:0]]
[2021.05.28-12.39.16:131][  0]LogConfig: Setting CVar [[r.SSS.Quality:0]]
[2021.05.28-12.39.16:131][  0]LogConfig: Setting CVar [[r.SSS.HalfRes:1]]
[2021.05.28-12.39.16:131][  0]LogConfig: Setting CVar [[r.SSGI.Quality:1]]
[2021.05.28-12.39.16:131][  0]LogConfig: Setting CVar [[r.EmitterSpawnRateScale:0.25]]
[2021.05.28-12.39.16:131][  0]LogConfig: Setting CVar [[r.ParticleLightQuality:0]]
[2021.05.28-12.39.16:131][  0]LogConfig: Setting CVar [[r.SkyAtmosphere.AerialPerspectiveLUT.FastApplyOnOpaque:1 ; Always have FastSkyLUT 1 in this case to avoid wrong sky]]
[2021.05.28-12.39.16:131][  0]LogConfig: Setting CVar [[r.SkyAtmosphere.AerialPerspectiveLUT.SampleCountPerSlice:1]]
[2021.05.28-12.39.16:131][  0]LogConfig: Setting CVar [[r.SkyAtmosphere.AerialPerspectiveLUT.DepthResolution:16.0]]
[2021.05.28-12.39.16:131][  0]LogConfig: Setting CVar [[r.SkyAtmosphere.FastSkyLUT:1]]
[2021.05.28-12.39.16:131][  0]LogConfig: Setting CVar [[r.SkyAtmosphere.FastSkyLUT.SampleCountMin:4.0]]
[2021.05.28-12.39.16:131][  0]LogConfig: Setting CVar [[r.SkyAtmosphere.FastSkyLUT.SampleCountMax:32.0]]
[2021.05.28-12.39.16:131][  0]LogConfig: Setting CVar [[r.SkyAtmosphere.SampleCountMin:4.0]]
[2021.05.28-12.39.16:131][  0]LogConfig: Setting CVar [[r.SkyAtmosphere.SampleCountMax:32.0]]
[2021.05.28-12.39.16:131][  0]LogConfig: Setting CVar [[r.SkyAtmosphere.TransmittanceLUT.UseSmallFormat:0]]
[2021.05.28-12.39.16:131][  0]LogConfig: Setting CVar [[r.SkyAtmosphere.TransmittanceLUT.SampleCount:10.0]]
[2021.05.28-12.39.16:131][  0]LogConfig: Setting CVar [[r.SkyAtmosphere.MultiScatteringLUT.SampleCount:15.0]]
[2021.05.28-12.39.16:131][  0]LogConfig: Applying CVar settings from Section [FoliageQuality@1] File [E:/deogenes madruga/Documents/Anny/Saved/Config/Windows/Scalability.ini]
[2021.05.28-12.39.16:132][  0]LogConfig: Setting CVar [[foliage.DensityScale:0.4]]
[2021.05.28-12.39.16:132][  0]LogConfig: Setting CVar [[grass.DensityScale:0.4]]
[2021.05.28-12.39.16:132][  0]LogConfig: Applying CVar settings from Section [ShadingQuality@1] File [E:/deogenes madruga/Documents/Anny/Saved/Config/Windows/Scalability.ini]
[2021.05.28-12.39.16:132][  0]LogConfig: Setting CVar [[r.HairStrands.SkyLighting.SampleCount:16]]
[2021.05.28-12.39.16:132][  0]LogConfig: Setting CVar [[r.HairStrands.SkyLighting.JitterIntegration:0]]
[2021.05.28-12.39.16:132][  0]LogConfig: Setting CVar [[r.HairStrands.SkyAO.SampleCount:16]]
[2021.05.28-12.39.16:132][  0]LogConfig: Setting CVar [[r.HairStrands.DeepShadow.SuperSampling:0]]
[2021.05.28-12.39.16:132][  0]LogConfig: Setting CVar [[r.HairStrands.VisibilityPPLL:0]]
[2021.05.28-12.39.16:132][  0]LogConfig: Setting CVar [[r.HairStrands.RasterizationScale:0.5]]
[2021.05.28-12.39.16:132][  0]LogConfig: Setting CVar [[r.HairStrands.VelocityRasterizationScale:1]]
[2021.05.28-12.39.16:132][  0]LogConfig: Applying CVar settings from Section [Startup] File [../../../Engine/Config/ConsoleVariables.ini]
[2021.05.28-12.39.16:167][  0]LogConfig: Setting CVar [[net.UseAdaptiveNetUpdateFrequency:0]]
[2021.05.28-12.39.16:167][  0]LogConfig: Setting CVar [[p.chaos.AllowCreatePhysxBodies:1]]
[2021.05.28-12.39.16:167][  0]LogConfig: Setting CVar [[fx.SkipVectorVMBackendOptimizations:1]]
[2021.05.28-12.39.16:167][  0]LogConfig: Applying CVar settings from Section [ConsoleVariables] File [E:/deogenes madruga/Documents/Anny/Saved/Config/Windows/Engine.ini]
[2021.05.28-12.39.16:269][  0]LogInit: Computer: DESKTOP-MSDHPPB
[2021.05.28-12.39.16:269][  0]LogInit: User: deogenesmadruga
[2021.05.28-12.39.16:269][  0]LogInit: CPU Page size=4096, Cores=2
[2021.05.28-12.39.16:269][  0]LogInit: High frequency timer resolution =10.000000 MHz
[2021.05.28-12.39.16:270][  0]LogMemory: Memory total: Physical=15.9GB (16GB approx)
[2021.05.28-12.39.16:270][  0]LogMemory: Platform Memory Stats for Windows
[2021.05.28-12.39.16:270][  0]LogMemory: Process Physical Memory: 112.65 MB used, 112.65 MB peak
[2021.05.28-12.39.16:270][  0]LogMemory: Process Virtual Memory: 94.72 MB used, 94.72 MB peak
[2021.05.28-12.39.16:270][  0]LogMemory: Physical Memory: 2772.57 MB used,  13495.03 MB free, 16267.60 MB total
[2021.05.28-12.39.16:270][  0]LogMemory: Virtual Memory: 5122.74 MB used,  134212608.00 MB free, 134217728.00 MB total
[2021.05.28-12.39.16:310][  0]LogWindows: WindowsPlatformFeatures enabled
[2021.05.28-12.39.17:962][  0]LogInit: Physics initialised using underlying interface: PhysX
[2021.05.28-12.39.17:986][  0]LogInit: Overriding language with editor language configuration option (en).
[2021.05.28-12.39.17:986][  0]LogInit: Overriding locale with editor locale configuration option (en).
[2021.05.28-12.39.19:427][  0]LogInit: Setting process to per monitor DPI aware
[2021.05.28-12.39.20:309][  0]LogSlate: New Slate User Created.  User Index 0, Is Virtual User: 0
[2021.05.28-12.39.20:310][  0]LogSlate: Slate User Registered.  User Index 0, Is Virtual User: 0
[2021.05.28-12.39.24:780][  0]LogHMD: Failed to initialize OpenVR with code 110
[2021.05.28-12.39.24:780][  0]LogD3D11RHI: D3D11 min allowed feature level: 11_0
[2021.05.28-12.39.24:780][  0]LogD3D11RHI: D3D11 max allowed feature level: 11_0
[2021.05.28-12.39.24:780][  0]LogD3D11RHI: D3D11 adapters:
[2021.05.28-12.39.25:976][  0]LogD3D11RHI:    0. 'NVIDIA GeForce GTX 1050' (Feature Level 11_0)
[2021.05.28-12.39.25:976][  0]LogD3D11RHI:       4019/0/8133 MB DedicatedVideo/DedicatedSystem/SharedSystem, Outputs:1, VendorId:0x10de
[2021.05.28-12.39.26:022][  0]LogD3D11RHI:    1. 'Intel(R) HD Graphics 630' (Feature Level 11_0)
[2021.05.28-12.39.26:022][  0]LogD3D11RHI:       128/0/8133 MB DedicatedVideo/DedicatedSystem/SharedSystem, Outputs:0, VendorId:0x8086
[2021.05.28-12.39.26:026][  0]LogD3D11RHI:    2. 'Microsoft Basic Render Driver' (Feature Level 11_0)
[2021.05.28-12.39.26:026][  0]LogD3D11RHI:       0/0/8133 MB DedicatedVideo/DedicatedSystem/SharedSystem, Outputs:0, VendorId:0x1414
[2021.05.28-12.39.26:026][  0]LogD3D11RHI: Chosen D3D11 Adapter: 0
[2021.05.28-12.39.26:069][  0]LogD3D11RHI: Creating new Direct3DDevice
[2021.05.28-12.39.26:070][  0]LogD3D11RHI:     GPU DeviceId: 0x1c8d (for the marketing name, search the web for "GPU Device Id")
[2021.05.28-12.39.26:070][  0]LogWindows: EnumDisplayDevices:
[2021.05.28-12.39.26:070][  0]LogWindows:    0. 'Intel(R) HD Graphics 630' (P:1 D:1)
[2021.05.28-12.39.26:070][  0]LogWindows:    1. 'Intel(R) HD Graphics 630' (P:0 D:0)
[2021.05.28-12.39.26:070][  0]LogWindows:    2. 'Intel(R) HD Graphics 630' (P:0 D:0)
[2021.05.28-12.39.26:071][  0]LogWindows:    3. 'NVIDIA GeForce GTX 1050' (P:0 D:0)
[2021.05.28-12.39.26:071][  0]LogWindows: DebugString: PrimaryIsNotTheChoosenAdapter PrimaryIsNotTheChoosenAdapter PrimaryIsNotTheChoosenAdapter 
[2021.05.28-12.39.26:071][  0]LogD3D11RHI:     Adapter Name: NVIDIA GeForce GTX 1050
[2021.05.28-12.39.26:071][  0]LogD3D11RHI:   Driver Version: 452.06 (internal:27.21.14.5206, unified:452.06)
[2021.05.28-12.39.26:071][  0]LogD3D11RHI:      Driver Date: 8-12-2020
[2021.05.28-12.39.26:071][  0]LogRHI: Texture pool is 2813 MB (70% of 4019 MB)
[2021.05.28-12.39.26:380][  0]LogD3D11RHI: RHI has support for 64 bit atomics
[2021.05.28-12.39.26:381][  0]LogD3D11RHI: Async texture creation enabled
[2021.05.28-12.39.26:381][  0]LogD3D11RHI: Array index from any shader is supported
[2021.05.28-12.39.26:860][  0]LogD3D11RHI: GPU Timing Frequency: 1000.000000 (Debug: 2 1)
[2021.05.28-12.39.28:158][  0]LogTargetPlatformManager: Display: Loaded TargetPlatform 'AllDesktop'
[2021.05.28-12.39.28:278][  0]LogTargetPlatformManager: Display: Loaded TargetPlatform 'Android'
[2021.05.28-12.39.28:278][  0]LogTargetPlatformManager: Display: Loaded TargetPlatform 'Android_ASTC'
[2021.05.28-12.39.28:278][  0]LogTargetPlatformManager: Display: Loaded TargetPlatform 'Android_DXT'
[2021.05.28-12.39.28:278][  0]LogTargetPlatformManager: Display: Loaded TargetPlatform 'Android_ETC2'
[2021.05.28-12.39.28:278][  0]LogTargetPlatformManager: Display: Loaded TargetPlatform 'AndroidClient'
[2021.05.28-12.39.28:278][  0]LogTargetPlatformManager: Display: Loaded TargetPlatform 'Android_ASTCClient'
[2021.05.28-12.39.28:278][  0]LogTargetPlatformManager: Display: Loaded TargetPlatform 'Android_DXTClient'
[2021.05.28-12.39.28:278][  0]LogTargetPlatformManager: Display: Loaded TargetPlatform 'Android_ETC2Client'
[2021.05.28-12.39.28:278][  0]LogTargetPlatformManager: Display: Loaded TargetPlatform 'Android_Multi'
[2021.05.28-12.39.28:278][  0]LogTargetPlatformManager: Display: Loaded TargetPlatform 'Android_MultiClient'
[2021.05.28-12.39.28:536][  0]LogTargetPlatformManager: Display: Loaded TargetPlatform 'IOSClient'
[2021.05.28-12.39.28:536][  0]LogTargetPlatformManager: Display: Loaded TargetPlatform 'IOS'
[2021.05.28-12.39.28:620][  0]LogTargetPlatformManager: Display: Loaded TargetPlatform 'Linux'
[2021.05.28-12.39.28:744][  0]LogTargetPlatformManager: Display: Loaded TargetPlatform 'LinuxNoEditor'
[2021.05.28-12.39.28:820][  0]LogTargetPlatformManager: Display: Loaded TargetPlatform 'LinuxClient'
[2021.05.28-12.39.28:850][  0]LogTargetPlatformManager: Display: Loaded TargetPlatform 'LinuxServer'
[2021.05.28-12.39.28:932][  0]LogTargetPlatformManager: Display: Loaded TargetPlatform 'LinuxAArch64NoEditor'
[2021.05.28-12.39.28:966][  0]LogTargetPlatformManager: Display: Loaded TargetPlatform 'LinuxAArch64Client'
[2021.05.28-12.39.29:007][  0]LogTargetPlatformManager: Display: Loaded TargetPlatform 'LinuxAArch64Server'
[2021.05.28-12.39.29:124][  0]LogTargetPlatformManager: Display: Loaded TargetPlatform 'Lumin'
[2021.05.28-12.39.29:124][  0]LogTargetPlatformManager: Display: Loaded TargetPlatform 'LuminClient'
[2021.05.28-12.39.29:180][  0]LogTargetPlatformManager: Display: Loaded TargetPlatform 'TVOSClient'
[2021.05.28-12.39.29:180][  0]LogTargetPlatformManager: Display: Loaded TargetPlatform 'TVOS'
[2021.05.28-12.39.29:283][  0]LogTargetPlatformManager: Display: Loaded TargetPlatform 'WindowsNoEditor'
[2021.05.28-12.39.29:399][  0]LogTargetPlatformManager: Display: Loaded TargetPlatform 'Windows'
[2021.05.28-12.39.29:446][  0]LogTargetPlatformManager: Display: Loaded TargetPlatform 'WindowsClient'
[2021.05.28-12.39.29:487][  0]LogTargetPlatformManager: Display: Loaded TargetPlatform 'WindowsServer'
[2021.05.28-12.39.29:487][  0]LogTargetPlatformManager: Display: Building Assets For Windows
[2021.05.28-12.39.29:874][  0]LogAudioDebug: Display: Lib vorbis DLL was dynamically loaded.
[2021.05.28-12.39.31:346][  0]LogShaderCompilers: Guid format shader working directory is 12 characters bigger than the processId version (../../../../../deogenes madruga/Documents/Anny/Intermediate/Shaders/WorkingDirectory/828/).
[2021.05.28-12.39.31:346][  0]LogShaderCompilers: Cleaned the shader compiler working directory 'C:/Users/deogenes madruga/AppData/Local/Temp/UnrealShaderWorkingDir/6388F47A4B73077CAA59678CC49EE1D7/'.
[2021.05.28-12.39.31:349][  0]LogXGEController: Cleaning working directory: C:/Users/deogenes madruga/AppData/Local/Temp/UnrealXGEWorkingDir/
[2021.05.28-12.39.31:350][  0]LogXGEController: Cannot use XGE Controller as Incredibuild is not installed on this machine.
[2021.05.28-12.39.31:350][  0]LogShaderCompilers: Cannot use XGE Shader Compiler as Incredibuild is not installed on this machine.
[2021.05.28-12.39.31:350][  0]LogShaderCompilers: Display: Using Local Shader Compiler.
[2021.05.28-12.39.36:686][  0]LogDerivedDataCache: Display: Max Cache Size: 512 MB
[2021.05.28-12.39.36:946][  0]LogDerivedDataCache: Loaded boot cache 0.26s 87MB C:/Users/deogenes madruga/AppData/Local/UnrealEngine/4.25/DerivedDataCache/Boot.ddc.
[2021.05.28-12.39.36:946][  0]LogDerivedDataCache: Display: Loaded Boot cache: C:/Users/deogenes madruga/AppData/Local/UnrealEngine/4.25/DerivedDataCache/Boot.ddc
[2021.05.28-12.39.36:960][  0]LogDerivedDataCache: FDerivedDataBackendGraph:  Pak pak cache file ../../../../../deogenes madruga/Documents/Anny/DerivedDataCache/DDC.ddp not found, will not use a pak cache.
[2021.05.28-12.39.36:960][  0]LogDerivedDataCache: Unable to find inner node Pak for hierarchical cache Hierarchy.
[2021.05.28-12.39.36:960][  0]LogDerivedDataCache: FDerivedDataBackendGraph:  CompressedPak pak cache file ../../../../../deogenes madruga/Documents/Anny/DerivedDataCache/Compressed.ddp not found, will not use a pak cache.
[2021.05.28-12.39.36:961][  0]LogDerivedDataCache: Unable to find inner node CompressedPak for hierarchical cache Hierarchy.
[2021.05.28-12.39.37:127][  0]LogDerivedDataCache: Display: Pak cache opened for reading ../../../Engine/DerivedDataCache/Compressed.ddp.
[2021.05.28-12.39.37:127][  0]LogDerivedDataCache: FDerivedDataBackendGraph:  EnterprisePak pak cache file ../../../Enterprise/DerivedDataCache/Compressed.ddp not found, will not use a pak cache.
[2021.05.28-12.39.37:127][  0]LogDerivedDataCache: Unable to find inner node EnterprisePak for hierarchical cache Hierarchy.
[2021.05.28-12.39.37:129][  0]LogDerivedDataCache: Using Local data cache path C:/Users/deogenes madruga/AppData/Local/UnrealEngine/Common/DerivedDataCache: Writable
[2021.05.28-12.39.37:129][  0]LogDerivedDataCache: Shared data cache path not found in *engine.ini, will not use an Shared cache.
[2021.05.28-12.39.37:129][  0]LogDerivedDataCache: Unable to find inner node Shared for hierarchical cache Hierarchy.
[2021.05.28-12.39.38:868][  0]LogShaderCompilers: Display: Worker (1/3): shaders left to compile 2715
[2021.05.28-12.39.38:868][  0]LogShaderCompilers: Display: Worker (2/3): shaders left to compile 2714
[2021.05.28-12.39.38:868][  0]LogShaderCompilers: Display: Worker (3/3): shaders left to compile 2713
[2021.05.28-12.39.38:868][  0]LogSlate: Using FreeType 2.10.0
[2021.05.28-12.39.39:087][  0]LogSlate: SlateFontServices - WITH_FREETYPE: 1, WITH_HARFBUZZ: 1
[2021.05.28-12.39.42:010][  0]LogShaderCompilers: Display: Worker (2/3): shaders left to compile 2712
[2021.05.28-12.39.42:010][  0]LogShaderCompilers: Display: Worker (3/3): shaders left to compile 2711
[2021.05.28-12.39.42:010][  0]LogShaderCompilers: Display: Worker (1/3): shaders left to compile 2710
[2021.05.28-12.39.42:010][  0]LogShaderCompilers: Display: Worker (3/3): shaders left to compile 2709
[2021.05.28-12.39.42:010][  0]LogShaderCompilers: Display: Worker (2/3): shaders left to compile 2708
[2021.05.28-12.39.42:010][  0]LogAssetRegistry: FAssetRegistry took 0.0170 seconds to start up
[2021.05.28-12.39.47:023][  0]LogShaderCompilers: Display: Worker (1/3): shaders left to compile 2707
[2021.05.28-12.39.47:023][  0]LogShaderCompilers: Display: Worker (3/3): shaders left to compile 2706
[2021.05.28-12.39.47:023][  0]LogShaderCompilers: Display: Worker (2/3): shaders left to compile 2705
[2021.05.28-12.39.47:023][  0]LogShaderCompilers: Display: Worker (1/3): shaders left to compile 2704
[2021.05.28-12.39.47:023][  0]LogShaderCompilers: Display: Worker (3/3): shaders left to compile 2703
[2021.05.28-12.39.47:023][  0]LogShaderCompilers: Display: Worker (1/3): shaders left to compile 2702
[2021.05.28-12.39.47:023][  0]LogShaderCompilers: Display: Worker (3/3): shaders left to compile 2701
[2021.05.28-12.39.47:023][  0]LogShaderCompilers: Display: Worker (1/3): shaders left to compile 2700
[2021.05.28-12.39.47:023][  0]LogShaderCompilers: Display: Worker (3/3): shaders left to compile 2699
[2021.05.28-12.39.47:023][  0]LogShaderCompilers: Display: Worker (2/3): shaders left to compile 2698
[2021.05.28-12.39.47:023][  0]LogShaderCompilers: Display: Worker (1/3): shaders left to compile 2697
[2021.05.28-12.39.47:023][  0]LogShaderCompilers: Display: Worker (2/3): shaders left to compile 2696
[2021.05.28-12.39.47:023][  0]LogShaderCompilers: Display: Worker (3/3): shaders left to compile 2695
[2021.05.28-12.39.47:023][  0]LogShaderCompilers: Display: Worker (1/3): shaders left to compile 2694
[2021.05.28-12.39.47:023][  0]LogShaderCompilers: Display: Worker (2/3): shaders left to compile 2693
[2021.05.28-12.39.47:023][  0]LogShaderCompilers: Display: Worker (3/3): shaders left to compile 2692
[2021.05.28-12.39.47:023][  0]LogShaderCompilers: Display: Worker (1/3): shaders left to compile 2691
[2021.05.28-12.39.47:023][  0]LogShaderCompilers: Display: Worker (2/3): shaders left to compile 2690
[2021.05.28-12.39.47:023][  0]LogShaderCompilers: Display: Worker (3/3): shaders left to compile 2689
[2021.05.28-12.39.47:023][  0]LogShaderCompilers: Display: Worker (1/3): shaders left to compile 2688
[2021.05.28-12.39.47:023][  0]LogShaderCompilers: Display: Worker (2/3): shaders left to compile 2687
[2021.05.28-12.39.47:023][  0]LogShaderCompilers: Display: Worker (3/3): shaders left to compile 2686
[2021.05.28-12.39.47:023][  0]LogShaderCompilers: Display: Worker (1/3): shaders left to compile 2685
[2021.05.28-12.39.47:023][  0]LogShaderCompilers: Display: Worker (2/3): shaders left to compile 2684
[2021.05.28-12.39.47:023][  0]LogShaderCompilers: Display: Worker (3/3): shaders left to compile 2683
[2021.05.28-12.39.47:023][  0]LogShaderCompilers: Display: Worker (1/3): shaders left to compile 2682
[2021.05.28-12.39.47:023][  0]LogShaderCompilers: Display: Worker (2/3): shaders left to compile 2681
[2021.05.28-12.39.47:023][  0]LogShaderCompilers: Display: Worker (3/3): shaders left to compile 2680
[2021.05.28-12.39.47:023][  0]LogShaderCompilers: Display: Worker (1/3): shaders left to compile 2679
[2021.05.28-12.39.47:023][  0]LogShaderCompilers: Display: Worker (2/3): shaders left to compile 2678
[2021.05.28-12.39.47:024][  0]LogShaderCompilers: Display: Worker (3/3): shaders left to compile 2677
[2021.05.28-12.39.47:024][  0]LogShaderCompilers: Display: Worker (1/3): shaders left to compile 2676
[2021.05.28-12.39.47:024][  0]LogShaderCompilers: Display: Worker (3/3): shaders left to compile 2675
[2021.05.28-12.39.47:024][  0]LogShaderCompilers: Display: Worker (1/3): shaders left to compile 2674
[2021.05.28-12.39.47:024][  0]LogShaderCompilers: Display: Worker (3/3): shaders left to compile 2673
[2021.05.28-12.39.47:024][  0]LogShaderCompilers: Display: Worker (1/3): shaders left to compile 2672
[2021.05.28-12.39.47:024][  0]LogShaderCompilers: Display: Worker (3/3): shaders left to compile 2671
[2021.05.28-12.39.47:024][  0]LogShaderCompilers: Display: Worker (1/3): shaders left to compile 2670
[2021.05.28-12.39.47:024][  0]LogShaderCompilers: Display: Worker (2/3): shaders left to compile 2669
[2021.05.28-12.39.47:024][  0]LogShaderCompilers: Display: Worker (3/3): shaders left to compile 2668
[2021.05.28-12.39.47:024][  0]LogShaderCompilers: Display: Worker (1/3): shaders left to compile 2667
[2021.05.28-12.39.47:024][  0]LogShaderCompilers: Display: Worker (2/3): shaders left to compile 2666
[2021.05.28-12.39.47:024][  0]LogShaderCompilers: Display: Worker (3/3): shaders left to compile 2665
[2021.05.28-12.39.47:024][  0]LogShaderCompilers: Display: Worker (1/3): shaders left to compile 2664
[2021.05.28-12.39.47:024][  0]LogShaderCompilers: Display: Worker (3/3): shaders left to compile 2663
[2021.05.28-12.39.47:024][  0]LogShaderCompilers: Display: Worker (2/3): shaders left to compile 2662
[2021.05.28-12.39.47:024][  0]LogShaderCompilers: Display: Worker (1/3): shaders left to compile 2661
[2021.05.28-12.39.47:024][  0]LogShaderCompilers: Display: Worker (3/3): shaders left to compile 2660
[2021.05.28-12.39.47:024][  0]LogShaderCompilers: Display: Worker (2/3): shaders left to compile 2659
[2021.05.28-12.39.47:024][  0]LogShaderCompilers: Display: Worker (1/3): shaders left to compile 2658
[2021.05.28-12.39.47:024][  0]LogShaderCompilers: Display: Worker (3/3): shaders left to compile 2657
[2021.05.28-12.39.47:024][  0]LogShaderCompilers: Display: Worker (2/3): shaders left to compile 2656
[2021.05.28-12.39.47:024][  0]LogShaderCompilers: Display: Worker (2/3): shaders left to compile 2655
[2021.05.28-12.39.47:024][  0]LogShaderCompilers: Display: Worker (1/3): shaders left to compile 2654
[2021.05.28-12.39.47:024][  0]LogShaderCompilers: Display: Worker (3/3): shaders left to compile 2653
[2021.05.28-12.39.47:024][  0]LogShaderCompilers: Display: Worker (2/3): shaders left to compile 2652
[2021.05.28-12.39.47:024][  0]LogShaderCompilers: Display: Worker (1/3): shaders left to compile 2651
[2021.05.28-12.39.47:024][  0]LogShaderCompilers: Display: Worker (3/3): shaders left to compile 2650
[2021.05.28-12.39.47:024][  0]LogShaderCompilers: Display: Worker (2/3): shaders left to compile 2649
[2021.05.28-12.39.47:024][  0]LogShaderCompilers: Display: Worker (3/3): shaders left to compile 2648
[2021.05.28-12.39.47:024][  0]LogShaderCompilers: Display: Worker (1/3): shaders left to compile 2647
[2021.05.28-12.39.47:024][  0]LogShaderCompilers: Display: Worker (2/3): shaders left to compile 2646
[2021.05.28-12.39.47:024][  0]LogShaderCompilers: Display: Worker (3/3): shaders left to compile 2645
[2021.05.28-12.39.47:024][  0]LogShaderCompilers: Display: Worker (1/3): shaders left to compile 2644
[2021.05.28-12.39.47:024][  0]LogShaderCompilers: Display: Worker (2/3): shaders left to compile 2643
[2021.05.28-12.39.47:024][  0]LogShaderCompilers: Display: Worker (3/3): shaders left to compile 2642
[2021.05.28-12.39.47:024][  0]LogShaderCompilers: Display: Worker (1/3): shaders left to compile 2641
[2021.05.28-12.39.47:024][  0]LogShaderCompilers: Display: Worker (3/3): shaders left to compile 2640
[2021.05.28-12.39.47:024][  0]LogShaderCompilers: Display: Worker (2/3): shaders left to compile 2639
[2021.05.28-12.39.47:024][  0]LogShaderCompilers: Display: Worker (1/3): shaders left to compile 2638
[2021.05.28-12.39.47:024][  0]LogShaderCompilers: Display: Worker (2/3): shaders left to compile 2637
[2021.05.28-12.39.47:024][  0]LogInit: Selected Device Profile: [Windows]
[2021.05.28-12.39.48:711][  0]LogShaderCompilers: Display: Worker (1/3): shaders left to compile 2636
[2021.05.28-12.39.48:711][  0]LogShaderCompilers: Display: Worker (3/3): shaders left to compile 2635
[2021.05.28-12.39.48:711][  0]LogShaderCompilers: Display: Worker (2/3): shaders left to compile 2634
[2021.05.28-12.39.48:711][  0]LogShaderCompilers: Display: Worker (1/3): shaders left to compile 2633
[2021.05.28-12.39.48:711][  0]LogShaderCompilers: Display: Worker (2/3): shaders left to compile 2632
[2021.05.28-12.39.48:711][  0]LogShaderCompilers: Display: Worker (3/3): shaders left to compile 2631
[2021.05.28-12.39.48:711][  0]LogShaderCompilers: Display: Worker (1/3): shaders left to compile 2630
[2021.05.28-12.39.48:711][  0]LogShaderCompilers: Display: Worker (3/3): shaders left to compile 2629
[2021.05.28-12.39.48:711][  0]LogShaderCompilers: Display: Worker (3/3): shaders left to compile 2628
[2021.05.28-12.39.48:711][  0]LogShaderCompilers: Display: Worker (1/3): shaders left to compile 2627
[2021.05.28-12.39.48:711][  0]LogShaderCompilers: Display: Worker (3/3): shaders left to compile 2626
[2021.05.28-12.39.48:711][  0]LogShaderCompilers: Display: Worker (2/3): shaders left to compile 2625
[2021.05.28-12.39.48:711][  0]LogShaderCompilers: Display: Worker (1/3): shaders left to compile 2624
[2021.05.28-12.39.48:711][  0]LogShaderCompilers: Display: Worker (3/3): shaders left to compile 2623
[2021.05.28-12.39.48:711][  0]LogShaderCompilers: Display: Worker (3/3): shaders left to compile 2622
[2021.05.28-12.39.48:711][  0]LogShaderCompilers: Display: Worker (1/3): shaders left to compile 2621
[2021.05.28-12.39.48:711][  0]LogShaderCompilers: Display: Worker (3/3): shaders left to compile 2620
[2021.05.28-12.39.48:711][  0]LogShaderCompilers: Display: Worker (1/3): shaders left to compile 2619
[2021.05.28-12.39.48:711][  0]LogShaderCompilers: Display: Worker (2/3): shaders left to compile 2618
[2021.05.28-12.39.48:711][  0]LogShaderCompilers: Display: Worker (3/3): shaders left to compile 2617
[2021.05.28-12.39.48:711][  0]LogShaderCompilers: Display: Worker (1/3): shaders left to compile 2616
[2021.05.28-12.39.48:711][  0]LogMaterial: Display: Missing cached shader map for material DefaultDeferredDecalMaterial, compiling. 
[2021.05.28-12.39.50:794][  0]LogShaderCompilers: Display: Worker (1/3): shaders left to compile 2787
[2021.05.28-12.39.50:794][  0]LogShaderCompilers: Display: Worker (1/3): shaders left to compile 2786
[2021.05.28-12.39.50:794][  0]LogShaderCompilers: Display: Worker (1/3): shaders left to compile 2785
[2021.05.28-12.39.50:794][  0]LogShaderCompilers: Display: Worker (1/3): shaders left to compile 2784
[2021.05.28-12.39.51:353][  0]LogShaderCompilers: Display: Worker (1/3): shaders left to compile 2783
[2021.05.28-12.39.51:353][  0]LogShaderCompilers: Display: Worker (3/3): shaders left to compile 2782
[2021.05.28-12.39.51:353][  0]LogShaderCompilers: Display: Worker (3/3): shaders left to compile 2781
[2021.05.28-12.39.51:353][  0]LogShaderCompilers: Display: Worker (1/3): shaders left to compile 2780
[2021.05.28-12.39.51:353][  0]LogShaderCompilers: Display: Worker (3/3): shaders left to compile 2779
[2021.05.28-12.39.51:353][  0]LogShaderCompilers: Display: Worker (1/3): shaders left to compile 2778
[2021.05.28-12.39.51:913][  0]LogShaderCompilers: Display: Worker (1/3): shaders left to compile 2777
[2021.05.28-12.39.51:913][  0]LogShaderCompilers: Display: Worker (3/3): shaders left to compile 2776
[2021.05.28-12.39.51:913][  0]LogShaderCompilers: Display: Worker (1/3): shaders left to compile 2775
[2021.05.28-12.39.51:913][  0]LogShaderCompilers: Display: Worker (3/3): shaders left to compile 2774
[2021.05.28-12.39.51:913][  0]LogShaderCompilers: Display: Worker (3/3): shaders left to compile 2773
[2021.05.28-12.39.51:913][  0]LogShaderCompilers: Display: Worker (1/3): shaders left to compile 2772
[2021.05.28-12.39.52:472][  0]LogShaderCompilers: Display: Worker (3/3): shaders left to compile 2771
[2021.05.28-12.39.52:472][  0]LogShaderCompilers: Display: Worker (3/3): shaders left to compile 2770
[2021.05.28-12.39.52:472][  0]LogShaderCompilers: Display: Worker (1/3): shaders left to compile 2769
[2021.05.28-12.39.53:032][  0]LogShaderCompilers: Display: Worker (3/3): shaders left to compile 2768
[2021.05.28-12.39.53:032][  0]LogShaderCompilers: Display: Worker (1/3): shaders left to compile 2767
[2021.05.28-12.39.53:591][  0]LogShaderCompilers: Display: Worker (1/3): shaders left to compile 2766
[2021.05.28-12.39.53:591][  0]LogShaderCompilers: Display: Worker (3/3): shaders left to compile 2765
[2021.05.28-12.39.53:591][  0]LogShaderCompilers: Display: Worker (1/3): shaders left to compile 2764
[2021.05.28-12.39.53:591][  0]LogShaderCompilers: Display: Worker (3/3): shaders left to compile 2763
[2021.05.28-12.39.53:591][  0]LogShaderCompilers: Display: Worker (3/3): shaders left to compile 2762
[2021.05.28-12.39.53:591][  0]LogShaderCompilers: Display: Worker (1/3): shaders left to compile 2761
[2021.05.28-12.39.53:591][  0]LogShaderCompilers: Display: Worker (3/3): shaders left to compile 2760
[2021.05.28-12.39.53:591][  0]LogShaderCompilers: Display: Worker (1/3): shaders left to compile 2759
[2021.05.28-12.39.54:153][  0]LogShaderCompilers: Display: Worker (3/3): shaders left to compile 2758
[2021.05.28-12.39.54:153][  0]LogShaderCompilers: Display: Worker (1/3): shaders left to compile 2757
[2021.05.28-12.39.54:153][  0]LogShaderCompilers: Display: Worker (3/3): shaders left to compile 2756
[2021.05.28-12.39.54:153][  0]LogShaderCompilers: Display: Worker (1/3): shaders left to compile 2755
[2021.05.28-12.39.54:712][  0]LogShaderCompilers: Display: Worker (3/3): shaders left to compile 2754
[2021.05.28-12.39.54:712][  0]LogShaderCompilers: Display: Worker (1/3): shaders left to compile 2753
[2021.05.28-12.39.54:712][  0]LogShaderCompilers: Display: Worker (3/3): shaders left to compile 2752
[2021.05.28-12.39.54:712][  0]LogShaderCompilers: Display: Worker (3/3): shaders left to compile 2751
[2021.05.28-12.39.54:712][  0]LogShaderCompilers: Display: Worker (1/3): shaders left to compile 2750
[2021.05.28-12.39.54:712][  0]LogShaderCompilers: Display: Worker (1/3): shaders left to compile 2749
[2021.05.28-12.39.54:712][  0]LogShaderCompilers: Display: Worker (3/3): shaders left to compile 2748
[2021.05.28-12.39.55:272][  0]LogShaderCompilers: Display: Worker (1/3): shaders left to compile 2747
[2021.05.28-12.39.55:272][  0]LogShaderCompilers: Display: Worker (3/3): shaders left to compile 2746
[2021.05.28-12.39.55:272][  0]LogShaderCompilers: Display: Worker (1/3): shaders left to compile 2745
[2021.05.28-12.39.55:272][  0]LogShaderCompilers: Display: Worker (3/3): shaders left to compile 2744
[2021.05.28-12.39.55:272][  0]LogShaderCompilers: Display: Worker (1/3): shaders left to compile 2743
[2021.05.28-12.39.55:272][  0]LogShaderCompilers: Display: Worker (3/3): shaders left to compile 2742
[2021.05.28-12.39.55:272][  0]LogShaderCompilers: Display: Worker (1/3): shaders left to compile 2741
[2021.05.28-12.39.55:272][  0]LogShaderCompilers: Display: Worker (3/3): shaders left to compile 2740
[2021.05.28-12.39.55:831][  0]LogShaderCompilers: Display: Worker (1/3): shaders left to compile 2739
[2021.05.28-12.39.55:831][  0]LogShaderCompilers: Display: Worker (3/3): shaders left to compile 2738
[2021.05.28-12.39.55:831][  0]LogShaderCompilers: Display: Worker (1/3): shaders left to compile 2737
[2021.05.28-12.39.55:831][  0]LogShaderCompilers: Display: Worker (3/3): shaders left to compile 2736
[2021.05.28-12.39.55:831][  0]LogShaderCompilers: Display: Worker (3/3): shaders left to compile 2735
[2021.05.28-12.39.55:831][  0]LogShaderCompilers: Display: Worker (1/3): shaders left to compile 2734
[2021.05.28-12.39.56:391][  0]LogShaderCompilers: Display: Worker (3/3): shaders left to compile 2733
[2021.05.28-12.39.56:391][  0]LogShaderCompilers: Display: Worker (1/3): shaders left to compile 2732
[2021.05.28-12.39.56:391][  0]LogShaderCompilers: Display: Worker (3/3): shaders left to compile 2731
[2021.05.28-12.39.56:391][  0]LogShaderCompilers: Display: Worker (1/3): shaders left to compile 2730
[2021.05.28-12.39.56:391][  0]LogShaderCompilers: Display: Worker (3/3): shaders left to compile 2729
[2021.05.28-12.39.56:391][  0]LogShaderCompilers: Display: Worker (1/3): shaders left to compile 2728
[2021.05.28-12.39.57:510][  0]LogShaderCompilers: Display: Worker (1/3): shaders left to compile 2727
[2021.05.28-12.39.58:069][  0]LogShaderCompilers: Display: Worker (3/3): shaders left to compile 2726
[2021.05.28-12.39.58:069][  0]LogShaderCompilers: Display: Worker (3/3): shaders left to compile 2725
[2021.05.28-12.39.58:629][  0]LogShaderCompilers: Display: Worker (1/3): shaders left to compile 2724
[2021.05.28-12.39.58:629][  0]LogShaderCompilers: Display: Worker (3/3): shaders left to compile 2723
[2021.05.28-12.39.59:748][  0]LogShaderCompilers: Display: Worker (1/3): shaders left to compile 2722
[2021.05.28-12.39.59:748][  0]LogShaderCompilers: Display: Worker (2/3): shaders left to compile 2721
[2021.05.28-12.39.59:748][  0]LogShaderCompilers: Display: Worker (3/3): shaders left to compile 2720
[2021.05.28-12.40.00:307][  0]LogShaderCompilers: Display: Worker (1/3): shaders left to compile 2719
[2021.05.28-12.40.00:867][  0]LogShaderCompilers: Display: Worker (2/3): shaders left to compile 2718
[2021.05.28-12.40.00:867][  0]LogShaderCompilers: Display: Worker (3/3): shaders left to compile 2717
[2021.05.28-12.40.01:426][  0]LogShaderCompilers: Display: Worker (1/3): shaders left to compile 2716
[2021.05.28-12.40.01:426][  0]LogShaderCompilers: Display: Worker (2/3): shaders left to compile 2715
[2021.05.28-12.40.01:986][  0]LogShaderCompilers: Display: Worker (3/3): shaders left to compile 2714
[2021.05.28-12.40.02:545][  0]LogShaderCompilers: Display: Worker (1/3): shaders left to compile 2713
[2021.05.28-12.40.02:545][  0]LogShaderCompilers: Display: Worker (2/3): shaders left to compile 2712
[2021.05.28-12.40.02:545][  0]LogShaderCompilers: Display: Worker (3/3): shaders left to compile 2711
[2021.05.28-12.40.03:664][  0]LogShaderCompilers: Display: Worker (1/3): shaders left to compile 2710
[2021.05.28-12.40.03:664][  0]LogShaderCompilers: Display: Worker (2/3): shaders left to compile 2709
[2021.05.28-12.40.03:664][  0]LogShaderCompilers: Display: Worker (3/3): shaders left to compile 2708
[2021.05.28-12.40.04:783][  0]LogShaderCompilers: Display: Worker (1/3): shaders left to compile 2707
[2021.05.28-12.40.04:783][  0]LogShaderCompilers: Display: Worker (2/3): shaders left to compile 2706
[2021.05.28-12.40.04:783][  0]LogShaderCompilers: Display: Worker (3/3): shaders left to compile 2705
[2021.05.28-12.40.05:902][  0]LogShaderCompilers: Display: Worker (1/3): shaders left to compile 2704
[2021.05.28-12.40.06:462][  0]LogShaderCompilers: Display: Worker (2/3): shaders left to compile 2703
[2021.05.28-12.40.06:462][  0]LogShaderCompilers: Display: Worker (3/3): shaders left to compile 2702
[2021.05.28-12.40.08:141][  0]LogShaderCompilers: Display: Worker (1/3): shaders left to compile 2701
[2021.05.28-12.40.08:701][  0]LogShaderCompilers: Display: Worker (2/3): shaders left to compile 2700
[2021.05.28-12.40.09:820][  0]LogShaderCompilers: Display: Worker (3/3): shaders left to compile 2699
[2021.05.28-12.40.11:498][  0]LogShaderCompilers: Display: Worker (1/3): shaders left to compile 2698
[2021.05.28-12.40.12:617][  0]LogShaderCompilers: Display: Worker (2/3): shaders left to compile 2697
[2021.05.28-12.40.13:736][  0]LogShaderCompilers: Display: Worker (3/3): shaders left to compile 2696
[2021.05.28-12.40.15:974][  0]LogShaderCompilers: Display: Worker (1/3): shaders left to compile 2695
[2021.05.28-12.40.17:653][  0]LogShaderCompilers: Display: Worker (2/3): shaders left to compile 2694
[2021.05.28-12.40.18:772][  0]LogShaderCompilers: Display: Worker (3/3): shaders left to compile 2693
[2021.05.28-12.40.21:569][  0]LogShaderCompilers: Display: Worker (1/3): shaders left to compile 2692
[2021.05.28-12.40.23:248][  0]LogShaderCompilers: Display: Worker (1/3): shaders left to compile 2691
[2021.05.28-12.40.23:807][  0]LogShaderCompilers: Display: Worker (2/3): shaders left to compile 2690
[2021.05.28-12.40.23:807][  0]LogShaderCompilers: Display: Worker (1/3): shaders left to compile 2689
[2021.05.28-12.40.24:926][  0]LogShaderCompilers: Display: Worker (2/3): shaders left to compile 2688
[2021.05.28-12.40.25:486][  0]LogShaderCompilers: Display: Worker (1/3): shaders left to compile 2687
[2021.05.28-12.40.26:045][  0]LogShaderCompilers: Display: Worker (3/3): shaders left to compile 2686
[2021.05.28-12.40.26:045][  0]LogShaderCompilers: Display: Worker (2/3): shaders left to compile 2685
[2021.05.28-12.40.26:605][  0]LogShaderCompilers: Display: Worker (1/3): shaders left to compile 2684
[2021.05.28-12.40.27:164][  0]LogShaderCompilers: Display: Worker (3/3): shaders left to compile 2683
[2021.05.28-12.40.27:164][  0]LogShaderCompilers: Display: Worker (2/3): shaders left to compile 2682
[2021.05.28-12.40.27:724][  0]LogShaderCompilers: Display: Worker (1/3): shaders left to compile 2681
[2021.05.28-12.40.28:283][  0]LogShaderCompilers: Display: Worker (3/3): shaders left to compile 2680
[2021.05.28-12.40.28:843][  0]LogShaderCompilers: Display: Worker (2/3): shaders left to compile 2679
[2021.05.28-12.40.28:843][  0]LogShaderCompilers: Display: Worker (1/3): shaders left to compile 2678
[2021.05.28-12.40.29:962][  0]LogShaderCompilers: Display: Worker (3/3): shaders left to compile 2677
[2021.05.28-12.40.29:962][  0]LogShaderCompilers: Display: Worker (2/3): shaders left to compile 2676
[2021.05.28-12.40.29:962][  0]LogShaderCompilers: Display: Worker (1/3): shaders left to compile 2675
[2021.05.28-12.40.31:081][  0]LogShaderCompilers: Display: Worker (3/3): shaders left to compile 2674
[2021.05.28-12.40.31:081][  0]LogShaderCompilers: Display: Worker (2/3): shaders left to compile 2673
[2021.05.28-12.40.31:641][  0]LogShaderCompilers: Display: Worker (1/3): shaders left to compile 2672
[2021.05.28-12.40.33:319][  0]LogShaderCompilers: Display: Worker (3/3): shaders left to compile 2671
[2021.05.28-12.40.33:879][  0]LogShaderCompilers: Display: Worker (2/3): shaders left to compile 2670
[2021.05.28-12.40.35:557][  0]LogShaderCompilers: Display: Worker (1/3): shaders left to compile 2669
[2021.05.28-12.40.37:236][  0]LogShaderCompilers: Display: Worker (3/3): shaders left to compile 2668
[2021.05.28-12.40.38:914][  0]LogShaderCompilers: Display: Worker (2/3): shaders left to compile 2667
[2021.05.28-12.40.41:152][  0]LogShaderCompilers: Display: Worker (1/3): shaders left to compile 2666
[2021.05.28-12.40.44:509][  0]LogShaderCompilers: Display: Worker (3/3): shaders left to compile 2665
[2021.05.28-12.40.46:747][  0]LogShaderCompilers: Display: Worker (2/3): shaders left to compile 2664
[2021.05.28-12.40.50:104][  0]LogShaderCompilers: Display: Worker (1/3): shaders left to compile 2663
[2021.05.28-12.40.54:021][  0]LogShaderCompilers: Display: Worker (3/3): shaders left to compile 2662
[2021.05.28-12.40.57:942][  0]LogShaderCompilers: Display: Worker (2/3): shaders left to compile 2661
[2021.05.28-12.41.03:537][  0]LogShaderCompilers: Display: Worker (1/3): shaders left to compile 2660
[2021.05.28-12.41.04:097][  0]LogShaderCompilers: Display: Worker (1/3): shaders left to compile 2659
[2021.05.28-12.41.04:656][  0]LogShaderCompilers: Display: Worker (1/3): shaders left to compile 2658
[2021.05.28-12.41.05:216][  0]LogShaderCompilers: Display: Worker (1/3): shaders left to compile 2657
[2021.05.28-12.41.05:775][  0]LogShaderCompilers: Display: Worker (1/3): shaders left to compile 2656
[2021.05.28-12.41.06:894][  0]LogShaderCompilers: Display: Worker (1/3): shaders left to compile 2655
[2021.05.28-12.41.07:454][  0]LogShaderCompilers: Display: Worker (1/3): shaders left to compile 2654
[2021.05.28-12.41.08:013][  0]LogShaderCompilers: Display: Worker (1/3): shaders left to compile 2653
[2021.05.28-12.41.09:132][  0]LogShaderCompilers: Display: Worker (1/3): shaders left to compile 2652
[2021.05.28-12.41.09:132][  0]LogShaderCompilers: Display: Worker (3/3): shaders left to compile 2651
[2021.05.28-12.41.09:132][  0]LogShaderCompilers: Display: Worker (1/3): shaders left to compile 2650
[2021.05.28-12.41.09:692][  0]LogShaderCompilers: Display: Worker (3/3): shaders left to compile 2649
[2021.05.28-12.41.09:692][  0]LogShaderCompilers: Display: Worker (1/3): shaders left to compile 2648
[2021.05.28-12.41.09:692][  0]LogShaderCompilers: Display: Worker (3/3): shaders left to compile 2647
[2021.05.28-12.41.09:692][  0]LogShaderCompilers: Display: Worker (1/3): shaders left to compile 2646
[2021.05.28-12.41.09:692][  0]LogShaderCompilers: Display: Worker (1/3): shaders left to compile 2645
[2021.05.28-12.41.09:692][  0]LogShaderCompilers: Display: Worker (3/3): shaders left to compile 2644
[2021.05.28-12.41.10:251][  0]LogShaderCompilers: Display: Worker (1/3): shaders left to compile 2643
[2021.05.28-12.41.10:251][  0]LogShaderCompilers: Display: Worker (3/3): shaders left to compile 2642
[2021.05.28-12.41.10:251][  0]LogShaderCompilers: Display: Worker (1/3): shaders left to compile 2641
[2021.05.28-12.41.10:251][  0]LogShaderCompilers: Display: Worker (3/3): shaders left to compile 2640
[2021.05.28-12.41.10:251][  0]LogShaderCompilers: Display: Worker (1/3): shaders left to compile 2639
[2021.05.28-12.41.10:251][  0]LogShaderCompilers: Display: Worker (3/3): shaders left to compile 2638
[2021.05.28-12.41.14:727][  0]LogShaderCompilers: Display: Worker (2/3): shaders left to compile 2637
[2021.05.28-12.41.14:727][  0]LogShaderCompilers: Display: Worker (2/3): shaders left to compile 2636
[2021.05.28-12.41.15:287][  0]LogShaderCompilers: Display: Worker (2/3): shaders left to compile 2635
[2021.05.28-12.41.15:287][  0]LogShaderCompilers: Display: Worker (2/3): shaders left to compile 2634
[2021.05.28-12.41.16:406][  0]LogShaderCompilers: Display: Worker (2/3): shaders left to compile 2633
[2021.05.28-12.41.16:965][  0]LogShaderCompilers: Display: Worker (2/3): shaders left to compile 2632
[2021.05.28-12.41.18:644][  0]LogShaderCompilers: Display: Worker (2/3): shaders left to compile 2631
[2021.05.28-12.41.20:322][  0]LogShaderCompilers: Display: Worker (2/3): shaders left to compile 2630
[2021.05.28-12.41.20:882][  0]LogShaderCompilers: Display: Worker (2/3): shaders left to compile 2629
[2021.05.28-12.41.21:441][  0]LogShaderCompilers: Display: Worker (2/3): shaders left to compile 2628
[2021.05.28-12.41.22:001][  0]LogShaderCompilers: Display: Worker (2/3): shaders left to compile 2627
[2021.05.28-12.41.22:560][  0]LogShaderCompilers: Display: Worker (2/3): shaders left to compile 2626
[2021.05.28-12.41.23:120][  0]LogShaderCompilers: Display: Worker (2/3): shaders left to compile 2625
[2021.05.28-12.41.23:679][  0]LogShaderCompilers: Display: Worker (2/3): shaders left to compile 2624
[2021.05.28-12.41.24:239][  0]LogShaderCompilers: Display: Worker (2/3): shaders left to compile 2623
[2021.05.28-12.41.24:239][  0]LogShaderCompilers: Display: Worker (2/3): shaders left to compile 2622
[2021.05.28-12.41.24:798][  0]LogShaderCompilers: Display: Worker (2/3): shaders left to compile 2621
[2021.05.28-12.41.25:358][  0]LogShaderCompilers: Display: Worker (2/3): shaders left to compile 2620
[2021.05.28-12.41.25:917][  0]LogShaderCompilers: Display: Worker (2/3): shaders left to compile 2619
[2021.05.28-12.41.26:477][  0]LogShaderCompilers: Display: Worker (2/3): shaders left to compile 2618
[2021.05.28-12.41.27:036][  0]LogShaderCompilers: Display: Worker (2/3): shaders left to compile 2617
[2021.05.28-12.41.27:596][  0]LogShaderCompilers: Display: Worker (2/3): shaders left to compile 2616
[2021.05.28-12.41.28:155][  0]LogShaderCompilers: Display: Worker (2/3): shaders left to compile 2615
[2021.05.28-12.41.28:715][  0]LogShaderCompilers: Display: Worker (2/3): shaders left to compile 2614
[2021.05.28-12.41.29:274][  0]LogShaderCompilers: Display: Worker (2/3): shaders left to compile 2613
[2021.05.28-12.41.29:274][  0]LogShaderCompilers: Display: Worker (2/3): shaders left to compile 2612
[2021.05.28-12.41.29:834][  0]LogShaderCompilers: Display: Worker (2/3): shaders left to compile 2611
[2021.05.28-12.41.29:834][  0]LogShaderCompilers: Display: Worker (2/3): shaders left to compile 2610
[2021.05.28-12.41.30:393][  0]LogShaderCompilers: Display: Worker (2/3): shaders left to compile 2609
[2021.05.28-12.41.30:953][  0]LogShaderCompilers: Display: Worker (2/3): shaders left to compile 2608
[2021.05.28-12.41.30:953][  0]LogShaderCompilers: Display: Worker (2/3): shaders left to compile 2607
[2021.05.28-12.41.32:072][  0]LogShaderCompilers: Display: Worker (2/3): shaders left to compile 2606
[2021.05.28-12.41.32:072][  0]LogShaderCompilers: Display: Worker (2/3): shaders left to compile 2605
[2021.05.28-12.41.32:631][  0]LogShaderCompilers: Display: Worker (2/3): shaders left to compile 2604
[2021.05.28-12.41.32:631][  0]LogShaderCompilers: Display: Worker (2/3): shaders left to compile 2603
[2021.05.28-12.41.33:191][  0]LogShaderCompilers: Display: Worker (2/3): shaders left to compile 2602
[2021.05.28-12.41.33:750][  0]LogShaderCompilers: Display: Worker (1/3): shaders left to compile 2601
[2021.05.28-12.41.33:750][  0]LogShaderCompilers: Display: Worker (1/3): shaders left to compile 2600
[2021.05.28-12.41.33:750][  0]LogShaderCompilers: Display: Worker (2/3): shaders left to compile 2599
[2021.05.28-12.41.34:310][  0]LogShaderCompilers: Display: Worker (1/3): shaders left to compile 2598
[2021.05.28-12.41.34:310][  0]LogShaderCompilers: Display: Worker (2/3): shaders left to compile 2597
[2021.05.28-12.41.34:310][  0]LogShaderCompilers: Display: Worker (1/3): shaders left to compile 2596
[2021.05.28-12.41.34:869][  0]LogShaderCompilers: Display: Worker (2/3): shaders left to compile 2595
[2021.05.28-12.41.34:869][  0]LogShaderCompilers: Display: Worker (2/3): shaders left to compile 2594
[2021.05.28-12.41.34:869][  0]LogShaderCompilers: Display: Worker (1/3): shaders left to compile 2593
[2021.05.28-12.41.35:429][  0]LogShaderCompilers: Display: Worker (2/3): shaders left to compile 2592
[2021.05.28-12.41.35:429][  0]LogShaderCompilers: Display: Worker (1/3): shaders left to compile 2591
[2021.05.28-12.41.35:988][  0]LogShaderCompilers: Display: Worker (2/3): shaders left to compile 2590
[2021.05.28-12.41.35:988][  0]LogShaderCompilers: Display: Worker (1/3): shaders left to compile 2589
[2021.05.28-12.41.36:548][  0]LogShaderCompilers: Display: Worker (1/3): shaders left to compile 2588
[2021.05.28-12.41.36:548][  0]LogShaderCompilers: Display: Worker (2/3): shaders left to compile 2587
[2021.05.28-12.41.36:548][  0]LogShaderCompilers: Display: Worker (1/3): shaders left to compile 2586
[2021.05.28-12.41.37:107][  0]LogShaderCompilers: Display: Worker (2/3): shaders left to compile 2585
[2021.05.28-12.41.37:667][  0]LogShaderCompilers: Display: Worker (1/3): shaders left to compile 2584
[2021.05.28-12.41.38:226][  0]LogShaderCompilers: Display: Worker (2/3): shaders left to compile 2583
[2021.05.28-12.41.38:226][  0]LogShaderCompilers: Display: Worker (1/3): shaders left to compile 2582
[2021.05.28-12.41.38:226][  0]LogShaderCompilers: Display: Worker (2/3): shaders left to compile 2581
[2021.05.28-12.41.38:786][  0]LogShaderCompilers: Display: Worker (2/3): shaders left to compile 2580
[2021.05.28-12.41.38:786][  0]LogShaderCompilers: Display: Worker (1/3): shaders left to compile 2579
[2021.05.28-12.41.38:786][  0]LogShaderCompilers: Display: Worker (2/3): shaders left to compile 2578
[2021.05.28-12.41.38:786][  0]LogShaderCompilers: Display: Worker (1/3): shaders left to compile 2577
[2021.05.28-12.41.39:345][  0]LogShaderCompilers: Display: Worker (2/3): shaders left to compile 2576
[2021.05.28-12.41.39:345][  0]LogShaderCompilers: Display: Worker (1/3): shaders left to compile 2575
[2021.05.28-12.41.39:345][  0]LogShaderCompilers: Display: Worker (2/3): shaders left to compile 2574
[2021.05.28-12.41.39:905][  0]LogShaderCompilers: Display: Worker (1/3): shaders left to compile 2573
[2021.05.28-12.41.39:905][  0]LogShaderCompilers: Display: Worker (2/3): shaders left to compile 2572
[2021.05.28-12.41.39:905][  0]LogShaderCompilers: Display: Worker (1/3): shaders left to compile 2571
[2021.05.28-12.41.40:464][  0]LogShaderCompilers: Display: Worker (2/3): shaders left to compile 2570
[2021.05.28-12.41.40:464][  0]LogShaderCompilers: Display: Worker (1/3): shaders left to compile 2569
[2021.05.28-12.41.41:024][  0]LogShaderCompilers: Display: Worker (2/3): shaders left to compile 2568
[2021.05.28-12.41.41:024][  0]LogShaderCompilers: Display: Worker (1/3): shaders left to compile 2567
[2021.05.28-12.41.41:583][  0]LogShaderCompilers: Display: Worker (2/3): shaders left to compile 2566
[2021.05.28-12.41.41:583][  0]LogShaderCompilers: Display: Worker (1/3): shaders left to compile 2565
[2021.05.28-12.41.42:702][  0]LogShaderCompilers: Display: Worker (2/3): shaders left to compile 2564
[2021.05.28-12.41.42:702][  0]LogShaderCompilers: Display: Worker (1/3): shaders left to compile 2563
[2021.05.28-12.41.43:262][  0]LogShaderCompilers: Display: Worker (2/3): shaders left to compile 2562
[2021.05.28-12.41.43:262][  0]LogShaderCompilers: Display: Worker (1/3): shaders left to compile 2561
[2021.05.28-12.41.43:821][  0]LogShaderCompilers: Display: Worker (2/3): shaders left to compile 2560
[2021.05.28-12.41.43:821][  0]LogShaderCompilers: Display: Worker (1/3): shaders left to compile 2559
[2021.05.28-12.41.44:381][  0]LogShaderCompilers: Display: Worker (1/3): shaders left to compile 2558
[2021.05.28-12.41.44:381][  0]LogShaderCompilers: Display: Worker (2/3): shaders left to compile 2557
[2021.05.28-12.41.44:940][  0]LogShaderCompilers: Display: Worker (1/3): shaders left to compile 2556
[2021.05.28-12.41.44:940][  0]LogShaderCompilers: Display: Worker (2/3): shaders left to compile 2555
[2021.05.28-12.41.44:940][  0]LogShaderCompilers: Display: Worker (1/3): shaders left to compile 2554
[2021.05.28-12.41.44:940][  0]LogShaderCompilers: Display: Worker (2/3): shaders left to compile 2553
[2021.05.28-12.41.45:500][  0]LogShaderCompilers: Display: Worker (1/3): shaders left to compile 2552
[2021.05.28-12.41.45:500][  0]LogShaderCompilers: Display: Worker (2/3): shaders left to compile 2551
[2021.05.28-12.41.46:059][  0]LogShaderCompilers: Display: Worker (2/3): shaders left to compile 2550
[2021.05.28-12.41.46:059][  0]LogShaderCompilers: Display: Worker (1/3): shaders left to compile 2549
[2021.05.28-12.41.46:059][  0]LogShaderCompilers: Display: Worker (2/3): shaders left to compile 2548
[2021.05.28-12.41.46:622][  0]LogShaderCompilers: Display: Worker (1/3): shaders left to compile 2547
[2021.05.28-12.41.46:622][  0]LogShaderCompilers: Display: Worker (2/3): shaders left to compile 2546
[2021.05.28-12.41.46:622][  0]LogShaderCompilers: Display: Worker (1/3): shaders left to compile 2545
[2021.05.28-12.41.46:622][  0]LogShaderCompilers: Display: Worker (2/3): shaders left to compile 2544
[2021.05.28-12.41.47:202][  0]LogShaderCompilers: Display: Worker (1/3): shaders left to compile 2543
[2021.05.28-12.41.47:764][  0]LogShaderCompilers: Display: Worker (2/3): shaders left to compile 2542
[2021.05.28-12.41.47:764][  0]LogShaderCompilers: Display: Worker (1/3): shaders left to compile 2541
[2021.05.28-12.41.48:323][  0]LogShaderCompilers: Display: Worker (2/3): shaders left to compile 2540
[2021.05.28-12.41.48:323][  0]LogShaderCompilers: Display: Worker (1/3): shaders left to compile 2539
[2021.05.28-12.41.48:883][  0]LogShaderCompilers: Display: Worker (2/3): shaders left to compile 2538
[2021.05.28-12.41.48:883][  0]LogShaderCompilers: Display: Worker (1/3): shaders left to compile 2537
[2021.05.28-12.41.49:442][  0]LogShaderCompilers: Display: Worker (2/3): shaders left to compile 2536
[2021.05.28-12.41.49:442][  0]LogShaderCompilers: Display: Worker (1/3): shaders left to compile 2535
[2021.05.28-12.41.50:002][  0]LogShaderCompilers: Display: Worker (2/3): shaders left to compile 2534
[2021.05.28-12.41.50:002][  0]LogShaderCompilers: Display: Worker (1/3): shaders left to compile 2533
[2021.05.28-12.41.50:561][  0]LogShaderCompilers: Display: Worker (2/3): shaders left to compile 2532
[2021.05.28-12.41.50:561][  0]LogShaderCompilers: Display: Worker (1/3): shaders left to compile 2531
[2021.05.28-12.41.51:121][  0]LogShaderCompilers: Display: Worker (2/3): shaders left to compile 2530
[2021.05.28-12.41.51:121][  0]LogShaderCompilers: Display: Worker (1/3): shaders left to compile 2529
[2021.05.28-12.41.51:121][  0]LogShaderCompilers: Display: Worker (2/3): shaders left to compile 2528
[2021.05.28-12.41.51:121][  0]LogShaderCompilers: Display: Worker (1/3): shaders left to compile 2527
[2021.05.28-12.41.51:680][  0]LogShaderCompilers: Display: Worker (2/3): shaders left to compile 2526
[2021.05.28-12.41.51:680][  0]LogShaderCompilers: Display: Worker (1/3): shaders left to compile 2525
[2021.05.28-12.41.51:680][  0]LogShaderCompilers: Display: Worker (2/3): shaders left to compile 2524
[2021.05.28-12.41.52:240][  0]LogShaderCompilers: Display: Worker (1/3): shaders left to compile 2523
[2021.05.28-12.41.52:240][  0]LogShaderCompilers: Display: Worker (2/3): shaders left to compile 2522
[2021.05.28-12.41.52:240][  0]LogShaderCompilers: Display: Worker (1/3): shaders left to compile 2521
[2021.05.28-12.41.52:800][  0]LogShaderCompilers: Display: Worker (2/3): shaders left to compile 2520
[2021.05.28-12.41.52:800][  0]LogShaderCompilers: Display: Worker (1/3): shaders left to compile 2519
[2021.05.28-12.41.52:800][  0]LogShaderCompilers: Display: Worker (2/3): shaders left to compile 2518
[2021.05.28-12.41.53:361][  0]LogShaderCompilers: Display: Worker (1/3): shaders left to compile 2517
[2021.05.28-12.41.53:361][  0]LogShaderCompilers: Display: Worker (1/3): shaders left to compile 2516
[2021.05.28-12.41.53:361][  0]LogShaderCompilers: Display: Worker (2/3): shaders left to compile 2515
[2021.05.28-12.41.53:361][  0]LogShaderCompilers: Display: Worker (1/3): shaders left to compile 2514
[2021.05.28-12.41.53:361][  0]LogShaderCompilers: Display: Worker (2/3): shaders left to compile 2513
[2021.05.28-12.41.53:361][  0]LogShaderCompilers: Display: Worker (1/3): shaders left to compile 2512
[2021.05.28-12.41.53:361][  0]LogShaderCompilers: Display: Worker (2/3): shaders left to compile 2511
[2021.05.28-12.41.53:920][  0]LogShaderCompilers: Display: Worker (1/3): shaders left to compile 2510
[2021.05.28-12.41.53:920][  0]LogShaderCompilers: Display: Worker (2/3): shaders left to compile 2509
[2021.05.28-12.41.53:920][  0]LogShaderCompilers: Display: Worker (1/3): shaders left to compile 2508
[2021.05.28-12.41.53:920][  0]LogShaderCompilers: Display: Worker (2/3): shaders left to compile 2507
[2021.05.28-12.41.53:920][  0]LogShaderCompilers: Display: Worker (2/3): shaders left to compile 2506
[2021.05.28-12.41.53:920][  0]LogShaderCompilers: Display: Worker (2/3): shaders left to compile 2505
[2021.05.28-12.41.54:482][  0]LogShaderCompilers: Display: Worker (1/3): shaders left to compile 2504
[2021.05.28-12.41.54:482][  0]LogShaderCompilers: Display: Worker (2/3): shaders left to compile 2503
[2021.05.28-12.41.55:043][  0]LogShaderCompilers: Display: Worker (1/3): shaders left to compile 2502
[2021.05.28-12.41.55:603][  0]LogShaderCompilers: Display: Worker (2/3): shaders left to compile 2501
[2021.05.28-12.41.55:603][  0]LogShaderCompilers: Display: Worker (3/3): shaders left to compile 2500
[2021.05.28-12.41.55:603][  0]LogShaderCompilers: Display: Worker (2/3): shaders left to compile 2499
[2021.05.28-12.41.55:603][  0]LogShaderCompilers: Display: Worker (3/3): shaders left to compile 2498
[2021.05.28-12.41.56:162][  0]LogShaderCompilers: Display: Worker (1/3): shaders left to compile 2497
[2021.05.28-12.41.56:162][  0]LogShaderCompilers: Display: Worker (2/3): shaders left to compile 2496
[2021.05.28-12.41.56:162][  0]LogShaderCompilers: Display: Worker (1/3): shaders left to compile 2495
[2021.05.28-12.41.56:162][  0]LogShaderCompilers: Display: Worker (3/3): shaders left to compile 2494
[2021.05.28-12.41.56:722][  0]LogShaderCompilers: Display: Worker (2/3): shaders left to compile 2493
[2021.05.28-12.41.57:281][  0]LogShaderCompilers: Display: Worker (1/3): shaders left to compile 2492
[2021.05.28-12.41.57:281][  0]LogShaderCompilers: Display: Worker (3/3): shaders left to compile 2491
[2021.05.28-12.41.57:281][  0]LogShaderCompilers: Display: Worker (2/3): shaders left to compile 2490
[2021.05.28-12.41.57:281][  0]LogShaderCompilers: Display: Worker (1/3): shaders left to compile 2489
[2021.05.28-12.41.57:841][  0]LogShaderCompilers: Display: Worker (3/3): shaders left to compile 2488
[2021.05.28-12.41.57:841][  0]LogShaderCompilers: Display: Worker (2/3): shaders left to compile 2487
[2021.05.28-12.41.57:841][  0]LogShaderCompilers: Display: Worker (3/3): shaders left to compile 2486
[2021.05.28-12.41.58:400][  0]LogShaderCompilers: Display: Worker (2/3): shaders left to compile 2485
[2021.05.28-12.41.58:400][  0]LogShaderCompilers: Display: Worker (1/3): shaders left to compile 2484
[2021.05.28-12.41.58:400][  0]LogShaderCompilers: Display: Worker (3/3): shaders left to compile 2483
[2021.05.28-12.41.58:960][  0]LogShaderCompilers: Display: Worker (1/3): shaders left to compile 2482
[2021.05.28-12.41.58:960][  0]LogShaderCompilers: Display: Worker (2/3): shaders left to compile 2481
[2021.05.28-12.42.03:995][  0]LogShaderCompilers: Display: Worker (3/3): shaders left to compile 2480
[2021.05.28-12.42.06:233][  0]LogShaderCompilers: Display: Worker (1/3): shaders left to compile 2479
[2021.05.28-12.42.07:352][  0]LogShaderCompilers: Display: Worker (2/3): shaders left to compile 2478
[2021.05.28-12.42.09:031][  0]LogShaderCompilers: Display: Worker (3/3): shaders left to compile 2477
[2021.05.28-12.42.11:269][  0]LogShaderCompilers: Display: Worker (1/3): shaders left to compile 2476
[2021.05.28-12.42.11:829][  0]LogShaderCompilers: Display: Worker (3/3): shaders left to compile 2475
[2021.05.28-12.42.12:948][  0]LogShaderCompilers: Display: Worker (2/3): shaders left to compile 2474
[2021.05.28-12.42.23:019][  0]LogShaderCompilers: Display: Worker (1/3): shaders left to compile 2473
