Log file open, 05/28/21 18:35:24
LogInit: Display: Running engine for game: Anny_
LogPlatformFile: Not using cached read wrapper
LogTaskGraph: Started task graph with 5 named threads and 20 total threads with 3 sets of task threads.
LogStats: Stats thread started at 0.253352
LogD3D11RHI: Loaded GFSDK_Aftermath_Lib.x64.dll
LogICUInternationalization: ICU TimeZone Detection - Raw Offset: -3:00, Platform Override: ''
LogPluginManager: Mounting plugin Paper2D
LogPluginManager: Mounting plugin AISupport
LogPluginManager: Mounting plugin LightPropagationVolume
LogPluginManager: Mounting plugin CameraShakePreviewer
LogPluginManager: Mounting plugin ActorLayerUtilities
LogPluginManager: Mounting plugin AnimationSharing
LogPluginManager: Mounting plugin CLionSourceCodeAccess
LogPluginManager: Mounting plugin CodeLiteSourceCodeAccess
LogPluginManager: Mounting plugin GitSourceControl
LogPluginManager: Mounting plugin KDevelopSourceCodeAccess
LogPluginManager: Mounting plugin NullSourceCodeAccess
LogPluginManager: Mounting plugin PerforceSourceControl
LogPluginManager: Mounting plugin PlasticSourceControl
LogPluginManager: Mounting plugin RiderSourceCodeAccess
LogPluginManager: Mounting plugin SubversionSourceControl
LogPluginManager: Mounting plugin UObjectPlugin
LogPluginManager: Mounting plugin VisualStudioCodeSourceCodeAccess
LogPluginManager: Mounting plugin VisualStudioSourceCodeAccess
LogPluginManager: Mounting plugin XCodeSourceCodeAccess
LogPluginManager: Mounting plugin AssetManagerEditor
LogPluginManager: Mounting plugin CryptoKeys
LogPluginManager: Mounting plugin CurveEditorTools
LogPluginManager: Mounting plugin DataValidation
LogPluginManager: Mounting plugin EditorScriptingUtilities
LogPluginManager: Mounting plugin FacialAnimation
LogPluginManager: Mounting plugin GameplayTagsEditor
LogPluginManager: Mounting plugin GeometryMode
LogPluginManager: Mounting plugin MacGraphicsSwitching
LogPluginManager: Mounting plugin MaterialAnalyzer
LogPluginManager: Mounting plugin MobileLauncherProfileWizard
LogPluginManager: Mounting plugin PluginBrowser
LogPluginManager: Mounting plugin SpeedTreeImporter
LogPluginManager: Mounting plugin DatasmithContent
LogPluginManager: Mounting plugin VariantManagerContent
LogPluginManager: Mounting plugin AlembicImporter
LogPluginManager: Mounting plugin AutomationUtils
LogPluginManager: Mounting plugin BackChannel
LogPluginManager: Mounting plugin ChaosCloth
LogPluginManager: Mounting plugin ChaosClothEditor
LogPluginManager: Mounting plugin ChaosEditor
LogPluginManager: Mounting plugin ChaosNiagara
LogPluginManager: Mounting plugin ChaosSolverPlugin
LogPluginManager: Mounting plugin CharacterAI
LogPluginManager: Mounting plugin GeometryCache
LogPluginManager: Mounting plugin GeometryCollectionPlugin
LogPluginManager: Mounting plugin GeometryProcessing
LogPluginManager: Mounting plugin PlanarCut
LogPluginManager: Mounting plugin PlatformCrypto
LogPluginManager: Mounting plugin ProxyLODPlugin
LogPluginManager: Mounting plugin SkeletalReduction
LogPluginManager: Mounting plugin Niagara
LogPluginManager: Mounting plugin MagicLeap
LogPluginManager: Mounting plugin MagicLeapLightEstimation
LogPluginManager: Mounting plugin MagicLeapMedia
LogPluginManager: Mounting plugin MagicLeapPassableWorld
LogPluginManager: Mounting plugin MLSDK
LogPluginManager: Mounting plugin AndroidMedia
LogPluginManager: Mounting plugin AvfMedia
LogPluginManager: Mounting plugin ImgMedia
LogPluginManager: Mounting plugin MediaCompositing
LogPluginManager: Mounting plugin MediaPlayerEditor
LogPluginManager: Mounting plugin WebMMedia
LogPluginManager: Mounting plugin WmfMedia
LogPluginManager: Mounting plugin MeshPainting
LogPluginManager: Mounting plugin TcpMessaging
LogPluginManager: Mounting plugin UdpMessaging
LogPluginManager: Mounting plugin ActorSequence
LogPluginManager: Mounting plugin LevelSequenceEditor
LogPluginManager: Mounting plugin MatineeToLevelSequence
LogPluginManager: Mounting plugin MovieRenderPipeline
LogPluginManager: Mounting plugin TemplateSequence
LogPluginManager: Mounting plugin NetcodeUnitTest
LogPluginManager: Mounting plugin NUTUnrealEngine4
LogPluginManager: Mounting plugin OnlineSubsystemGooglePlay
LogPluginManager: Mounting plugin OnlineSubsystemIOS
LogPluginManager: Mounting plugin OnlineSubsystem
LogPluginManager: Mounting plugin OnlineSubsystemNull
LogPluginManager: Mounting plugin OnlineSubsystemUtils
LogPluginManager: Mounting plugin LauncherChunkInstaller
LogPluginManager: Mounting plugin AndroidDeviceProfileSelector
LogPluginManager: Mounting plugin AndroidMoviePlayer
LogPluginManager: Mounting plugin AndroidPermission
LogPluginManager: Mounting plugin AppleImageUtils
LogPluginManager: Mounting plugin AppleMoviePlayer
LogPluginManager: Mounting plugin ArchVisCharacter
LogPluginManager: Mounting plugin AssetTags
LogPluginManager: Mounting plugin AudioCapture
LogPluginManager: Mounting plugin CableComponent
LogPluginManager: Mounting plugin CustomMeshComponent
LogPluginManager: Mounting plugin EditableMesh
LogPluginManager: Mounting plugin ExampleDeviceProfileSelector
LogPluginManager: Mounting plugin GoogleCloudMessaging
LogPluginManager: Mounting plugin GooglePAD
LogPluginManager: Mounting plugin IOSDeviceProfileSelector
LogPluginManager: Mounting plugin LinuxDeviceProfileSelector
LogPluginManager: Mounting plugin LocationServicesBPLibrary
LogPluginManager: Mounting plugin MobilePatchingUtils
LogPluginManager: Mounting plugin OculusVR
LogPluginManager: Mounting plugin PhysXVehicles
LogPluginManager: Mounting plugin PostSplashScreen
LogPluginManager: Mounting plugin ProceduralMeshComponent
LogPluginManager: Mounting plugin RuntimePhysXCooking
LogPluginManager: Mounting plugin SignificanceManager
LogPluginManager: Mounting plugin SoundFields
LogPluginManager: Mounting plugin SteamVR
LogPluginManager: Mounting plugin Synthesis
LogPluginManager: Mounting plugin WebMMoviePlayer
LogPluginManager: Mounting plugin WindowsMoviePlayer
LogPluginManager: Mounting plugin ScreenshotTools
LogInit: Using libcurl 7.55.1-DEV
LogInit:  - built for x86_64-pc-win32
LogInit:  - supports SSL with OpenSSL/1.1.1
LogInit:  - supports HTTP deflate (compression) using libz 1.2.8
LogInit:  - other features:
LogInit:      CURL_VERSION_SSL
LogInit:      CURL_VERSION_LIBZ
LogInit:      CURL_VERSION_IPV6
LogInit:      CURL_VERSION_ASYNCHDNS
LogInit:      CURL_VERSION_LARGEFILE
LogInit:      CURL_VERSION_IDN
LogInit:  CurlRequestOptions (configurable via config and command line):
LogInit:  - bVerifyPeer = true  - Libcurl will verify peer certificate
LogInit:  - bUseHttpProxy = false  - Libcurl will NOT use HTTP proxy
LogInit:  - bDontReuseConnections = false  - Libcurl will reuse connections
LogInit:  - MaxHostConnections = 16  - Libcurl will limit the number of connections to a host
LogInit:  - LocalHostAddr = Default
LogInit:  - BufferSize = 65536
LogOnline: OSS: Creating online subsystem instance for: NULL
LogInit: WinSock: version 1.1 (2.2), MaxSocks=32767, MaxUdp=65467
LogOnline: OSS: TryLoadSubsystemAndSetDefault: Loaded subsystem for module [NULL]
LogInit: Build: ++UE4+Release-4.25-CL-14469661
LogInit: Engine Version: 4.25.4-14469661+++UE4+Release-4.25
LogInit: Compatible Engine Version: 4.25.0-13144385+++UE4+Release-4.25
LogInit: Net CL: 13144385
LogInit: OS: Windows 10 (Release 2009) (), CPU: Intel(R) Core(TM) i5-9400F CPU @ 2.90GHz, GPU: NVIDIA GeForce GTX 1650
LogInit: Compiled (64-bit): Oct 11 2020 08:10:49
LogInit: Compiled with Visual C++: 19.24.28315.00
LogInit: Build Configuration: Development
LogInit: Branch Name: ++UE4+Release-4.25
LogInit: Command Line: 
LogInit: Base Directory: D:/Program Files/Epic Games/UE_4.25/Engine/Binaries/Win64/
LogInit: Allocator: TBB
LogInit: Installed Engine Build: 1
LogDevObjectVersion: Number of dev versions registered: 26
LogDevObjectVersion:   Dev-Blueprints (B0D832E4-1F89-4F0D-ACCF-7EB736FD4AA2): 10
LogDevObjectVersion:   Dev-Build (E1C64328-A22C-4D53-A36C-8E866417BD8C): 0
LogDevObjectVersion:   Dev-Core (375EC13C-06E4-48FB-B500-84F0262A717E): 4
LogDevObjectVersion:   Dev-Editor (E4B068ED-F494-42E9-A231-DA0B2E46BB41): 38
LogDevObjectVersion:   Dev-Framework (CFFC743F-43B0-4480-9391-14DF171D2073): 37
LogDevObjectVersion:   Dev-Mobile (B02B49B5-BB20-44E9-A304-32B752E40360): 2
LogDevObjectVersion:   Dev-Networking (A4E4105C-59A1-49B5-A7C5-40C4547EDFEE): 0
LogDevObjectVersion:   Dev-Online (39C831C9-5AE6-47DC-9A44-9C173E1C8E7C): 0
LogDevObjectVersion:   Dev-Physics (78F01B33-EBEA-4F98-B9B4-84EACCB95AA2): 4
LogDevObjectVersion:   Dev-Platform (6631380F-2D4D-43E0-8009-CF276956A95A): 0
LogDevObjectVersion:   Dev-Rendering (12F88B9F-8875-4AFC-A67C-D90C383ABD29): 43
LogDevObjectVersion:   Dev-Sequencer (7B5AE74C-D270-4C10-A958-57980B212A5A): 12
LogDevObjectVersion:   Dev-VR (D7296918-1DD6-4BDD-9DE2-64A83CC13884): 3
LogDevObjectVersion:   Dev-LoadTimes (C2A15278-BFE7-4AFE-6C17-90FF531DF755): 1
LogDevObjectVersion:   Private-Geometry (6EACA3D4-40EC-4CC1-B786-8BED09428FC5): 3
LogDevObjectVersion:   Dev-AnimPhys (29E575DD-E0A3-4627-9D10-D276232CDCEA): 17
LogDevObjectVersion:   Dev-Anim (AF43A65D-7FD3-4947-9873-3E8ED9C1BB05): 7
LogDevObjectVersion:   Dev-ReflectionCapture (6B266CEC-1EC7-4B8F-A30B-E4D90942FC07): 1
LogDevObjectVersion:   Dev-Automation (0DF73D61-A23F-47EA-B727-89E90C41499A): 1
LogDevObjectVersion:   FortniteMain (601D1886-AC64-4F84-AA16-D3DE0DEAC7D6): 31
LogDevObjectVersion:   Dev-Enterprise (9DFFBCD6-494F-0158-E221-12823C92A888): 10
LogDevObjectVersion:   Dev-Niagara (F2AED0AC-9AFE-416F-8664-AA7FFA26D6FC): 1
LogDevObjectVersion:   Dev-Destruction (174F1F0B-B4C6-45A5-B13F-2EE8D0FB917D): 10
LogDevObjectVersion:   Dev-Physics-Ext (35F94A83-E258-406C-A318-09F59610247C): 37
LogDevObjectVersion:   Dev-PhysicsMaterial-Chaos (B68FC16E-8B1B-42E2-B453-215C058844FE): 1
LogDevObjectVersion:   Dev-CineCamera (B2E18506-4273-CFC2-A54E-F4BB758BBA07): 1
LogInit: Presizing for max 25165824 objects, including 0 objects not considered by GC, pre-allocating 0 bytes for permanent pool.
LogConfig: Applying CVar settings from Section [/Script/Engine.StreamingSettings] File [D:/Documents/GitHub/Anny/Saved/Config/Windows/Engine.ini]
LogConfig: Setting CVar [[s.MinBulkDataSizeForAsyncLoading:131072]]
LogConfig: Setting CVar [[s.AsyncLoadingThreadEnabled:0]]
LogConfig: Setting CVar [[s.EventDrivenLoaderEnabled:1]]
LogConfig: Setting CVar [[s.WarnIfTimeLimitExceeded:0]]
LogConfig: Setting CVar [[s.TimeLimitExceededMultiplier:1.5]]
LogConfig: Setting CVar [[s.TimeLimitExceededMinTime:0.005]]
LogConfig: Setting CVar [[s.UseBackgroundLevelStreaming:1]]
LogConfig: Setting CVar [[s.PriorityAsyncLoadingExtraTime:15.0]]
LogConfig: Setting CVar [[s.LevelStreamingActorsUpdateTimeLimit:5.0]]
LogConfig: Setting CVar [[s.PriorityLevelStreamingActorsUpdateExtraTime:5.0]]
LogConfig: Setting CVar [[s.LevelStreamingComponentsRegistrationGranularity:10]]
LogConfig: Setting CVar [[s.UnregisterComponentsTimeLimit:1.0]]
LogConfig: Setting CVar [[s.LevelStreamingComponentsUnregistrationGranularity:5]]
LogConfig: Setting CVar [[s.FlushStreamingOnExit:1]]
LogInit: Object subsystem initialized
LogConfig: Setting CVar [[con.DebugEarlyDefault:1]]
LogConfig: Setting CVar [[r.setres:1280x720]]
[2021.05.28-21.35.24:931][  0]LogConfig: Setting CVar [[r.VSync:0]]
[2021.05.28-21.35.24:931][  0]LogConfig: Setting CVar [[r.RHICmdBypass:0]]
[2021.05.28-21.35.24:931][  0]LogConfig: Applying CVar settings from Section [/Script/Engine.RendererSettings] File [D:/Documents/GitHub/Anny/Saved/Config/Windows/Engine.ini]
[2021.05.28-21.35.24:931][  0]LogConfig: Setting CVar [[r.GPUCrashDebugging:0]]
[2021.05.28-21.35.24:931][  0]LogConfig: Applying CVar settings from Section [/Script/Engine.RendererOverrideSettings] File [D:/Documents/GitHub/Anny/Saved/Config/Windows/Engine.ini]
[2021.05.28-21.35.24:931][  0]LogConfig: Applying CVar settings from Section [/Script/Engine.StreamingSettings] File [D:/Documents/GitHub/Anny/Saved/Config/Windows/Engine.ini]
[2021.05.28-21.35.24:931][  0]LogConfig: Setting CVar [[s.MinBulkDataSizeForAsyncLoading:131072]]
[2021.05.28-21.35.24:931][  0]LogConfig: Setting CVar [[s.AsyncLoadingThreadEnabled:0]]
[2021.05.28-21.35.24:931][  0]LogConfig: Setting CVar [[s.EventDrivenLoaderEnabled:1]]
[2021.05.28-21.35.24:931][  0]LogConfig: Setting CVar [[s.WarnIfTimeLimitExceeded:0]]
[2021.05.28-21.35.24:931][  0]LogConfig: Setting CVar [[s.TimeLimitExceededMultiplier:1.5]]
[2021.05.28-21.35.24:931][  0]LogConfig: Setting CVar [[s.TimeLimitExceededMinTime:0.005]]
[2021.05.28-21.35.24:931][  0]LogConfig: Setting CVar [[s.UseBackgroundLevelStreaming:1]]
[2021.05.28-21.35.24:931][  0]LogConfig: Setting CVar [[s.PriorityAsyncLoadingExtraTime:15.0]]
[2021.05.28-21.35.24:931][  0]LogConfig: Setting CVar [[s.LevelStreamingActorsUpdateTimeLimit:5.0]]
[2021.05.28-21.35.24:931][  0]LogConfig: Setting CVar [[s.PriorityLevelStreamingActorsUpdateExtraTime:5.0]]
[2021.05.28-21.35.24:931][  0]LogConfig: Setting CVar [[s.LevelStreamingComponentsRegistrationGranularity:10]]
[2021.05.28-21.35.24:931][  0]LogConfig: Setting CVar [[s.UnregisterComponentsTimeLimit:1.0]]
[2021.05.28-21.35.24:931][  0]LogConfig: Setting CVar [[s.LevelStreamingComponentsUnregistrationGranularity:5]]
[2021.05.28-21.35.24:931][  0]LogConfig: Setting CVar [[s.FlushStreamingOnExit:1]]
[2021.05.28-21.35.24:931][  0]LogConfig: Applying CVar settings from Section [/Script/Engine.GarbageCollectionSettings] File [D:/Documents/GitHub/Anny/Saved/Config/Windows/Engine.ini]
[2021.05.28-21.35.24:931][  0]LogConfig: Setting CVar [[gc.MaxObjectsNotConsideredByGC:1]]
[2021.05.28-21.35.24:931][  0]LogConfig: Setting CVar [[gc.SizeOfPermanentObjectPool:0]]
[2021.05.28-21.35.24:931][  0]LogConfig: Setting CVar [[gc.FlushStreamingOnGC:0]]
[2021.05.28-21.35.24:931][  0]LogConfig: Setting CVar [[gc.NumRetriesBeforeForcingGC:10]]
[2021.05.28-21.35.24:931][  0]LogConfig: Setting CVar [[gc.AllowParallelGC:1]]
[2021.05.28-21.35.24:931][  0]LogConfig: Setting CVar [[gc.TimeBetweenPurgingPendingKillObjects:61.1]]
[2021.05.28-21.35.24:931][  0]LogConfig: Setting CVar [[gc.MaxObjectsInEditor:25165824]]
[2021.05.28-21.35.24:931][  0]LogConfig: Setting CVar [[gc.IncrementalBeginDestroyEnabled:1]]
[2021.05.28-21.35.24:931][  0]LogConfig: Setting CVar [[gc.CreateGCClusters:1]]
[2021.05.28-21.35.24:931][  0]LogConfig: Setting CVar [[gc.MinGCClusterSize:5]]
[2021.05.28-21.35.24:931][  0]LogConfig: Setting CVar [[gc.ActorClusteringEnabled:0]]
[2021.05.28-21.35.24:931][  0]LogConfig: Setting CVar [[gc.BlueprintClusteringEnabled:0]]
[2021.05.28-21.35.24:931][  0]LogConfig: Setting CVar [[gc.UseDisregardForGCOnDedicatedServers:0]]
[2021.05.28-21.35.24:931][  0]LogConfig: Applying CVar settings from Section [/Script/Engine.NetworkSettings] File [D:/Documents/GitHub/Anny/Saved/Config/Windows/Engine.ini]
[2021.05.28-21.35.24:931][  0]LogConfig: Applying CVar settings from Section [/Script/UnrealEd.CookerSettings] File [D:/Documents/GitHub/Anny/Saved/Config/Windows/Engine.ini]
[2021.05.28-21.35.24:933][  0]LogConfig: Applying CVar settings from Section [ViewDistanceQuality@3] File [D:/Documents/GitHub/Anny/Saved/Config/Windows/Scalability.ini]
[2021.05.28-21.35.24:933][  0]LogConfig: Setting CVar [[r.SkeletalMeshLODBias:0]]
[2021.05.28-21.35.24:933][  0]LogConfig: Setting CVar [[r.ViewDistanceScale:1.0]]
[2021.05.28-21.35.24:933][  0]LogConfig: Applying CVar settings from Section [AntiAliasingQuality@3] File [D:/Documents/GitHub/Anny/Saved/Config/Windows/Scalability.ini]
[2021.05.28-21.35.24:933][  0]LogConfig: Setting CVar [[r.PostProcessAAQuality:4]]
[2021.05.28-21.35.24:933][  0]LogConfig: Applying CVar settings from Section [ShadowQuality@3] File [D:/Documents/GitHub/Anny/Saved/Config/Windows/Scalability.ini]
[2021.05.28-21.35.24:933][  0]LogConfig: Setting CVar [[r.LightFunctionQuality:1]]
[2021.05.28-21.35.24:933][  0]LogConfig: Setting CVar [[r.ShadowQuality:5]]
[2021.05.28-21.35.24:933][  0]LogConfig: Setting CVar [[r.Shadow.CSM.MaxCascades:10]]
[2021.05.28-21.35.24:933][  0]LogConfig: Setting CVar [[r.Shadow.MaxResolution:2048]]
[2021.05.28-21.35.24:933][  0]LogConfig: Setting CVar [[r.Shadow.MaxCSMResolution:2048]]
[2021.05.28-21.35.24:933][  0]LogConfig: Setting CVar [[r.Shadow.RadiusThreshold:0.01]]
[2021.05.28-21.35.24:933][  0]LogConfig: Setting CVar [[r.Shadow.DistanceScale:1.0]]
[2021.05.28-21.35.24:933][  0]LogConfig: Setting CVar [[r.Shadow.CSM.TransitionScale:1.0]]
[2021.05.28-21.35.24:933][  0]LogConfig: Setting CVar [[r.Shadow.PreShadowResolutionFactor:1.0]]
[2021.05.28-21.35.24:933][  0]LogConfig: Setting CVar [[r.DistanceFieldShadowing:1]]
[2021.05.28-21.35.24:933][  0]LogConfig: Setting CVar [[r.DistanceFieldAO:1]]
[2021.05.28-21.35.24:933][  0]LogConfig: Setting CVar [[r.AOQuality:2]]
[2021.05.28-21.35.24:933][  0]LogConfig: Setting CVar [[r.VolumetricFog:1]]
[2021.05.28-21.35.24:933][  0]LogConfig: Setting CVar [[r.VolumetricFog.GridPixelSize:8]]
[2021.05.28-21.35.24:933][  0]LogConfig: Setting CVar [[r.VolumetricFog.GridSizeZ:128]]
[2021.05.28-21.35.24:934][  0]LogConfig: Setting CVar [[r.VolumetricFog.HistoryMissSupersampleCount:4]]
[2021.05.28-21.35.24:934][  0]LogConfig: Setting CVar [[r.LightMaxDrawDistanceScale:1]]
[2021.05.28-21.35.24:934][  0]LogConfig: Setting CVar [[r.CapsuleShadows:1]]
[2021.05.28-21.35.24:934][  0]LogConfig: Applying CVar settings from Section [PostProcessQuality@3] File [D:/Documents/GitHub/Anny/Saved/Config/Windows/Scalability.ini]
[2021.05.28-21.35.24:934][  0]LogConfig: Setting CVar [[r.MotionBlurQuality:4]]
[2021.05.28-21.35.24:934][  0]LogConfig: Setting CVar [[r.AmbientOcclusionMipLevelFactor:0.4]]
[2021.05.28-21.35.24:934][  0]LogConfig: Setting CVar [[r.AmbientOcclusionMaxQuality:100]]
[2021.05.28-21.35.24:934][  0]LogConfig: Setting CVar [[r.AmbientOcclusionLevels:-1]]
[2021.05.28-21.35.24:934][  0]LogConfig: Setting CVar [[r.AmbientOcclusionRadiusScale:1.0]]
[2021.05.28-21.35.24:934][  0]LogConfig: Setting CVar [[r.DepthOfFieldQuality:2]]
[2021.05.28-21.35.24:934][  0]LogConfig: Setting CVar [[r.RenderTargetPoolMin:400]]
[2021.05.28-21.35.24:934][  0]LogConfig: Setting CVar [[r.LensFlareQuality:2]]
[2021.05.28-21.35.24:934][  0]LogConfig: Setting CVar [[r.SceneColorFringeQuality:1]]
[2021.05.28-21.35.24:934][  0]LogConfig: Setting CVar [[r.EyeAdaptationQuality:2]]
[2021.05.28-21.35.24:934][  0]LogConfig: Setting CVar [[r.BloomQuality:5]]
[2021.05.28-21.35.24:934][  0]LogConfig: Setting CVar [[r.FastBlurThreshold:100]]
[2021.05.28-21.35.24:934][  0]LogConfig: Setting CVar [[r.Upscale.Quality:3]]
[2021.05.28-21.35.24:934][  0]LogConfig: Setting CVar [[r.Tonemapper.GrainQuantization:1]]
[2021.05.28-21.35.24:934][  0]LogConfig: Setting CVar [[r.LightShaftQuality:1]]
[2021.05.28-21.35.24:934][  0]LogConfig: Setting CVar [[r.Filter.SizeScale:1]]
[2021.05.28-21.35.24:934][  0]LogConfig: Setting CVar [[r.Tonemapper.Quality:5]]
[2021.05.28-21.35.24:934][  0]LogConfig: Setting CVar [[r.DOF.Gather.AccumulatorQuality:1        ; higher gathering accumulator quality]]
[2021.05.28-21.35.24:934][  0]LogConfig: Setting CVar [[r.DOF.Gather.PostfilterMethod:1          ; Median3x3 postfilering method]]
[2021.05.28-21.35.24:934][  0]LogConfig: Setting CVar [[r.DOF.Gather.EnableBokehSettings:0       ; no bokeh simulation when gathering]]
[2021.05.28-21.35.24:934][  0]LogConfig: Setting CVar [[r.DOF.Gather.RingCount:4                 ; medium number of samples when gathering]]
[2021.05.28-21.35.24:934][  0]LogConfig: Setting CVar [[r.DOF.Scatter.ForegroundCompositing:1    ; additive foreground scattering]]
[2021.05.28-21.35.24:934][  0]LogConfig: Setting CVar [[r.DOF.Scatter.BackgroundCompositing:2    ; additive background scattering]]
[2021.05.28-21.35.24:934][  0]LogConfig: Setting CVar [[r.DOF.Scatter.EnableBokehSettings:1      ; bokeh simulation when scattering]]
[2021.05.28-21.35.24:934][  0]LogConfig: Setting CVar [[r.DOF.Scatter.MaxSpriteRatio:0.1         ; only a maximum of 10% of scattered bokeh]]
[2021.05.28-21.35.24:934][  0]LogConfig: Setting CVar [[r.DOF.Recombine.Quality:1                ; cheap slight out of focus]]
[2021.05.28-21.35.24:934][  0]LogConfig: Setting CVar [[r.DOF.Recombine.EnableBokehSettings:0    ; no bokeh simulation on slight out of focus]]
[2021.05.28-21.35.24:934][  0]LogConfig: Setting CVar [[r.DOF.TemporalAAQuality:1                ; more stable temporal accumulation]]
[2021.05.28-21.35.24:934][  0]LogConfig: Setting CVar [[r.DOF.Kernel.MaxForegroundRadius:0.025]]
[2021.05.28-21.35.24:934][  0]LogConfig: Setting CVar [[r.DOF.Kernel.MaxBackgroundRadius:0.025]]
[2021.05.28-21.35.24:934][  0]LogConfig: Applying CVar settings from Section [TextureQuality@3] File [D:/Documents/GitHub/Anny/Saved/Config/Windows/Scalability.ini]
[2021.05.28-21.35.24:934][  0]LogConfig: Setting CVar [[r.Streaming.MipBias:0]]
[2021.05.28-21.35.24:934][  0]LogConfig: Setting CVar [[r.Streaming.AmortizeCPUToGPUCopy:0]]
[2021.05.28-21.35.24:934][  0]LogConfig: Setting CVar [[r.Streaming.MaxNumTexturesToStreamPerFrame:0]]
[2021.05.28-21.35.24:934][  0]LogConfig: Setting CVar [[r.Streaming.Boost:1]]
[2021.05.28-21.35.24:934][  0]LogConfig: Setting CVar [[r.MaxAnisotropy:8]]
[2021.05.28-21.35.24:934][  0]LogConfig: Setting CVar [[r.VT.MaxAnisotropy:8]]
[2021.05.28-21.35.24:934][  0]LogConfig: Setting CVar [[r.Streaming.LimitPoolSizeToVRAM:0]]
[2021.05.28-21.35.24:934][  0]LogConfig: Setting CVar [[r.Streaming.PoolSize:1000]]
[2021.05.28-21.35.24:934][  0]LogConfig: Setting CVar [[r.Streaming.MaxEffectiveScreenSize:0]]
[2021.05.28-21.35.24:934][  0]LogConfig: Applying CVar settings from Section [EffectsQuality@3] File [D:/Documents/GitHub/Anny/Saved/Config/Windows/Scalability.ini]
[2021.05.28-21.35.24:934][  0]LogConfig: Setting CVar [[r.TranslucencyLightingVolumeDim:64]]
[2021.05.28-21.35.24:934][  0]LogConfig: Setting CVar [[r.RefractionQuality:2]]
[2021.05.28-21.35.24:934][  0]LogConfig: Setting CVar [[r.SSR.Quality:3]]
[2021.05.28-21.35.24:934][  0]LogConfig: Setting CVar [[r.SSR.HalfResSceneColor:0]]
[2021.05.28-21.35.24:934][  0]LogConfig: Setting CVar [[r.SceneColorFormat:4]]
[2021.05.28-21.35.24:934][  0]LogConfig: Setting CVar [[r.DetailMode:2]]
[2021.05.28-21.35.24:934][  0]LogConfig: Setting CVar [[r.TranslucencyVolumeBlur:1]]
[2021.05.28-21.35.24:934][  0]LogConfig: Setting CVar [[r.MaterialQualityLevel:1 ; High quality]]
[2021.05.28-21.35.24:934][  0]LogConfig: Setting CVar [[r.SSS.Scale:1]]
[2021.05.28-21.35.24:934][  0]LogConfig: Setting CVar [[r.SSS.SampleSet:2]]
[2021.05.28-21.35.24:934][  0]LogConfig: Setting CVar [[r.SSS.Quality:1]]
[2021.05.28-21.35.24:934][  0]LogConfig: Setting CVar [[r.SSS.HalfRes:0]]
[2021.05.28-21.35.24:934][  0]LogConfig: Setting CVar [[r.SSGI.Quality:3]]
[2021.05.28-21.35.24:934][  0]LogConfig: Setting CVar [[r.EmitterSpawnRateScale:1.0]]
[2021.05.28-21.35.24:934][  0]LogConfig: Setting CVar [[r.ParticleLightQuality:2]]
[2021.05.28-21.35.24:934][  0]LogConfig: Setting CVar [[r.SkyAtmosphere.AerialPerspectiveLUT.FastApplyOnOpaque:1 ; Always have FastSkyLUT 1 in this case to avoid wrong sky]]
[2021.05.28-21.35.24:934][  0]LogConfig: Setting CVar [[r.SkyAtmosphere.AerialPerspectiveLUT.SampleCountPerSlice:1]]
[2021.05.28-21.35.24:934][  0]LogConfig: Setting CVar [[r.SkyAtmosphere.AerialPerspectiveLUT.DepthResolution:16.0]]
[2021.05.28-21.35.24:934][  0]LogConfig: Setting CVar [[r.SkyAtmosphere.FastSkyLUT:1]]
[2021.05.28-21.35.24:934][  0]LogConfig: Setting CVar [[r.SkyAtmosphere.FastSkyLUT.SampleCountMin:4.0]]
[2021.05.28-21.35.24:934][  0]LogConfig: Setting CVar [[r.SkyAtmosphere.FastSkyLUT.SampleCountMax:32.0]]
[2021.05.28-21.35.24:934][  0]LogConfig: Setting CVar [[r.SkyAtmosphere.SampleCountMin:4.0]]
[2021.05.28-21.35.24:934][  0]LogConfig: Setting CVar [[r.SkyAtmosphere.SampleCountMax:32.0]]
[2021.05.28-21.35.24:934][  0]LogConfig: Setting CVar [[r.SkyAtmosphere.TransmittanceLUT.UseSmallFormat:0]]
[2021.05.28-21.35.24:934][  0]LogConfig: Setting CVar [[r.SkyAtmosphere.TransmittanceLUT.SampleCount:10.0]]
[2021.05.28-21.35.24:934][  0]LogConfig: Setting CVar [[r.SkyAtmosphere.MultiScatteringLUT.SampleCount:15.0]]
[2021.05.28-21.35.24:934][  0]LogConfig: Applying CVar settings from Section [FoliageQuality@3] File [D:/Documents/GitHub/Anny/Saved/Config/Windows/Scalability.ini]
[2021.05.28-21.35.24:934][  0]LogConfig: Setting CVar [[foliage.DensityScale:1.0]]
[2021.05.28-21.35.24:934][  0]LogConfig: Setting CVar [[grass.DensityScale:1.0]]
[2021.05.28-21.35.24:934][  0]LogConfig: Applying CVar settings from Section [ShadingQuality@3] File [D:/Documents/GitHub/Anny/Saved/Config/Windows/Scalability.ini]
[2021.05.28-21.35.24:934][  0]LogConfig: Setting CVar [[r.HairStrands.SkyLighting.SampleCount:16]]
[2021.05.28-21.35.24:934][  0]LogConfig: Setting CVar [[r.HairStrands.SkyLighting.JitterIntegration:0]]
[2021.05.28-21.35.24:934][  0]LogConfig: Setting CVar [[r.HairStrands.SkyAO.SampleCount:16]]
[2021.05.28-21.35.24:934][  0]LogConfig: Setting CVar [[r.HairStrands.DeepShadow.SuperSampling:0]]
[2021.05.28-21.35.24:934][  0]LogConfig: Setting CVar [[r.HairStrands.VisibilityPPLL:0]]
[2021.05.28-21.35.24:934][  0]LogConfig: Setting CVar [[r.HairStrands.RasterizationScale:0.5]]
[2021.05.28-21.35.24:934][  0]LogConfig: Setting CVar [[r.HairStrands.VelocityRasterizationScale:1]]
[2021.05.28-21.35.24:935][  0]LogInit: Selected Device Profile: [Windows]
[2021.05.28-21.35.24:935][  0]LogInit: Applying CVar settings loaded from the selected device profile: [Windows]
[2021.05.28-21.35.24:935][  0]LogHAL: Display: Platform has ~ 12 GB [12816961536 / 17179869184 / 12], which maps to Larger [LargestMinGB=32, LargerMinGB=12, DefaultMinGB=8, SmallerMinGB=6, SmallestMinGB=0)
[2021.05.28-21.35.24:935][  0]LogInit: Going up to parent DeviceProfile []
[2021.05.28-21.35.24:935][  0]LogConfig: Applying CVar settings from Section [ViewDistanceQuality@0] File [D:/Documents/GitHub/Anny/Saved/Config/Windows/Scalability.ini]
[2021.05.28-21.35.24:935][  0]LogConfig: Setting CVar [[r.SkeletalMeshLODBias:2]]
[2021.05.28-21.35.24:935][  0]LogConfig: Setting CVar [[r.ViewDistanceScale:0.4]]
[2021.05.28-21.35.24:935][  0]LogConfig: Applying CVar settings from Section [AntiAliasingQuality@0] File [D:/Documents/GitHub/Anny/Saved/Config/Windows/Scalability.ini]
[2021.05.28-21.35.24:935][  0]LogConfig: Setting CVar [[r.PostProcessAAQuality:0]]
[2021.05.28-21.35.24:935][  0]LogConfig: Applying CVar settings from Section [ShadowQuality@0] File [D:/Documents/GitHub/Anny/Saved/Config/Windows/Scalability.ini]
[2021.05.28-21.35.24:935][  0]LogConfig: Setting CVar [[r.LightFunctionQuality:0]]
[2021.05.28-21.35.24:935][  0]LogConfig: Setting CVar [[r.ShadowQuality:0]]
[2021.05.28-21.35.24:935][  0]LogConfig: Setting CVar [[r.Shadow.CSM.MaxCascades:1]]
[2021.05.28-21.35.24:935][  0]LogConfig: Setting CVar [[r.Shadow.MaxResolution:512]]
[2021.05.28-21.35.24:935][  0]LogConfig: Setting CVar [[r.Shadow.MaxCSMResolution:512]]
[2021.05.28-21.35.24:935][  0]LogConfig: Setting CVar [[r.Shadow.RadiusThreshold:0.06]]
[2021.05.28-21.35.24:935][  0]LogConfig: Setting CVar [[r.Shadow.DistanceScale:0.6]]
[2021.05.28-21.35.24:935][  0]LogConfig: Setting CVar [[r.Shadow.CSM.TransitionScale:0]]
[2021.05.28-21.35.24:935][  0]LogConfig: Setting CVar [[r.Shadow.PreShadowResolutionFactor:0.5]]
[2021.05.28-21.35.24:935][  0]LogConfig: Setting CVar [[r.DistanceFieldShadowing:0]]
[2021.05.28-21.35.24:935][  0]LogConfig: Setting CVar [[r.DistanceFieldAO:0]]
[2021.05.28-21.35.24:935][  0]LogConfig: Setting CVar [[r.VolumetricFog:0]]
[2021.05.28-21.35.24:935][  0]LogConfig: Setting CVar [[r.LightMaxDrawDistanceScale:0]]
[2021.05.28-21.35.24:935][  0]LogConfig: Setting CVar [[r.CapsuleShadows:0]]
[2021.05.28-21.35.24:935][  0]LogConfig: Applying CVar settings from Section [PostProcessQuality@0] File [D:/Documents/GitHub/Anny/Saved/Config/Windows/Scalability.ini]
[2021.05.28-21.35.24:935][  0]LogConfig: Setting CVar [[r.MotionBlurQuality:0]]
[2021.05.28-21.35.24:935][  0]LogConfig: Setting CVar [[r.AmbientOcclusionMipLevelFactor:1.0]]
[2021.05.28-21.35.24:935][  0]LogConfig: Setting CVar [[r.AmbientOcclusionMaxQuality:0]]
[2021.05.28-21.35.24:935][  0]LogConfig: Setting CVar [[r.AmbientOcclusionLevels:0]]
[2021.05.28-21.35.24:935][  0]LogConfig: Setting CVar [[r.AmbientOcclusionRadiusScale:1.2]]
[2021.05.28-21.35.24:935][  0]LogConfig: Setting CVar [[r.DepthOfFieldQuality:0]]
[2021.05.28-21.35.24:935][  0]LogConfig: Setting CVar [[r.RenderTargetPoolMin:300]]
[2021.05.28-21.35.24:935][  0]LogConfig: Setting CVar [[r.LensFlareQuality:0]]
[2021.05.28-21.35.24:935][  0]LogConfig: Setting CVar [[r.SceneColorFringeQuality:0]]
[2021.05.28-21.35.24:935][  0]LogConfig: Setting CVar [[r.EyeAdaptationQuality:0]]
[2021.05.28-21.35.24:935][  0]LogConfig: Setting CVar [[r.BloomQuality:4]]
[2021.05.28-21.35.24:935][  0]LogConfig: Setting CVar [[r.FastBlurThreshold:0]]
[2021.05.28-21.35.24:935][  0]LogConfig: Setting CVar [[r.Upscale.Quality:1]]
[2021.05.28-21.35.24:935][  0]LogConfig: Setting CVar [[r.Tonemapper.GrainQuantization:0]]
[2021.05.28-21.35.24:935][  0]LogConfig: Setting CVar [[r.LightShaftQuality:0]]
[2021.05.28-21.35.24:935][  0]LogConfig: Setting CVar [[r.Filter.SizeScale:0.6]]
[2021.05.28-21.35.24:935][  0]LogConfig: Setting CVar [[r.Tonemapper.Quality:0]]
[2021.05.28-21.35.24:935][  0]LogConfig: Applying CVar settings from Section [TextureQuality@0] File [D:/Documents/GitHub/Anny/Saved/Config/Windows/Scalability.ini]
[2021.05.28-21.35.24:935][  0]LogConfig: Setting CVar [[r.Streaming.MipBias:16]]
[2021.05.28-21.35.24:935][  0]LogConfig: Setting CVar [[r.Streaming.AmortizeCPUToGPUCopy:1]]
[2021.05.28-21.35.24:935][  0]LogConfig: Setting CVar [[r.Streaming.MaxNumTexturesToStreamPerFrame:1]]
[2021.05.28-21.35.24:935][  0]LogConfig: Setting CVar [[r.Streaming.Boost:0.3]]
[2021.05.28-21.35.24:935][  0]LogConfig: Setting CVar [[r.MaxAnisotropy:0]]
[2021.05.28-21.35.24:935][  0]LogConfig: Setting CVar [[r.VT.MaxAnisotropy:4]]
[2021.05.28-21.35.24:935][  0]LogConfig: Setting CVar [[r.Streaming.LimitPoolSizeToVRAM:1]]
[2021.05.28-21.35.24:935][  0]LogConfig: Setting CVar [[r.Streaming.PoolSize:400]]
[2021.05.28-21.35.24:935][  0]LogConfig: Setting CVar [[r.Streaming.MaxEffectiveScreenSize:0]]
[2021.05.28-21.35.24:935][  0]LogConfig: Applying CVar settings from Section [EffectsQuality@0] File [D:/Documents/GitHub/Anny/Saved/Config/Windows/Scalability.ini]
[2021.05.28-21.35.24:935][  0]LogConfig: Setting CVar [[r.TranslucencyLightingVolumeDim:24]]
[2021.05.28-21.35.24:935][  0]LogConfig: Setting CVar [[r.RefractionQuality:0]]
[2021.05.28-21.35.24:935][  0]LogConfig: Setting CVar [[r.SSR.Quality:0]]
[2021.05.28-21.35.24:935][  0]LogConfig: Setting CVar [[r.SSR.HalfResSceneColor:1]]
[2021.05.28-21.35.24:935][  0]LogConfig: Setting CVar [[r.SceneColorFormat:3]]
[2021.05.28-21.35.24:935][  0]LogConfig: Setting CVar [[r.DetailMode:0]]
[2021.05.28-21.35.24:935][  0]LogConfig: Setting CVar [[r.TranslucencyVolumeBlur:0]]
[2021.05.28-21.35.24:935][  0]LogConfig: Setting CVar [[r.MaterialQualityLevel:0 ; Low quality]]
[2021.05.28-21.35.24:935][  0]LogConfig: Setting CVar [[r.SSS.Scale:0]]
[2021.05.28-21.35.24:935][  0]LogConfig: Setting CVar [[r.SSS.SampleSet:0]]
[2021.05.28-21.35.24:935][  0]LogConfig: Setting CVar [[r.SSS.Quality:0]]
[2021.05.28-21.35.24:935][  0]LogConfig: Setting CVar [[r.SSS.HalfRes:1]]
[2021.05.28-21.35.24:935][  0]LogConfig: Setting CVar [[r.SSGI.Quality:0]]
[2021.05.28-21.35.24:935][  0]LogConfig: Setting CVar [[r.EmitterSpawnRateScale:0.125]]
[2021.05.28-21.35.24:935][  0]LogConfig: Setting CVar [[r.ParticleLightQuality:0]]
[2021.05.28-21.35.24:935][  0]LogConfig: Setting CVar [[r.SkyAtmosphere.AerialPerspectiveLUT.FastApplyOnOpaque:1 ; Always have FastSkyLUT 1 in this case to avoid wrong sky]]
[2021.05.28-21.35.24:935][  0]LogConfig: Setting CVar [[r.SkyAtmosphere.AerialPerspectiveLUT.SampleCountPerSlice:1]]
[2021.05.28-21.35.24:935][  0]LogConfig: Setting CVar [[r.SkyAtmosphere.AerialPerspectiveLUT.DepthResolution:8.0]]
[2021.05.28-21.35.24:935][  0]LogConfig: Setting CVar [[r.SkyAtmosphere.FastSkyLUT:1]]
[2021.05.28-21.35.24:935][  0]LogConfig: Setting CVar [[r.SkyAtmosphere.FastSkyLUT.SampleCountMin:2.0]]
[2021.05.28-21.35.24:935][  0]LogConfig: Setting CVar [[r.SkyAtmosphere.FastSkyLUT.SampleCountMax:16.0]]
[2021.05.28-21.35.24:935][  0]LogConfig: Setting CVar [[r.SkyAtmosphere.SampleCountMin:2.0]]
[2021.05.28-21.35.24:935][  0]LogConfig: Setting CVar [[r.SkyAtmosphere.SampleCountMax:16.0]]
[2021.05.28-21.35.24:935][  0]LogConfig: Setting CVar [[r.SkyAtmosphere.TransmittanceLUT.UseSmallFormat:1]]
[2021.05.28-21.35.24:935][  0]LogConfig: Setting CVar [[r.SkyAtmosphere.TransmittanceLUT.SampleCount:10.0]]
[2021.05.28-21.35.24:935][  0]LogConfig: Setting CVar [[r.SkyAtmosphere.MultiScatteringLUT.SampleCount:15.0]]
[2021.05.28-21.35.24:936][  0]LogConfig: Applying CVar settings from Section [FoliageQuality@0] File [D:/Documents/GitHub/Anny/Saved/Config/Windows/Scalability.ini]
[2021.05.28-21.35.24:936][  0]LogConfig: Setting CVar [[foliage.DensityScale:0]]
[2021.05.28-21.35.24:936][  0]LogConfig: Setting CVar [[grass.DensityScale:0]]
[2021.05.28-21.35.24:936][  0]LogConfig: Applying CVar settings from Section [ShadingQuality@0] File [D:/Documents/GitHub/Anny/Saved/Config/Windows/Scalability.ini]
[2021.05.28-21.35.24:936][  0]LogConfig: Setting CVar [[r.HairStrands.SkyLighting.SampleCount:8]]
[2021.05.28-21.35.24:936][  0]LogConfig: Setting CVar [[r.HairStrands.SkyLighting.JitterIntegration:0]]
[2021.05.28-21.35.24:936][  0]LogConfig: Setting CVar [[r.HairStrands.SkyAO.SampleCount:8]]
[2021.05.28-21.35.24:936][  0]LogConfig: Setting CVar [[r.HairStrands.DeepShadow.SuperSampling:0]]
[2021.05.28-21.35.24:936][  0]LogConfig: Setting CVar [[r.HairStrands.VisibilityPPLL:0]]
[2021.05.28-21.35.24:936][  0]LogConfig: Setting CVar [[r.HairStrands.RasterizationScale:0.5]]
[2021.05.28-21.35.24:936][  0]LogConfig: Setting CVar [[r.HairStrands.VelocityRasterizationScale:1]]
[2021.05.28-21.35.24:936][  0]LogConfig: Applying CVar settings from Section [Startup] File [../../../Engine/Config/ConsoleVariables.ini]
[2021.05.28-21.35.24:936][  0]LogConfig: Setting CVar [[net.UseAdaptiveNetUpdateFrequency:0]]
[2021.05.28-21.35.24:936][  0]LogConfig: Setting CVar [[p.chaos.AllowCreatePhysxBodies:1]]
[2021.05.28-21.35.24:936][  0]LogConfig: Setting CVar [[fx.SkipVectorVMBackendOptimizations:1]]
[2021.05.28-21.35.24:936][  0]LogConfig: Applying CVar settings from Section [ConsoleVariables] File [D:/Documents/GitHub/Anny/Saved/Config/Windows/Engine.ini]
[2021.05.28-21.35.24:936][  0]LogInit: Computer: MATEUS
[2021.05.28-21.35.24:936][  0]LogInit: User: Mateus
[2021.05.28-21.35.24:936][  0]LogInit: CPU Page size=4096, Cores=6
[2021.05.28-21.35.24:936][  0]LogInit: High frequency timer resolution =10.000000 MHz
[2021.05.28-21.35.24:936][  0]LogMemory: Memory total: Physical=11.9GB (12GB approx)
[2021.05.28-21.35.24:936][  0]LogMemory: Platform Memory Stats for Windows
[2021.05.28-21.35.24:936][  0]LogMemory: Process Physical Memory: 115.50 MB used, 115.50 MB peak
[2021.05.28-21.35.24:936][  0]LogMemory: Process Virtual Memory: 97.74 MB used, 97.74 MB peak
[2021.05.28-21.35.24:936][  0]LogMemory: Physical Memory: 4200.60 MB used,  8022.61 MB free, 12223.21 MB total
[2021.05.28-21.35.24:936][  0]LogMemory: Virtual Memory: 5140.92 MB used,  134212584.00 MB free, 134217728.00 MB total
[2021.05.28-21.35.24:941][  0]LogWindows: WindowsPlatformFeatures enabled
[2021.05.28-21.35.24:987][  0]LogInit: Physics initialised using underlying interface: PhysX
[2021.05.28-21.35.24:989][  0]LogInit: Overriding language with editor language configuration option (en).
[2021.05.28-21.35.24:989][  0]LogInit: Overriding locale with editor locale configuration option (en).
[2021.05.28-21.35.25:148][  0]LogInit: Setting process to per monitor DPI aware
[2021.05.28-21.35.25:169][  0]LogSlate: New Slate User Created.  User Index 0, Is Virtual User: 0
[2021.05.28-21.35.25:169][  0]LogSlate: Slate User Registered.  User Index 0, Is Virtual User: 0
[2021.05.28-21.35.25:384][  0]LogHMD: Failed to initialize OpenVR with code 110
[2021.05.28-21.35.25:384][  0]LogD3D11RHI: D3D11 min allowed feature level: 11_0
[2021.05.28-21.35.25:384][  0]LogD3D11RHI: D3D11 max allowed feature level: 11_0
[2021.05.28-21.35.25:384][  0]LogD3D11RHI: D3D11 adapters:
[2021.05.28-21.35.25:489][  0]LogD3D11RHI:    0. 'NVIDIA GeForce GTX 1650' (Feature Level 11_0)
[2021.05.28-21.35.25:489][  0]LogD3D11RHI:       3962/0/6111 MB DedicatedVideo/DedicatedSystem/SharedSystem, Outputs:1, VendorId:0x10de
[2021.05.28-21.35.25:492][  0]LogD3D11RHI:    1. 'Microsoft Basic Render Driver' (Feature Level 11_0)
[2021.05.28-21.35.25:492][  0]LogD3D11RHI:       0/0/6111 MB DedicatedVideo/DedicatedSystem/SharedSystem, Outputs:0, VendorId:0x1414
[2021.05.28-21.35.25:492][  0]LogD3D11RHI: Chosen D3D11 Adapter: 0
[2021.05.28-21.35.25:496][  0]LogD3D11RHI: Creating new Direct3DDevice
[2021.05.28-21.35.25:496][  0]LogD3D11RHI:     GPU DeviceId: 0x1f82 (for the marketing name, search the web for "GPU Device Id")
[2021.05.28-21.35.25:496][  0]LogWindows: EnumDisplayDevices:
[2021.05.28-21.35.25:496][  0]LogWindows:    0. 'NVIDIA GeForce GTX 1650' (P:1 D:1)
[2021.05.28-21.35.25:497][  0]LogWindows:    1. 'NVIDIA GeForce GTX 1650' (P:0 D:0)
[2021.05.28-21.35.25:497][  0]LogWindows:    2. 'NVIDIA GeForce GTX 1650' (P:0 D:0)
[2021.05.28-21.35.25:497][  0]LogWindows:    3. 'NVIDIA GeForce GTX 1650' (P:0 D:0)
[2021.05.28-21.35.25:497][  0]LogWindows: DebugString: FoundDriverCount:4 
[2021.05.28-21.35.25:497][  0]LogD3D11RHI:     Adapter Name: NVIDIA GeForce GTX 1650
[2021.05.28-21.35.25:497][  0]LogD3D11RHI:   Driver Version: 466.47 (internal:27.21.14.6647, unified:466.47)
[2021.05.28-21.35.25:497][  0]LogD3D11RHI:      Driver Date: 5-13-2021
[2021.05.28-21.35.25:497][  0]LogRHI: Texture pool is 2773 MB (70% of 3962 MB)
[2021.05.28-21.35.25:576][  0]LogD3D11RHI: RHI has support for 64 bit atomics
[2021.05.28-21.35.25:576][  0]LogD3D11RHI: Async texture creation enabled
[2021.05.28-21.35.25:576][  0]LogD3D11RHI: Array index from any shader is supported
[2021.05.28-21.35.25:607][  0]LogD3D11RHI: GPU Timing Frequency: 1000.000000 (Debug: 2 2)
[2021.05.28-21.35.25:981][  0]LogTargetPlatformManager: Display: Loaded TargetPlatform 'AllDesktop'
[2021.05.28-21.35.26:001][  0]LogTargetPlatformManager: Display: Loaded TargetPlatform 'Android'
[2021.05.28-21.35.26:001][  0]LogTargetPlatformManager: Display: Loaded TargetPlatform 'Android_ASTC'
[2021.05.28-21.35.26:001][  0]LogTargetPlatformManager: Display: Loaded TargetPlatform 'Android_DXT'
[2021.05.28-21.35.26:001][  0]LogTargetPlatformManager: Display: Loaded TargetPlatform 'Android_ETC2'
[2021.05.28-21.35.26:001][  0]LogTargetPlatformManager: Display: Loaded TargetPlatform 'AndroidClient'
[2021.05.28-21.35.26:001][  0]LogTargetPlatformManager: Display: Loaded TargetPlatform 'Android_ASTCClient'
[2021.05.28-21.35.26:001][  0]LogTargetPlatformManager: Display: Loaded TargetPlatform 'Android_DXTClient'
[2021.05.28-21.35.26:001][  0]LogTargetPlatformManager: Display: Loaded TargetPlatform 'Android_ETC2Client'
[2021.05.28-21.35.26:001][  0]LogTargetPlatformManager: Display: Loaded TargetPlatform 'Android_Multi'
[2021.05.28-21.35.26:001][  0]LogTargetPlatformManager: Display: Loaded TargetPlatform 'Android_MultiClient'
[2021.05.28-21.35.26:022][  0]LogTargetPlatformManager: Display: Loaded TargetPlatform 'IOSClient'
[2021.05.28-21.35.26:023][  0]LogTargetPlatformManager: Display: Loaded TargetPlatform 'IOS'
[2021.05.28-21.35.26:032][  0]LogTargetPlatformManager: Display: Loaded TargetPlatform 'Linux'
[2021.05.28-21.35.26:042][  0]LogTargetPlatformManager: Display: Loaded TargetPlatform 'LinuxNoEditor'
[2021.05.28-21.35.26:050][  0]LogTargetPlatformManager: Display: Loaded TargetPlatform 'LinuxClient'
[2021.05.28-21.35.26:059][  0]LogTargetPlatformManager: Display: Loaded TargetPlatform 'LinuxServer'
[2021.05.28-21.35.26:068][  0]LogTargetPlatformManager: Display: Loaded TargetPlatform 'LinuxAArch64NoEditor'
[2021.05.28-21.35.26:077][  0]LogTargetPlatformManager: Display: Loaded TargetPlatform 'LinuxAArch64Client'
[2021.05.28-21.35.26:085][  0]LogTargetPlatformManager: Display: Loaded TargetPlatform 'LinuxAArch64Server'
[2021.05.28-21.35.26:110][  0]LogTargetPlatformManager: Display: Loaded TargetPlatform 'Lumin'
[2021.05.28-21.35.26:110][  0]LogTargetPlatformManager: Display: Loaded TargetPlatform 'LuminClient'
[2021.05.28-21.35.26:125][  0]LogTargetPlatformManager: Display: Loaded TargetPlatform 'TVOSClient'
[2021.05.28-21.35.26:125][  0]LogTargetPlatformManager: Display: Loaded TargetPlatform 'TVOS'
[2021.05.28-21.35.26:134][  0]LogTargetPlatformManager: Display: Loaded TargetPlatform 'WindowsNoEditor'
[2021.05.28-21.35.26:143][  0]LogTargetPlatformManager: Display: Loaded TargetPlatform 'Windows'
[2021.05.28-21.35.26:152][  0]LogTargetPlatformManager: Display: Loaded TargetPlatform 'WindowsClient'
[2021.05.28-21.35.26:161][  0]LogTargetPlatformManager: Display: Loaded TargetPlatform 'WindowsServer'
[2021.05.28-21.35.26:161][  0]LogTargetPlatformManager: Display: Building Assets For Windows
[2021.05.28-21.35.26:168][  0]LogAudioDebug: Display: Lib vorbis DLL was dynamically loaded.
[2021.05.28-21.35.26:223][  0]LogShaderCompilers: Guid format shader working directory is 6 characters bigger than the processId version (../../../../../../Documents/GitHub/Anny/Intermediate/Shaders/WorkingDirectory/11284/).
[2021.05.28-21.35.26:223][  0]LogShaderCompilers: Cleaned the shader compiler working directory 'C:/Users/mateu/AppData/Local/Temp/UnrealShaderWorkingDir/CA04D8BA4B9DF4943BAADE99A614DF9C/'.
[2021.05.28-21.35.26:223][  0]LogXGEController: Cleaning working directory: C:/Users/mateu/AppData/Local/Temp/UnrealXGEWorkingDir/
[2021.05.28-21.35.26:224][  0]LogXGEController: Cannot use XGE Controller as Incredibuild is not installed on this machine.
[2021.05.28-21.35.26:224][  0]LogShaderCompilers: Cannot use XGE Shader Compiler as Incredibuild is not installed on this machine.
[2021.05.28-21.35.26:224][  0]LogShaderCompilers: Display: Using Local Shader Compiler.
[2021.05.28-21.35.26:983][  0]LogDerivedDataCache: Display: Max Cache Size: 512 MB
[2021.05.28-21.35.27:038][  0]LogDerivedDataCache: Loaded boot cache 0.06s 75MB C:/Users/mateu/AppData/Local/UnrealEngine/4.25/DerivedDataCache/Boot.ddc.
[2021.05.28-21.35.27:038][  0]LogDerivedDataCache: Display: Loaded Boot cache: C:/Users/mateu/AppData/Local/UnrealEngine/4.25/DerivedDataCache/Boot.ddc
[2021.05.28-21.35.27:038][  0]LogDerivedDataCache: FDerivedDataBackendGraph:  Pak pak cache file ../../../../../../Documents/GitHub/Anny/DerivedDataCache/DDC.ddp not found, will not use a pak cache.
[2021.05.28-21.35.27:038][  0]LogDerivedDataCache: Unable to find inner node Pak for hierarchical cache Hierarchy.
[2021.05.28-21.35.27:039][  0]LogDerivedDataCache: FDerivedDataBackendGraph:  CompressedPak pak cache file ../../../../../../Documents/GitHub/Anny/DerivedDataCache/Compressed.ddp not found, will not use a pak cache.
[2021.05.28-21.35.27:039][  0]LogDerivedDataCache: Unable to find inner node CompressedPak for hierarchical cache Hierarchy.
[2021.05.28-21.35.27:051][  0]LogDerivedDataCache: Display: Pak cache opened for reading ../../../Engine/DerivedDataCache/Compressed.ddp.
[2021.05.28-21.35.27:051][  0]LogDerivedDataCache: FDerivedDataBackendGraph:  EnterprisePak pak cache file ../../../Enterprise/DerivedDataCache/Compressed.ddp not found, will not use a pak cache.
[2021.05.28-21.35.27:051][  0]LogDerivedDataCache: Unable to find inner node EnterprisePak for hierarchical cache Hierarchy.
[2021.05.28-21.35.27:052][  0]LogDerivedDataCache: Using Local data cache path C:/Users/mateu/AppData/Local/UnrealEngine/Common/DerivedDataCache: Writable
[2021.05.28-21.35.27:052][  0]LogDerivedDataCache: Shared data cache path not found in *engine.ini, will not use an Shared cache.
[2021.05.28-21.35.27:052][  0]LogDerivedDataCache: Unable to find inner node Shared for hierarchical cache Hierarchy.
[2021.05.28-21.35.27:098][  0]LogSlate: Using FreeType 2.10.0
[2021.05.28-21.35.27:098][  0]LogSlate: SlateFontServices - WITH_FREETYPE: 1, WITH_HARFBUZZ: 1
[2021.05.28-21.35.27:126][  0]LogAssetRegistry: FAssetRegistry took 0.0024 seconds to start up
[2021.05.28-21.35.27:337][  0]LogInit: Selected Device Profile: [Windows]
[2021.05.28-21.35.27:444][  0]LogMeshReduction: Using QuadricMeshReduction for automatic static mesh reduction
[2021.05.28-21.35.27:444][  0]LogMeshReduction: Using SimplygonMeshReduction for automatic skeletal mesh reduction
[2021.05.28-21.35.27:444][  0]LogMeshReduction: Using ProxyLODMeshReduction for automatic mesh merging
[2021.05.28-21.35.27:444][  0]LogMeshReduction: No distributed automatic mesh merging module available
[2021.05.28-21.35.27:444][  0]LogMeshMerging: No distributed automatic mesh merging module available
[2021.05.28-21.35.27:458][  0]LogNetVersion: Anny_ 1.0.0, NetCL: 13144385, EngineNetVer: 14, GameNetVer: 0 (Checksum: 136246175)
[2021.05.28-21.35.28:144][  0]LogAISub: UAISubsystem::UAISubsystem AISubsystem (00000179FADB5BC0), frame # 0
[2021.05.28-21.35.28:144][  0]LogAISub: UAISubsystem::UAISubsystem AIPerceptionSystem (00000179FACFF740), frame # 0
[2021.05.28-21.35.28:145][  0]LogAISub: UAISubsystem::UAISubsystem EnvQueryManager (00000179FAD59E00), frame # 0
[2021.05.28-21.35.28:184][  0]LogPackageLocalizationCache: Processed 19 localized package path(s) for 1 prioritized culture(s) in 0.032593 seconds
[2021.05.28-21.35.28:189][  0]LogUObjectArray: 15917 objects as part of root set at end of initial load.
[2021.05.28-21.35.28:189][  0]LogUObjectAllocator: 3965568 out of 0 bytes used by permanent object pool.
[2021.05.28-21.35.28:189][  0]LogUObjectArray: CloseDisregardForGC: 0/0 objects in disregard for GC pool
[2021.05.28-21.35.28:877][  0]LogTcpMessaging: Initializing TcpMessaging bridge
[2021.05.28-21.35.28:881][  0]LogUdpMessaging: Initializing bridge on interface 0.0.0.0:0 to multicast group 230.0.0.1:6666.
[2021.05.28-21.35.28:953][  0]SourceControl: Source control is disabled
[2021.05.28-21.35.29:542][  0]LogVSAccessor: Display: Unable to create Visual Studio setup instance: 80040154
[2021.05.28-21.35.29:542][  0]LogVSAccessor: Display: Unable to create Visual Studio setup instance: 80040154
[2021.05.28-21.35.29:750][  0]LogAndroidPermission: UAndroidPermissionCallbackProxy::GetInstance
[2021.05.28-21.35.29:769][  0]LogAudioCaptureCore: Display: No Audio Capture implementations found. Audio input will be silent.
[2021.05.28-21.35.29:769][  0]LogAudioCaptureCore: Display: No Audio Capture implementations found. Audio input will be silent.
[2021.05.28-21.35.29:813][  0]LogOcInput: OculusInput pre-init called
[2021.05.28-21.35.29:822][  0]LogWindows: Failed to load 'OVRPlugin.dll' (GetLastError=126)
[2021.05.28-21.35.29:822][  0]LogWindows: File 'OVRPlugin.dll' does not exist
[2021.05.28-21.35.29:878][  0]LogEngine: Initializing Engine...
[2021.05.28-21.35.29:879][  0]LogHMD: Failed to initialize OpenVR with code 110
[2021.05.28-21.35.29:879][  0]LogMagicLeap: Warning: VR disabled because ZI is not enabled.  To enable, in the editor, Edit -> Project Settings -> Plugins -> Magic Leap Plugin -> Enable Zero Iteration
[2021.05.28-21.35.29:880][  0]LogStats: UGameplayTagsManager::InitializeManager -  0.000 s
[2021.05.28-21.35.30:005][  0]LogInit: Initializing FReadOnlyCVARCache
[2021.05.28-21.35.30:013][  0]LogAIModule: Creating AISystem for world Untitled
[2021.05.28-21.35.30:013][  0]LogAISub: UAISubsystem::UAISubsystem EnvQueryManager (00000179FC554600), frame # 0
[2021.05.28-21.35.30:013][  0]LogAISub: UAISubsystem::UAISubsystem AIPerceptionSystem (00000179FC571080), frame # 0
[2021.05.28-21.35.30:036][  0]LogAudioMixer: Display: Audio Mixer Platform Settings:
[2021.05.28-21.35.30:036][  0]LogAudioMixer: Display: 	Sample Rate:						  48000
[2021.05.28-21.35.30:036][  0]LogAudioMixer: Display: 	Callback Buffer Frame Size Requested: 1024
[2021.05.28-21.35.30:036][  0]LogAudioMixer: Display: 	Callback Buffer Frame Size To Use:	  1024
[2021.05.28-21.35.30:036][  0]LogAudioMixer: Display: 	Number of buffers to queue:			  2
[2021.05.28-21.35.30:036][  0]LogAudioMixer: Display: 	Max Channels (voices):				  32
[2021.05.28-21.35.30:036][  0]LogAudioMixer: Display: 	Number of Async Source Workers:		  0
[2021.05.28-21.35.30:036][  0]LogAudio: Display: AudioDevice MaxSources: 32
[2021.05.28-21.35.30:036][  0]LogAudio: Display: Using built-in audio occlusion.
[2021.05.28-21.35.30:036][  0]LogAudioMixer: Display: Initializing audio mixer.
[2021.05.28-21.35.30:046][  0]LogAudioMixer: Display: 0: FrontLeft
[2021.05.28-21.35.30:046][  0]LogAudioMixer: Display: 1: FrontRight
[2021.05.28-21.35.30:095][  0]LogAudioMixer: Display: Using Audio Device Alto-falantes (Realtek(R) Audio)
[2021.05.28-21.35.30:101][  0]LogAudioMixer: Display: Initializing Sound Submixes...
[2021.05.28-21.35.30:103][  0]LogAudioMixer: Display: Creating Master Submix 'MasterSubmixDefault'
[2021.05.28-21.35.30:103][  0]LogAudioMixer: Display: Creating Master Submix 'MasterReverbSubmixDefault'
[2021.05.28-21.35.30:104][  0]LogAudioMixer: Display: Creating Master Submix 'MasterEQSubmixDefault'
[2021.05.28-21.35.30:105][  0]LogInit: FAudioDevice initialized.
[2021.05.28-21.35.30:105][  0]LogNetVersion: Set ProjectVersion to 1.0.0.0. Version Checksum will be recalculated on next use.
[2021.05.28-21.35.30:705][  0]LogDerivedDataCache: Saved boot cache 0.60s 75MB C:/Users/mateu/AppData/Local/UnrealEngine/4.25/DerivedDataCache/Boot.ddc.
[2021.05.28-21.35.30:705][  0]LogInit: Texture streaming: Enabled
[2021.05.28-21.35.30:719][  0]LogEngineSessionManager: EngineSessionManager initialized
[2021.05.28-21.35.30:719][  0]LogEditorSessionSummary: Verbose: Initializing EditorSessionSummaryWriter for editor session tracking
[2021.05.28-21.35.30:721][  0]LogEditorSessionSummary: EditorSessionSummaryWriter initialized
[2021.05.28-21.35.30:761][  0]LogInit: Transaction tracking system initialized
[2021.05.28-21.35.30:779][  0]BlueprintLog: New page: Editor Load
[2021.05.28-21.35.30:839][  0]LocalizationService: Localization service is disabled
[2021.05.28-21.35.30:920][  0]LogVSAccessor: Display: Unable to create Visual Studio setup instance: 80040154
[2021.05.28-21.35.30:920][  0]LogVSAccessor: Display: Unable to create Visual Studio setup instance: 80040154
[2021.05.28-21.35.30:976][  0]LogCook: Display: Max memory allowance for cook 16384mb min free memory 0mb
[2021.05.28-21.35.30:976][  0]LogCook: Display: Mobile HDR setting 1
[2021.05.28-21.35.31:282][  0]LogUnrealEdMisc: Loading editor; pre map load, took 8.701
[2021.05.28-21.35.31:282][  0]Cmd: MAP LOAD FILE="../../../../../../Documents/GitHub/Anny/Content/AnnyGame/Maps/ThirdPersonExampleMap.umap" TEMPLATE=0 SHOWPROGRESS=1 FEATURELEVEL=3
[2021.05.28-21.35.31:282][  0]LightingResults: New page: Lighting Build
[2021.05.28-21.35.31:283][  0]LogWorld: UWorld::CleanupWorld for Untitled, bSessionEnded=true, bCleanupResources=true
[2021.05.28-21.35.31:283][  0]LogSlate: InvalidateAllWidgets triggered.  All widgets were invalidated
[2021.05.28-21.35.31:283][  0]MapCheck: New page: Map Check
[2021.05.28-21.35.31:283][  0]LightingResults: New page: Lighting Build
[2021.05.28-21.35.31:292][  0]LogAISub: UAISubsystem::~UAISubsystem EnvQueryManager (00000179FC554600), frame # 0
[2021.05.28-21.35.31:292][  0]LogAISub: UAISubsystem::~UAISubsystem AIPerceptionSystem (00000179FC571080), frame # 0
[2021.05.28-21.35.31:292][  0]LogUObjectHash: Compacting FUObjectHashTables data took   0.61ms
[2021.05.28-21.35.31:507][  0]LogClass: Warning: Type mismatch in imagem_16_A462E94A4605E8DF8C040E911DDF95A6 of Desc_item - Previous (ObjectProperty) Current(StructProperty) for package:  ../../../../../../Documents/GitHub/Anny/Content/AnnyGame/inventario/Itens/BPC_pocaoCura.uasset
[2021.05.28-21.35.31:709][  0]LogStaticMesh: Building static mesh Espada...
[2021.05.28-21.35.31:747][  0]LogStaticMesh: Built static mesh [0.04s] /Game/AnnyGame/Animacao/Espada.Espada
[2021.05.28-21.35.31:846][  0]LogEditorServer: Finished looking for orphan Actors (0.000 secs)
[2021.05.28-21.35.31:846][  0]LogAIModule: Creating AISystem for world Map
[2021.05.28-21.35.31:846][  0]LogAISub: UAISubsystem::UAISubsystem EnvQueryManager (0000017986D0AC00), frame # 0
[2021.05.28-21.35.31:846][  0]LogAISub: UAISubsystem::UAISubsystem AIPerceptionSystem (00000179872E6700), frame # 0
[2021.05.28-21.35.31:861][  0]LogUObjectHash: Compacting FUObjectHashTables data took   0.82ms
[2021.05.28-21.35.31:862][  0]Cmd: MAP CHECKDEP NOCLEARLOG
[2021.05.28-21.35.31:862][  0]MapCheck: Map check complete: 0 Error(s), 0 Warning(s), took 0.1ms to complete.
[2021.05.28-21.35.31:862][  0]LogFileHelpers: Loading map 'ThirdPersonExampleMap' took 0.580
[2021.05.28-21.35.31:863][  0]LogUnrealEdMisc: Total Editor Startup Time, took 9.283
[2021.05.28-21.35.32:005][  0]LogSlate: Updating window title bar state: overlay mode, drag disabled, window buttons hidden, title bar hidden
[2021.05.28-21.35.32:012][  0]LogSlate: Updating window title bar state: overlay mode, drag disabled, window buttons hidden, title bar hidden
[2021.05.28-21.35.32:019][  0]LogSlate: Updating window title bar state: overlay mode, drag disabled, window buttons hidden, title bar hidden
[2021.05.28-21.35.32:026][  0]LogSlate: Updating window title bar state: overlay mode, drag disabled, window buttons hidden, title bar hidden
[2021.05.28-21.35.32:031][  0]LogCollectionManager: Loaded 0 collections in 0.000932 seconds
[2021.05.28-21.35.32:045][  0]LogFileCache: Scanning file cache for directory 'D:/Documents/GitHub/Anny/Saved/Collections/' took 0.00s
[2021.05.28-21.35.32:045][  0]LogFileCache: Scanning file cache for directory 'D:/Documents/GitHub/Anny/Content/Developers/Mateus/Collections/' took 0.00s
[2021.05.28-21.35.32:045][  0]LogFileCache: Scanning file cache for directory 'D:/Documents/GitHub/Anny/Content/Collections/' took 0.00s
[2021.05.28-21.35.32:045][  0]LogContentBrowser: Native class hierarchy populated in 0.0083 seconds. Added 3427 classes and 821 folders.
[2021.05.28-21.35.32:047][  0]LogContentBrowser: Native class hierarchy updated for 'WidgetCarousel' in 0.0003 seconds. Added 0 classes and 0 folders.
[2021.05.28-21.35.32:136][  0]LogContentBrowser: Native class hierarchy updated for 'AddContentDialog' in 0.0003 seconds. Added 0 classes and 0 folders.
[2021.05.28-21.35.32:137][  0]LogContentBrowser: Native class hierarchy updated for 'SceneOutliner' in 0.0003 seconds. Added 2 classes and 0 folders.
[2021.05.28-21.35.32:268][  0]LogSlate: Took 0.000295 seconds to synchronously load lazily loaded font '../../../Engine/Content/Slate/Fonts/Roboto-Regular.ttf' (155K)
[2021.05.28-21.35.32:270][  0]LogSlate: Took 0.000216 seconds to synchronously load lazily loaded font '../../../Engine/Content/Slate/Fonts/Roboto-Bold.ttf' (160K)
[2021.05.28-21.35.32:273][  0]LogSlate: Took 0.000200 seconds to synchronously load lazily loaded font '../../../Engine/Content/Editor/Slate/Fonts/FontAwesome.ttf' (139K)
[2021.05.28-21.35.32:332][  0]LogRenderer: Reallocating scene render targets to support 1208x532 Format 9 NumSamples 1 (Frame:1).
[2021.05.28-21.35.32:411][  0]LogContentBrowser: Native class hierarchy updated for 'HierarchicalLODOutliner' in 0.0003 seconds. Added 0 classes and 0 folders.
[2021.05.28-21.35.32:411][  0]LogLoad: (Engine Initialization) Total time: 9.83 seconds
[2021.05.28-21.35.32:411][  0]LogLoad: (Engine Initialization) Total Blueprint compile time: 0.00 seconds
[2021.05.28-21.35.32:454][  0]LogAssetRegistry: Asset discovery search completed in 5.3283 seconds
[2021.05.28-21.35.32:457][  0]LogCollectionManager: Fixed up redirectors for 0 collections in 0.000002 seconds (updated 0 objects)
[2021.05.28-21.35.32:469][  0]LogContentStreaming: Texture pool size now 400 MB
[2021.05.28-21.35.32:499][  0]LogSlate: Took 0.000192 seconds to synchronously load lazily loaded font '../../../Engine/Content/Slate/Fonts/Roboto-Light.ttf' (167K)
[2021.05.28-21.35.33:778][  4]LogSlate: Took 0.000729 seconds to synchronously load lazily loaded font '../../../Engine/Content/Slate/Fonts/Roboto-Light.ttf' (167K)
[2021.05.28-21.36.00:833][319]LogAssetEditorSubsystem: Opening Asset editor for Blueprint /Game/AnnyGame/Animacao/DealDamage.DealDamage
[2021.05.28-21.36.00:924][319]LogContentBrowser: Native class hierarchy updated for 'BlueprintGraph' in 0.0005 seconds. Added 125 classes and 0 folders.
[2021.05.28-21.36.01:684][319]LogAssetEditorSubsystem: Opening Asset editor for Blueprint /Game/AnnyGame/Monstros/GoblinMachado.GoblinMachado
[2021.05.28-21.36.02:089][319]LogSlate: Took 0.000264 seconds to synchronously load lazily loaded font '../../../Engine/Content/Slate/Fonts/Roboto-BoldCondensed.ttf' (158K)
[2021.05.28-21.36.02:164][320]LogSlate: Took 0.000254 seconds to synchronously load lazily loaded font '../../../Engine/Content/Slate/Fonts/Roboto-Italic.ttf' (157K)
[2021.05.28-21.36.03:571][461]LogSlate: Window 'DealDamage' being destroyed
[2021.05.28-21.36.31:181][644]LogTemp: Repeating last play command: Selected Viewport
[2021.05.28-21.36.31:195][644]LogPlayLevel: PlayLevel: No blueprints needed recompiling
[2021.05.28-21.36.31:195][644]PIE: New page: PIE session: Map (May 28, 2021, 3:36:31 PM)
[2021.05.28-21.36.31:196][644]LogOnline: OSS: Creating online subsystem instance for: NULL
[2021.05.28-21.36.31:197][644]LogOnline: OSS: TryLoadSubsystemAndSetDefault: Loaded subsystem for module [NULL]
[2021.05.28-21.36.31:197][644]LogPlayLevel: Creating play world package: /Game/AnnyGame/Maps/UEDPIE_0_Map
[2021.05.28-21.36.31:221][644]LogPlayLevel: PIE: StaticDuplicateObject took: (0.023380s)
[2021.05.28-21.36.31:222][644]LogAIModule: Creating AISystem for world Map
[2021.05.28-21.36.31:223][644]LogAISub: UAISubsystem::UAISubsystem EnvQueryManager (0000017A066E5C00), frame # 3644
[2021.05.28-21.36.31:223][644]LogAISub: UAISubsystem::UAISubsystem AIPerceptionSystem (00000179A6098F40), frame # 3644
[2021.05.28-21.36.31:223][644]LogPlayLevel: PIE: World Init took: (0.001408s)
[2021.05.28-21.36.31:223][644]LogPlayLevel: PIE: Created PIE world by copying editor world from /Game/AnnyGame/Maps/Map.Map to /Game/AnnyGame/Maps/UEDPIE_0_Map.Map (0.024989s)
[2021.05.28-21.36.31:249][644]LogUObjectHash: Compacting FUObjectHashTables data took   1.85ms
[2021.05.28-21.36.31:251][644]LogAudioMixer: Display: Audio Mixer Platform Settings:
[2021.05.28-21.36.31:251][644]LogAudioMixer: Display: 	Sample Rate:						  48000
[2021.05.28-21.36.31:251][644]LogAudioMixer: Display: 	Callback Buffer Frame Size Requested: 1024
[2021.05.28-21.36.31:252][644]LogAudioMixer: Display: 	Callback Buffer Frame Size To Use:	  1024
[2021.05.28-21.36.31:252][644]LogAudioMixer: Display: 	Number of buffers to queue:			  2
[2021.05.28-21.36.31:252][644]LogAudioMixer: Display: 	Max Channels (voices):				  32
[2021.05.28-21.36.31:252][644]LogAudioMixer: Display: 	Number of Async Source Workers:		  0
[2021.05.28-21.36.31:252][644]LogAudio: Display: AudioDevice MaxSources: 32
[2021.05.28-21.36.31:252][644]LogAudio: Display: Using built-in audio occlusion.
[2021.05.28-21.36.31:252][644]LogAudioMixer: Display: Initializing audio mixer.
[2021.05.28-21.36.31:256][644]LogAudioMixer: Display: 0: FrontLeft
[2021.05.28-21.36.31:256][644]LogAudioMixer: Display: 1: FrontRight
[2021.05.28-21.36.31:279][644]LogAudioMixer: Display: Using Audio Device Alto-falantes (Realtek(R) Audio)
[2021.05.28-21.36.31:279][644]LogAudioMixer: Display: Initializing Sound Submixes...
[2021.05.28-21.36.31:279][644]LogAudioMixer: Display: Creating Master Submix 'MasterSubmixDefault'
[2021.05.28-21.36.31:279][644]LogAudioMixer: Display: Creating Master Submix 'MasterReverbSubmixDefault'
[2021.05.28-21.36.31:280][644]LogAudioMixer: Display: Creating Master Submix 'MasterEQSubmixDefault'
[2021.05.28-21.36.31:290][644]LogInit: FAudioDevice initialized.
[2021.05.28-21.36.31:297][644]LogLoad: Game class is 'MyGameMode_C'
[2021.05.28-21.36.31:300][644]LogWorld: Bringing World /Game/AnnyGame/Maps/UEDPIE_0_Map.Map up for play (max tick rate 0) at 2021.05.28-18.36.31
[2021.05.28-21.36.31:301][644]LogWorld: Bringing up level for play took: 0.003237
[2021.05.28-21.36.31:301][644]LogOnline: OSS: Creating online subsystem instance for: :Context_4
[2021.05.28-21.36.31:304][644]LogContentBrowser: Native class hierarchy updated for 'MovieSceneCapture' in 0.0004 seconds. Added 20 classes and 0 folders.
[2021.05.28-21.36.31:307][644]PIE: Server logged in
[2021.05.28-21.36.31:308][644]PIE: Play in editor total start time 0.114 seconds.
[2021.05.28-21.36.35:536][109]LogBlueprintUserMessages: [GoblinMachado_9] 48.0
[2021.05.28-21.36.35:544][110]LogBlueprintUserMessages: [GoblinMachado_9] 46.0
[2021.05.28-21.36.35:553][111]LogBlueprintUserMessages: [GoblinMachado_9] 44.0
[2021.05.28-21.36.35:561][112]LogBlueprintUserMessages: [GoblinMachado_9] 42.0
[2021.05.28-21.36.35:569][113]LogBlueprintUserMessages: [GoblinMachado_9] 40.0
[2021.05.28-21.36.35:578][114]LogBlueprintUserMessages: [GoblinMachado_9] 38.0
[2021.05.28-21.36.35:586][115]LogBlueprintUserMessages: [GoblinMachado_9] 36.0
[2021.05.28-21.36.36:336][205]LogBlueprintUserMessages: [GoblinMachado_9] 34.0
[2021.05.28-21.36.36:344][206]LogBlueprintUserMessages: [GoblinMachado_9] 32.0
[2021.05.28-21.36.36:352][207]LogBlueprintUserMessages: [GoblinMachado_9] 30.0
[2021.05.28-21.36.36:361][208]LogBlueprintUserMessages: [GoblinMachado_9] 28.0
[2021.05.28-21.36.36:369][209]LogBlueprintUserMessages: [GoblinMachado_9] 26.0
[2021.05.28-21.36.36:377][210]LogBlueprintUserMessages: [GoblinMachado_9] 24.0
[2021.05.28-21.36.36:385][211]LogBlueprintUserMessages: [GoblinMachado_9] 22.0
[2021.05.28-21.36.36:394][212]LogBlueprintUserMessages: [GoblinMachado_9] 20.0
[2021.05.28-21.36.38:753][495]LogBlueprintUserMessages: [GoblinMachado_9] 18.0
[2021.05.28-21.36.38:762][496]LogBlueprintUserMessages: [GoblinMachado_9] 16.0
[2021.05.28-21.36.38:770][497]LogBlueprintUserMessages: [GoblinMachado_9] 14.0
[2021.05.28-21.36.38:778][498]LogBlueprintUserMessages: [GoblinMachado_9] 12.0
[2021.05.28-21.36.38:786][499]LogBlueprintUserMessages: [GoblinMachado_9] 10.0
[2021.05.28-21.36.38:795][500]LogBlueprintUserMessages: [GoblinMachado_9] 8.0
[2021.05.28-21.36.38:803][501]LogBlueprintUserMessages: [GoblinMachado_9] 6.0
[2021.05.28-21.36.38:811][502]LogBlueprintUserMessages: [GoblinMachado_9] 4.0
[2021.05.28-21.36.42:828][984]LogBlueprintUserMessages: [GoblinMachado_9] 2.0
[2021.05.28-21.36.42:836][985]LogBlueprintUserMessages: [GoblinMachado_9] 0.0
[2021.05.28-21.36.45:244][268]LogSlate: Updating window title bar state: overlay mode, drag disabled, window buttons hidden, title bar hidden
[2021.05.28-21.36.45:244][268]LogWorld: BeginTearingDown for /Game/AnnyGame/Maps/UEDPIE_0_Map
[2021.05.28-21.36.45:244][268]LogWorld: UWorld::CleanupWorld for Map, bSessionEnded=true, bCleanupResources=true
[2021.05.28-21.36.45:245][268]LogSlate: InvalidateAllWidgets triggered.  All widgets were invalidated
[2021.05.28-21.36.45:253][268]LogPlayLevel: Display: Shutting down PIE online subsystems
[2021.05.28-21.36.45:259][268]LogSlate: InvalidateAllWidgets triggered.  All widgets were invalidated
[2021.05.28-21.36.45:309][268]LogSlate: Updating window title bar state: overlay mode, drag disabled, window buttons hidden, title bar hidden
[2021.05.28-21.36.45:320][268]LogAISub: UAISubsystem::~UAISubsystem EnvQueryManager (0000017A066E5C00), frame # 5268
[2021.05.28-21.36.45:320][268]LogAISub: UAISubsystem::~UAISubsystem AIPerceptionSystem (00000179A6098F40), frame # 5268
[2021.05.28-21.36.45:331][268]LogUObjectHash: Compacting FUObjectHashTables data took   3.24ms
[2021.05.28-21.36.45:363][269]LogPlayLevel: Display: Destroying online subsystem :Context_4
[2021.05.28-21.37.27:389][702]LogAssetEditorSubsystem: Opening Asset editor for Blueprint /Game/AnnyGame/BluePrints/Anny.Anny
[2021.05.28-21.38.23:615][769]BlueprintLog: New page: Compile Anny
[2021.05.28-21.38.23:697][769]LogUObjectHash: Compacting FUObjectHashTables data took   3.45ms
[2021.05.28-21.38.23:782][769]LogSlate: Took 0.000193 seconds to synchronously load lazily loaded font '../../../Engine/Content/Slate/Fonts/DroidSansMono.ttf' (77K)
[2021.05.28-21.38.24:208][799]Cmd: OBJ SAVEPACKAGE PACKAGE="/Game/AnnyGame/BluePrints/Anny" FILE="../../../../../../Documents/GitHub/Anny/Content/AnnyGame/BluePrints/Anny.uasset" SILENT=true
[2021.05.28-21.38.24:271][799]LogSavePackage: Moving '../../../../../../Documents/GitHub/Anny/Saved/AnnyB231708F4529DC036110EF87149BE97A.tmp' to '../../../../../../Documents/GitHub/Anny/Content/AnnyGame/BluePrints/Anny.uasset'
[2021.05.28-21.38.24:289][799]AssetCheck: New page: Asset Save: Anny
[2021.05.28-21.38.24:289][799]LogContentValidation: Display: Validating Blueprint /Game/AnnyGame/BluePrints/Anny.Anny
[2021.05.28-21.38.25:058][878]LogUObjectHash: Compacting FUObjectHashTables data took   3.38ms
[2021.05.28-21.39.37:713][421]BlueprintLog: New page: Compile GoblinMachado
[2021.05.28-21.39.37:715][421]LogBlueprint: Warning: [Compiler GoblinMachado] 'Anny' does not inherit from 'Controller' ( Cast To Anny  would always fail).
[2021.05.28-21.39.37:715][421]LogBlueprint: Error: [Compiler GoblinMachado] This blueprint (self) is not a Anny_C, therefore ' Target ' must have a connection.
[2021.05.28-21.39.37:769][421]LogUObjectHash: Compacting FUObjectHashTables data took   3.42ms
[2021.05.28-21.39.48:007][496]BlueprintLog: New page: Compile GoblinMachado
[2021.05.28-21.39.48:009][496]LogBlueprint: Warning: [Compiler GoblinMachado] 'Anny' does not inherit from 'Controller' ( Cast To Anny  would always fail).
[2021.05.28-21.39.48:059][496]LogUObjectHash: Compacting FUObjectHashTables data took   3.26ms
[2021.05.28-21.40.06:078][424]BlueprintLog: New page: Compile GoblinMachado
[2021.05.28-21.40.06:130][424]LogUObjectHash: Compacting FUObjectHashTables data took   3.22ms
[2021.05.28-21.40.07:632][562]Cmd: OBJ SAVEPACKAGE PACKAGE="/Game/AnnyGame/Monstros/GoblinMachado" FILE="../../../../../../Documents/GitHub/Anny/Content/AnnyGame/Monstros/GoblinMachado.uasset" SILENT=true
[2021.05.28-21.40.07:651][562]LogSavePackage: Moving '../../../../../../Documents/GitHub/Anny/Saved/GoblinMachadoFAB420304BB6492D8DCF33995E8B5549.tmp' to '../../../../../../Documents/GitHub/Anny/Content/AnnyGame/Monstros/GoblinMachado.uasset'
[2021.05.28-21.40.07:668][562]AssetCheck: New page: Asset Save: GoblinMachado
[2021.05.28-21.40.07:668][562]LogContentValidation: Display: Validating Blueprint /Game/AnnyGame/Monstros/GoblinMachado.GoblinMachado
[2021.05.28-21.40.08:192][601]Cmd: OBJ SAVEPACKAGE PACKAGE="/Game/AnnyGame/Monstros/GoblinMachado" FILE="../../../../../../Documents/GitHub/Anny/Content/AnnyGame/Monstros/GoblinMachado.uasset" SILENT=true
[2021.05.28-21.40.08:205][601]LogSavePackage: Moving '../../../../../../Documents/GitHub/Anny/Saved/GoblinMachado73968AA840CEDEB73C43008F22417BBC.tmp' to '../../../../../../Documents/GitHub/Anny/Content/AnnyGame/Monstros/GoblinMachado.uasset'
[2021.05.28-21.40.08:216][601]AssetCheck: New page: Asset Save: GoblinMachado
[2021.05.28-21.40.08:216][601]LogContentValidation: Display: Validating Blueprint /Game/AnnyGame/Monstros/GoblinMachado.GoblinMachado
[2021.05.28-21.40.12:420][ 85]LogTemp: Repeating last play command: Selected Viewport
[2021.05.28-21.40.12:434][ 85]LogPlayLevel: PlayLevel: No blueprints needed recompiling
[2021.05.28-21.40.12:434][ 85]PIE: New page: PIE session: Map (May 28, 2021, 3:40:12 PM)
[2021.05.28-21.40.12:434][ 85]LogPlayLevel: Creating play world package: /Game/AnnyGame/Maps/UEDPIE_0_Map
[2021.05.28-21.40.12:455][ 85]LogPlayLevel: PIE: StaticDuplicateObject took: (0.020473s)
[2021.05.28-21.40.12:456][ 85]LogAIModule: Creating AISystem for world Map
[2021.05.28-21.40.12:456][ 85]LogAISub: UAISubsystem::UAISubsystem EnvQueryManager (00000179A6043600), frame # 23085
[2021.05.28-21.40.12:456][ 85]LogAISub: UAISubsystem::UAISubsystem AIPerceptionSystem (0000017A15A9A840), frame # 23085
[2021.05.28-21.40.12:456][ 85]LogPlayLevel: PIE: World Init took: (0.001221s)
[2021.05.28-21.40.12:456][ 85]LogPlayLevel: PIE: Created PIE world by copying editor world from /Game/AnnyGame/Maps/Map.Map to /Game/AnnyGame/Maps/UEDPIE_0_Map.Map (0.021818s)
[2021.05.28-21.40.12:487][ 85]LogUObjectHash: Compacting FUObjectHashTables data took   3.02ms
[2021.05.28-21.40.12:489][ 85]LogAudioMixer: Display: Audio Mixer Platform Settings:
[2021.05.28-21.40.12:489][ 85]LogAudioMixer: Display: 	Sample Rate:						  48000
[2021.05.28-21.40.12:489][ 85]LogAudioMixer: Display: 	Callback Buffer Frame Size Requested: 1024
[2021.05.28-21.40.12:489][ 85]LogAudioMixer: Display: 	Callback Buffer Frame Size To Use:	  1024
[2021.05.28-21.40.12:489][ 85]LogAudioMixer: Display: 	Number of buffers to queue:			  2
[2021.05.28-21.40.12:489][ 85]LogAudioMixer: Display: 	Max Channels (voices):				  32
[2021.05.28-21.40.12:490][ 85]LogAudioMixer: Display: 	Number of Async Source Workers:		  0
[2021.05.28-21.40.12:490][ 85]LogAudio: Display: AudioDevice MaxSources: 32
[2021.05.28-21.40.12:490][ 85]LogAudio: Display: Using built-in audio occlusion.
[2021.05.28-21.40.12:490][ 85]LogAudioMixer: Display: Initializing audio mixer.
[2021.05.28-21.40.12:494][ 85]LogAudioMixer: Display: 0: FrontLeft
[2021.05.28-21.40.12:494][ 85]LogAudioMixer: Display: 1: FrontRight
[2021.05.28-21.40.12:518][ 85]LogAudioMixer: Display: Using Audio Device Alto-falantes (Realtek(R) Audio)
[2021.05.28-21.40.12:518][ 85]LogAudioMixer: Display: Initializing Sound Submixes...
[2021.05.28-21.40.12:518][ 85]LogAudioMixer: Display: Creating Master Submix 'MasterSubmixDefault'
[2021.05.28-21.40.12:518][ 85]LogAudioMixer: Display: Creating Master Submix 'MasterReverbSubmixDefault'
[2021.05.28-21.40.12:518][ 85]LogAudioMixer: Display: Creating Master Submix 'MasterEQSubmixDefault'
[2021.05.28-21.40.12:529][ 85]LogInit: FAudioDevice initialized.
[2021.05.28-21.40.12:540][ 85]LogLoad: Game class is 'MyGameMode_C'
[2021.05.28-21.40.12:542][ 85]LogWorld: Bringing World /Game/AnnyGame/Maps/UEDPIE_0_Map.Map up for play (max tick rate 0) at 2021.05.28-18.40.12
[2021.05.28-21.40.12:543][ 85]LogWorld: Bringing up level for play took: 0.002842
[2021.05.28-21.40.12:543][ 85]LogOnline: OSS: Creating online subsystem instance for: :Context_7
[2021.05.28-21.40.12:547][ 85]PIE: Server logged in
[2021.05.28-21.40.12:548][ 85]PIE: Play in editor total start time 0.114 seconds.
[2021.05.28-21.40.15:762][468]LogBlueprintUserMessages: [GoblinMachado_9] 48.0
[2021.05.28-21.40.15:770][469]LogBlueprintUserMessages: [GoblinMachado_9] 46.0
[2021.05.28-21.40.15:779][470]LogBlueprintUserMessages: [GoblinMachado_9] 44.0
[2021.05.28-21.40.16:270][529]LogBlueprintUserMessages: [GoblinMachado_9] 42.0
[2021.05.28-21.40.16:278][530]LogBlueprintUserMessages: [GoblinMachado_9] 40.0
[2021.05.28-21.40.16:287][531]LogBlueprintUserMessages: [GoblinMachado_9] 38.0
[2021.05.28-21.40.16:295][532]LogBlueprintUserMessages: [GoblinMachado_9] 36.0
[2021.05.28-21.40.16:304][533]LogBlueprintUserMessages: [GoblinMachado_9] 34.0
[2021.05.28-21.40.16:312][534]LogBlueprintUserMessages: [GoblinMachado_9] 32.0
[2021.05.28-21.40.16:320][535]LogBlueprintUserMessages: [GoblinMachado_9] 30.0
[2021.05.28-21.40.16:329][536]LogBlueprintUserMessages: [GoblinMachado_9] 28.0
[2021.05.28-21.40.16:337][537]LogBlueprintUserMessages: [GoblinMachado_9] 26.0
[2021.05.28-21.40.16:345][538]LogBlueprintUserMessages: [GoblinMachado_9] 24.0
[2021.05.28-21.40.16:354][539]LogBlueprintUserMessages: [GoblinMachado_9] 22.0
[2021.05.28-21.40.16:362][540]LogBlueprintUserMessages: [GoblinMachado_9] 20.0
[2021.05.28-21.40.17:244][646]LogBlueprintUserMessages: [GoblinMachado_9] 18.0
[2021.05.28-21.40.17:253][647]LogBlueprintUserMessages: [GoblinMachado_9] 16.0
[2021.05.28-21.40.17:261][648]LogBlueprintUserMessages: [GoblinMachado_9] 14.0
[2021.05.28-21.40.17:270][649]LogBlueprintUserMessages: [GoblinMachado_9] 12.0
[2021.05.28-21.40.17:278][650]LogBlueprintUserMessages: [GoblinMachado_9] 10.0
[2021.05.28-21.40.17:286][651]LogBlueprintUserMessages: [GoblinMachado_9] 8.0
[2021.05.28-21.40.17:295][652]LogBlueprintUserMessages: [GoblinMachado_9] 6.0
[2021.05.28-21.40.18:278][770]LogBlueprintUserMessages: [GoblinMachado_9] 4.0
[2021.05.28-21.40.18:287][771]LogBlueprintUserMessages: [GoblinMachado_9] 2.0
[2021.05.28-21.40.18:295][772]LogBlueprintUserMessages: [GoblinMachado_9] 0.0
[2021.05.28-21.40.20:014][974]LogSlate: Updating window title bar state: overlay mode, drag disabled, window buttons hidden, title bar hidden
[2021.05.28-21.40.20:014][974]LogWorld: BeginTearingDown for /Game/AnnyGame/Maps/UEDPIE_0_Map
[2021.05.28-21.40.20:014][974]LogWorld: UWorld::CleanupWorld for Map, bSessionEnded=true, bCleanupResources=true
[2021.05.28-21.40.20:014][974]LogSlate: InvalidateAllWidgets triggered.  All widgets were invalidated
[2021.05.28-21.40.20:020][974]LogPlayLevel: Display: Shutting down PIE online subsystems
[2021.05.28-21.40.20:025][974]LogSlate: InvalidateAllWidgets triggered.  All widgets were invalidated
[2021.05.28-21.40.20:068][974]LogSlate: Updating window title bar state: overlay mode, drag disabled, window buttons hidden, title bar hidden
[2021.05.28-21.40.20:070][974]LogAISub: UAISubsystem::~UAISubsystem EnvQueryManager (00000179A6043600), frame # 23974
[2021.05.28-21.40.20:070][974]LogAISub: UAISubsystem::~UAISubsystem AIPerceptionSystem (0000017A15A9A840), frame # 23974
[2021.05.28-21.40.20:072][974]LogUObjectHash: Compacting FUObjectHashTables data took   2.67ms
[2021.05.28-21.40.20:108][975]LogPlayLevel: Display: Destroying online subsystem :Context_7
[2021.05.28-21.41.28:205][ 17]LogEditorViewport: Clicking on Actor (LMB): Landscape (Landscape)
[2021.05.28-21.41.28:855][ 88]LogUObjectHash: Compacting FUObjectHashTables data took   2.59ms
[2021.05.28-21.41.28:984][ 88]Cmd: OBJ SAVEPACKAGE PACKAGE="/Game/AnnyGame/Maps/Map" FILE="../../../../../../Documents/GitHub/Anny/Content/AnnyGame/Maps/Map.umap" SILENT=true AUTOSAVING=false KEEPDIRTY=false
[2021.05.28-21.41.29:010][ 88]LogUObjectHash: Compacting FUObjectHashTables data took   0.67ms
[2021.05.28-21.41.29:094][ 88]LogSavePackage: Moving '../../../../../../Documents/GitHub/Anny/Saved/Map1AD4B12349FABCDD85F6B8B11E06D7E1.tmp' to '../../../../../../Documents/GitHub/Anny/Content/AnnyGame/Maps/Map.umap'
[2021.05.28-21.41.29:120][ 88]LogFileHelpers: Saving map 'Map' took 0.135
[2021.05.28-21.41.29:120][ 88]Cmd: OBJ SAVEPACKAGE PACKAGE="/Game/AnnyGame/Maps/Map_BuiltData" FILE="../../../../../../Documents/GitHub/Anny/Content/AnnyGame/Maps/Map_BuiltData.uasset" SILENT=true
[2021.05.28-21.41.29:357][ 88]LogSavePackage: Moving '../../../../../../Documents/GitHub/Anny/Saved/Map_BuiltData4B720A69432A45DD597C1FB14F64C1CE.tmp' to '../../../../../../Documents/GitHub/Anny/Content/AnnyGame/Maps/Map_BuiltData.uasset'
[2021.05.28-21.41.29:360][ 88]Cmd: OBJ SAVEPACKAGE PACKAGE="/Game/AnnyGame/Maps/Map_BuiltData" FILE="../../../../../../Documents/GitHub/Anny/Content/AnnyGame/Maps/Map_BuiltData.uasset" SILENT=true
[2021.05.28-21.41.29:534][ 88]LogSavePackage: Moving '../../../../../../Documents/GitHub/Anny/Saved/Map_BuiltDataBDF8C3594F591B06A05A119C313A6461.tmp' to '../../../../../../Documents/GitHub/Anny/Content/AnnyGame/Maps/Map_BuiltData.uasset'
[2021.05.28-21.41.29:551][ 88]AssetCheck: New page: Asset Save: multiple assets
[2021.05.28-21.41.29:551][ 88]LogContentValidation: Display: Validating World /Game/AnnyGame/Maps/Map.Map
[2021.05.28-21.41.29:551][ 88]LogContentValidation: Display: Validating MapBuildDataRegistry /Game/AnnyGame/Maps/Map_BuiltData.Map_BuiltData
